{"meta": {"version": "7.3.4", "timestamp": "2025-09-18T22:43:18.414301", "branch_coverage": false, "show_contexts": false}, "files": {"app/__init__.py": {"executed_lines": [0], "summary": {"covered_lines": 0, "num_statements": 0, "percent_covered": 100.0, "percent_covered_display": "100", "missing_lines": 0, "excluded_lines": 0}, "missing_lines": [], "excluded_lines": []}, "app/alerting/__init__.py": {"executed_lines": [], "summary": {"covered_lines": 0, "num_statements": 7, "percent_covered": 0.0, "percent_covered_display": "0", "missing_lines": 7, "excluded_lines": 0}, "missing_lines": [7, 17, 18, 19, 20, 23, 46], "excluded_lines": []}, "app/alerting/alert_system.py": {"executed_lines": [], "summary": {"covered_lines": 0, "num_statements": 448, "percent_covered": 0.0, "percent_covered_display": "0", "missing_lines": 448, "excluded_lines": 0}, "missing_lines": [6, 7, 8, 9, 10, 11, 12, 13, 14, 15, 16, 17, 18, 19, 20, 22, 23, 24, 26, 29, 31, 32, 33, 34, 37, 39, 40, 41, 42, 45, 47, 48, 49, 50, 51, 54, 55, 57, 58, 59, 60, 61, 62, 63, 64, 65, 66, 67, 68, 69, 70, 73, 74, 76, 77, 78, 79, 80, 81, 82, 83, 84, 85, 86, 87, 88, 89, 92, 93, 95, 96, 97, 98, 99, 100, 103, 106, 107, 109, 111, 112, 115, 116, 117, 118, 119, 120, 121, 122, 123, 124, 125, 126, 128, 129, 132, 133, 135, 138, 139, 142, 144, 145, 147, 150, 153, 154, 156, 158, 159, 160, 161, 162, 163, 164, 166, 167, 168, 171, 174, 209, 216, 230, 231, 232, 233, 236, 237, 240, 241, 242, 243, 245, 249, 251, 252, 256, 258, 260, 261, 262, 263, 264, 267, 275, 314, 315, 316, 322, 323, 325, 328, 330, 331, 335, 337, 339, 340, 341, 342, 344, 345, 346, 349, 362, 363, 364, 365, 367, 368, 370, 372, 376, 378, 379, 383, 385, 387, 388, 389, 390, 391, 394, 402, 435, 436, 437, 443, 445, 446, 448, 451, 453, 454, 458, 460, 462, 465, 468, 469, 470, 471, 472, 473, 474, 475, 478, 481, 483, 485, 486, 491, 492, 495, 497, 498, 500, 502, 577, 578, 580, 582, 583, 585, 587, 588, 589, 590, 592, 608, 611, 612, 613, 614, 615, 623, 625, 626, 628, 630, 631, 633, 634, 636, 638, 639, 640, 641, 642, 643, 645, 647, 649, 650, 651, 652, 654, 655, 656, 657, 658, 660, 662, 663, 664, 666, 667, 668, 669, 671, 674, 676, 677, 678, 681, 683, 685, 686, 689, 690, 691, 694, 707, 709, 711, 712, 714, 715, 717, 718, 719, 721, 723, 725, 727, 729, 731, 733, 735, 736, 739, 740, 742, 743, 744, 746, 748, 755, 757, 758, 760, 762, 763, 765, 767, 769, 771, 772, 775, 776, 779, 781, 787, 788, 790, 792, 794, 799, 800, 801, 804, 806, 807, 808, 810, 811, 812, 813, 814, 815, 816, 817, 818, 820, 821, 822, 824, 825, 830, 832, 833, 835, 836, 838, 839, 842, 843, 848, 850, 852, 853, 854, 856, 858, 860, 861, 863, 864, 865, 867, 869, 870, 871, 873, 875, 878, 880, 881, 883, 884, 898, 899, 902, 904, 905, 907, 909, 910, 911, 912, 913, 914, 916, 918, 921, 923, 925, 926, 927, 929, 931, 932, 933, 934, 935, 937, 938, 940, 941, 943, 945, 946, 947, 949, 951, 952, 954, 955, 956, 958, 959, 960, 961, 962, 965, 966, 967, 968, 970, 979, 980, 981, 983, 985, 986, 990, 994, 996, 997, 1000, 1003, 1017, 1018, 1020, 1021, 1023, 1026, 1028], "excluded_lines": []}, "app/alerting/evaluation/__init__.py": {"executed_lines": [], "summary": {"covered_lines": 0, "num_statements": 0, "percent_covered": 100.0, "percent_covered_display": "100", "missing_lines": 0, "excluded_lines": 0}, "missing_lines": [], "excluded_lines": []}, "app/alerting/evaluation/evaluator.py": {"executed_lines": [], "summary": {"covered_lines": 0, "num_statements": 54, "percent_covered": 0.0, "percent_covered_display": "0", "missing_lines": 54, "excluded_lines": 0}, "missing_lines": [6, 7, 8, 10, 12, 15, 18, 19, 21, 23, 24, 27, 28, 29, 30, 31, 32, 33, 34, 35, 36, 37, 38, 40, 41, 44, 45, 47, 50, 51, 54, 56, 57, 59, 61, 63, 66, 67, 68, 69, 70, 71, 73, 75, 89, 91, 92, 94, 96, 98, 99, 100, 102, 103], "excluded_lines": []}, "app/alerting/manager.py": {"executed_lines": [], "summary": {"covered_lines": 0, "num_statements": 188, "percent_covered": 0.0, "percent_covered_display": "0", "missing_lines": 188, "excluded_lines": 0}, "missing_lines": [6, 7, 8, 9, 10, 11, 12, 13, 15, 16, 17, 18, 20, 23, 26, 27, 28, 29, 30, 31, 32, 33, 34, 37, 40, 42, 44, 45, 46, 51, 52, 55, 57, 58, 60, 62, 63, 64, 66, 67, 69, 71, 72, 73, 74, 75, 76, 77, 79, 81, 82, 83, 84, 85, 86, 87, 88, 89, 91, 93, 94, 95, 97, 99, 100, 103, 107, 108, 111, 113, 115, 116, 117, 120, 133, 135, 136, 138, 140, 142, 143, 146, 147, 150, 152, 158, 159, 161, 163, 165, 170, 171, 172, 175, 177, 178, 179, 181, 183, 184, 185, 187, 188, 193, 195, 196, 198, 199, 201, 202, 205, 206, 211, 213, 215, 216, 217, 219, 221, 223, 224, 226, 227, 228, 230, 232, 233, 234, 236, 238, 241, 243, 244, 245, 258, 259, 261, 263, 292, 293, 295, 297, 298, 300, 302, 303, 304, 305, 306, 309, 312, 313, 314, 315, 316, 319, 321, 322, 324, 326, 329, 330, 333, 335, 338, 339, 342, 344, 345, 346, 347, 348, 349, 351, 353, 354, 355, 356, 357, 358, 360, 362, 364, 366, 367, 368, 369, 373], "excluded_lines": []}, "app/alerting/metrics.py": {"executed_lines": [], "summary": {"covered_lines": 0, "num_statements": 60, "percent_covered": 0.0, "percent_covered_display": "0", "missing_lines": 60, "excluded_lines": 0}, "missing_lines": [6, 7, 9, 12, 15, 17, 18, 20, 22, 23, 25, 26, 27, 28, 30, 31, 32, 33, 34, 36, 38, 40, 42, 44, 46, 48, 50, 51, 52, 53, 56, 57, 59, 60, 61, 63, 65, 71, 73, 75, 76, 77, 79, 81, 82, 83, 85, 87, 88, 89, 92, 93, 95, 96, 98, 100, 102, 104, 106, 110], "excluded_lines": []}, "app/alerting/models.py": {"executed_lines": [], "summary": {"covered_lines": 0, "num_statements": 69, "percent_covered": 0.0, "percent_covered_display": "0", "missing_lines": 69, "excluded_lines": 0}, "missing_lines": [6, 7, 8, 9, 12, 14, 15, 16, 17, 20, 22, 23, 24, 25, 28, 30, 31, 32, 33, 34, 37, 38, 40, 41, 42, 43, 44, 45, 46, 47, 48, 49, 50, 51, 52, 53, 56, 57, 59, 60, 61, 62, 63, 64, 65, 66, 67, 68, 69, 70, 71, 72, 75, 76, 78, 79, 80, 81, 82, 83, 86, 87, 89, 90, 91, 92, 93, 94, 95], "excluded_lines": []}, "app/alerting/notification/__init__.py": {"executed_lines": [], "summary": {"covered_lines": 0, "num_statements": 0, "percent_covered": 100.0, "percent_covered_display": "100", "missing_lines": 0, "excluded_lines": 0}, "missing_lines": [], "excluded_lines": []}, "app/alerting/notification/sender.py": {"executed_lines": [], "summary": {"covered_lines": 0, "num_statements": 119, "percent_covered": 0.0, "percent_covered_display": "0", "missing_lines": 119, "excluded_lines": 0}, "missing_lines": [6, 7, 8, 9, 10, 11, 13, 15, 18, 21, 22, 24, 26, 27, 28, 29, 30, 31, 32, 34, 35, 36, 39, 42, 77, 84, 98, 99, 100, 101, 104, 105, 108, 109, 110, 111, 113, 117, 119, 120, 124, 126, 128, 129, 130, 131, 132, 135, 143, 182, 183, 184, 190, 191, 193, 196, 198, 199, 203, 205, 207, 208, 209, 210, 212, 213, 214, 217, 230, 231, 232, 233, 235, 236, 238, 240, 244, 246, 247, 251, 253, 255, 256, 257, 258, 259, 262, 270, 303, 304, 305, 311, 313, 314, 316, 319, 321, 322, 326, 328, 330, 331, 332, 334, 335, 336, 337, 338, 339, 340, 341, 342, 344, 347, 349, 350, 354, 356, 358], "excluded_lines": []}, "app/auth/__init__.py": {"executed_lines": [], "summary": {"covered_lines": 0, "num_statements": 0, "percent_covered": 100.0, "percent_covered_display": "100", "missing_lines": 0, "excluded_lines": 0}, "missing_lines": [], "excluded_lines": []}, "app/auth/router.py": {"executed_lines": [], "summary": {"covered_lines": 0, "num_statements": 205, "percent_covered": 0.0, "percent_covered_display": "0", "missing_lines": 205, "excluded_lines": 0}, "missing_lines": [1, 2, 3, 4, 5, 6, 9, 11, 12, 13, 15, 16, 17, 18, 19, 20, 22, 23, 24, 25, 26, 27, 28, 30, 31, 32, 36, 37, 39, 49, 50, 51, 52, 53, 56, 57, 58, 59, 62, 63, 64, 65, 66, 69, 70, 71, 72, 73, 74, 75, 78, 79, 82, 83, 86, 87, 90, 91, 92, 96, 97, 105, 106, 111, 112, 118, 119, 124, 126, 127, 128, 137, 138, 139, 140, 145, 146, 147, 150, 152, 161, 162, 166, 167, 168, 174, 175, 184, 185, 190, 191, 197, 198, 204, 210, 211, 217, 225, 226, 235, 245, 252, 253, 259, 260, 263, 264, 265, 266, 267, 269, 272, 275, 276, 279, 280, 283, 284, 286, 287, 289, 290, 291, 297, 298, 305, 310, 311, 316, 318, 325, 326, 332, 333, 334, 340, 341, 342, 343, 348, 358, 359, 365, 367, 368, 371, 372, 375, 377, 378, 379, 380, 383, 384, 388, 389, 392, 394, 400, 401, 402, 408, 409, 415, 416, 422, 423, 429, 430, 431, 435, 436, 437, 440, 443, 444, 449, 451, 452, 454, 455, 461, 462, 463, 469, 470, 471, 474, 475, 478, 479, 482, 484, 485, 487, 488, 489, 490, 491, 498, 499, 507, 522, 523, 533], "excluded_lines": []}, "app/auth/router_completed.py": {"executed_lines": [], "summary": {"covered_lines": 0, "num_statements": 195, "percent_covered": 0.0, "percent_covered_display": "0", "missing_lines": 195, "excluded_lines": 0}, "missing_lines": [5, 6, 7, 9, 10, 11, 12, 13, 14, 16, 17, 18, 19, 20, 21, 23, 24, 25, 29, 30, 31, 32, 33, 36, 37, 38, 41, 42, 43, 44, 47, 48, 49, 50, 51, 52, 55, 56, 59, 60, 61, 64, 65, 68, 69, 72, 73, 79, 81, 84, 85, 88, 97, 103, 104, 111, 113, 115, 121, 122, 123, 124, 130, 131, 137, 139, 145, 146, 149, 154, 156, 162, 163, 167, 168, 169, 170, 176, 177, 183, 185, 188, 189, 191, 192, 195, 199, 200, 201, 202, 205, 206, 208, 210, 211, 212, 218, 219, 225, 227, 230, 231, 232, 233, 234, 237, 238, 242, 243, 246, 252, 253, 254, 256, 258, 264, 265, 269, 270, 271, 272, 278, 279, 284, 286, 289, 290, 294, 295, 297, 305, 306, 310, 311, 312, 318, 319, 325, 327, 329, 330, 333, 337, 338, 340, 341, 342, 345, 347, 349, 351, 352, 356, 357, 358, 359, 365, 366, 372, 374, 379, 381, 382, 389, 391, 393, 394, 396, 399, 400, 406, 408, 410, 411, 414, 418, 419, 422, 423, 426, 429, 435, 437, 439, 440, 444, 445, 446, 447, 454, 455, 461, 476, 477, 483], "excluded_lines": []}, "app/beta_auth.py": {"executed_lines": [], "summary": {"covered_lines": 0, "num_statements": 89, "percent_covered": 0.0, "percent_covered_display": "0", "missing_lines": 89, "excluded_lines": 0}, "missing_lines": [6, 7, 8, 9, 10, 11, 12, 13, 14, 15, 16, 17, 19, 22, 29, 30, 34, 35, 37, 38, 40, 41, 42, 43, 45, 46, 47, 49, 50, 51, 52, 54, 55, 56, 57, 58, 60, 62, 64, 66, 68, 70, 71, 72, 73, 75, 76, 78, 85, 86, 87, 89, 91, 92, 98, 99, 105, 106, 115, 117, 119, 126, 127, 128, 129, 130, 135, 136, 137, 139, 141, 142, 143, 149, 150, 156, 161, 164, 165, 171, 173, 178, 179, 180, 181, 182, 187, 188, 190], "excluded_lines": []}, "app/config.py": {"executed_lines": [1, 5, 6, 7, 10, 11, 14, 21, 22, 23, 24, 25, 26, 27, 28, 29, 32, 36, 37, 38, 39, 42, 46, 47, 50, 51, 52, 53, 54, 55, 57, 58, 59, 62, 63, 64, 65, 66, 67, 68, 71, 77, 78, 79, 80, 83, 84, 85, 86, 87, 90, 91, 92, 93, 94, 97, 98, 99, 101, 102, 104, 105, 106, 107, 108, 109, 112, 113, 114, 115, 118, 119, 120, 121, 122, 123, 124, 125, 128, 129, 130, 131, 132, 133, 136, 137, 138, 139, 140, 141, 142, 143, 144, 145, 146, 149, 150, 151, 152, 155, 156, 157, 158, 159, 162, 163, 164, 167, 168, 171, 172, 175, 176, 179, 180, 183, 184, 187, 188, 190, 191, 192, 194, 195, 196, 198, 199, 200, 202, 203, 204, 205, 206, 208, 209, 211, 213, 214, 217, 218, 219, 220, 221, 224, 226, 227, 232, 236], "summary": {"covered_lines": 146, "num_statements": 146, "percent_covered": 100.0, "percent_covered_display": "100", "missing_lines": 0, "excluded_lines": 0}, "missing_lines": [], "excluded_lines": []}, "app/core/__init__.py": {"executed_lines": [0], "summary": {"covered_lines": 0, "num_statements": 0, "percent_covered": 100.0, "percent_covered_display": "100", "missing_lines": 0, "excluded_lines": 0}, "missing_lines": [], "excluded_lines": []}, "app/core/audit_logger.py": {"executed_lines": [], "summary": {"covered_lines": 0, "num_statements": 153, "percent_covered": 0.0, "percent_covered_display": "0", "missing_lines": 153, "excluded_lines": 0}, "missing_lines": [6, 7, 8, 9, 10, 11, 13, 14, 15, 17, 18, 20, 23, 26, 27, 29, 65, 67, 68, 69, 70, 73, 76, 94, 97, 98, 101, 103, 112, 114, 115, 117, 119, 139, 141, 145, 146, 147, 148, 151, 152, 154, 155, 162, 163, 165, 167, 168, 177, 178, 179, 188, 190, 199, 200, 201, 207, 233, 234, 237, 238, 241, 242, 243, 245, 246, 248, 249, 251, 252, 254, 255, 257, 258, 260, 261, 263, 264, 266, 267, 269, 270, 273, 276, 279, 280, 282, 307, 316, 317, 318, 319, 320, 321, 323, 327, 331, 332, 335, 342, 344, 345, 347, 349, 353, 367, 369, 373, 375, 377, 378, 379, 380, 381, 382, 383, 384, 386, 388, 391, 392, 393, 410, 412, 415, 416, 418, 419, 422, 429, 430, 443, 445, 448, 450, 452, 462, 464, 469, 476, 477, 479, 480, 481, 484, 487, 490, 491, 492, 504, 506, 507, 511], "excluded_lines": []}, "app/core/database.py": {"executed_lines": [1, 2, 3, 4, 5, 8, 9, 14, 17, 25, 26, 29, 30, 34, 37, 40, 42, 59, 72, 84], "summary": {"covered_lines": 20, "num_statements": 46, "percent_covered": 43.47826086956522, "percent_covered_display": "43", "missing_lines": 26, "excluded_lines": 0}, "missing_lines": [10, 11, 12, 31, 35, 49, 66, 67, 68, 69, 74, 75, 76, 77, 78, 79, 80, 81, 86, 87, 88, 89, 90, 91, 92, 94], "excluded_lines": []}, "app/core/database_manager.py": {"executed_lines": [1, 6, 7, 8, 9, 11, 12, 13, 14, 15, 17, 19, 22, 23, 25, 26, 27, 28, 29, 31, 92, 102, 103, 123, 166, 188, 194, 195, 204, 208, 215, 221, 226], "summary": {"covered_lines": 31, "num_statements": 111, "percent_covered": 27.92792792792793, "percent_covered_display": "28", "missing_lines": 80, "excluded_lines": 0}, "missing_lines": [33, 34, 37, 44, 46, 47, 54, 55, 57, 58, 60, 62, 69, 70, 71, 73, 74, 75, 84, 85, 86, 88, 89, 90, 94, 95, 96, 97, 98, 99, 100, 105, 106, 108, 109, 110, 111, 112, 113, 114, 115, 116, 117, 118, 119, 121, 125, 126, 128, 129, 136, 138, 139, 141, 142, 149, 155, 156, 157, 162, 164, 168, 169, 171, 172, 181, 182, 184, 186, 190, 191, 192, 198, 199, 200, 210, 211, 217, 223, 228], "excluded_lines": []}, "app/core/error_handling.py": {"executed_lines": [1, 6, 7, 8, 10, 11, 12, 13, 14, 15, 16, 17, 19, 22, 23, 25, 39, 40, 42, 51, 52, 54, 63, 64, 66, 75, 76, 78, 87, 88, 90, 99, 100, 102, 111, 112, 114, 115, 118, 121, 128, 129, 132, 133, 140, 161, 249, 252, 253, 256, 257, 261, 265, 282, 284, 285, 286, 292, 301, 307, 309, 317], "summary": {"covered_lines": 53, "num_statements": 90, "percent_covered": 58.888888888888886, "percent_covered_display": "59", "missing_lines": 37, "excluded_lines": 0}, "missing_lines": [32, 33, 34, 35, 36, 43, 55, 67, 79, 91, 103, 142, 143, 146, 149, 159, 164, 166, 175, 180, 182, 190, 195, 197, 198, 199, 205, 214, 219, 221, 229, 236, 244, 254, 258, 267, 276], "excluded_lines": []}, "app/core/errors.py": {"executed_lines": [], "summary": {"covered_lines": 0, "num_statements": 94, "percent_covered": 0.0, "percent_covered_display": "0", "missing_lines": 94, "excluded_lines": 0}, "missing_lines": [4, 5, 6, 7, 8, 9, 10, 11, 12, 14, 17, 19, 20, 21, 24, 26, 27, 28, 29, 30, 31, 32, 33, 36, 39, 48, 49, 50, 51, 52, 56, 58, 59, 67, 69, 70, 79, 81, 82, 91, 93, 94, 103, 105, 106, 115, 117, 118, 128, 130, 131, 132, 142, 144, 145, 154, 156, 157, 158, 169, 171, 174, 186, 197, 204, 206, 209, 210, 211, 212, 219, 228, 239, 245, 247, 250, 261, 262, 263, 265, 275, 282, 284, 285, 286, 287, 288, 289, 290, 291, 292, 293, 294, 295], "excluded_lines": []}, "app/core/events.py": {"executed_lines": [1, 3, 4, 5, 6, 8, 11, 12, 14, 18, 29, 36, 65], "summary": {"covered_lines": 11, "num_statements": 47, "percent_covered": 23.404255319148938, "percent_covered_display": "23", "missing_lines": 36, "excluded_lines": 0}, "missing_lines": [15, 16, 20, 21, 22, 23, 25, 26, 27, 31, 32, 33, 34, 39, 45, 46, 47, 48, 49, 50, 54, 55, 56, 57, 58, 59, 60, 62, 63, 68, 73, 74, 75, 76, 77, 78], "excluded_lines": []}, "app/core/jwt_manager.py": {"executed_lines": [1, 6, 7, 8, 9, 11, 12, 13, 14, 16, 17, 19, 22, 23, 25, 26, 27, 28, 29, 32, 33, 35, 66, 93, 127, 153, 210, 219, 231, 235, 240, 245, 250, 255], "summary": {"covered_lines": 32, "num_statements": 90, "percent_covered": 35.55555555555556, "percent_covered_display": "36", "missing_lines": 58, "excluded_lines": 0}, "missing_lines": [42, 43, 44, 46, 58, 59, 61, 63, 64, 72, 73, 74, 75, 77, 88, 90, 91, 99, 100, 109, 110, 116, 118, 120, 121, 122, 123, 124, 125, 136, 139, 142, 151, 163, 164, 165, 167, 168, 169, 178, 187, 189, 192, 196, 204, 206, 207, 208, 217, 224, 225, 226, 227, 237, 242, 247, 252, 257], "excluded_lines": []}, "app/core/logging.py": {"executed_lines": [1, 5, 6, 7, 8, 10, 13, 17, 24, 35, 40, 42, 51, 54, 57, 58, 60, 61, 63, 86, 87, 89, 90, 92, 115, 116, 118, 119, 121, 141, 142, 143], "summary": {"covered_lines": 28, "num_statements": 32, "percent_covered": 87.5, "percent_covered_display": "88", "missing_lines": 4, "excluded_lines": 0}, "missing_lines": [37, 74, 103, 130], "excluded_lines": []}, "app/core/performance.py": {"executed_lines": [1, 6, 7, 8, 9, 10, 11, 12, 13, 14, 15, 17, 18, 19, 20, 21, 23, 25, 28, 29, 35, 36, 38, 39, 40, 41, 43, 45, 46, 48, 49, 52, 53, 55, 56, 59, 60, 63, 66, 73, 80, 92, 95, 96, 97, 105, 106, 107, 108, 109, 111, 112, 114, 115, 117, 118, 139, 140, 162, 163, 171, 172, 174, 175, 176, 177, 184, 203, 208, 212, 245, 272, 290, 311, 326, 328, 361, 362, 364, 365, 379, 388, 389], "summary": {"covered_lines": 78, "num_statements": 198, "percent_covered": 39.39393939393939, "percent_covered_display": "39", "missing_lines": 120, "excluded_lines": 0}, "missing_lines": [67, 82, 83, 84, 86, 90, 120, 121, 130, 131, 132, 134, 135, 136, 137, 142, 143, 157, 158, 160, 165, 167, 169, 186, 187, 188, 195, 196, 198, 199, 200, 201, 205, 206, 210, 214, 217, 218, 219, 220, 221, 223, 226, 227, 228, 229, 230, 232, 233, 237, 238, 239, 240, 242, 243, 247, 248, 251, 257, 258, 259, 264, 265, 266, 267, 269, 270, 274, 277, 278, 281, 282, 283, 284, 285, 286, 288, 292, 295, 296, 297, 300, 301, 302, 303, 304, 305, 306, 307, 309, 313, 314, 316, 331, 332, 333, 335, 336, 339, 340, 343, 344, 345, 348, 349, 351, 354, 356, 358, 359, 368, 376, 377, 381, 391, 393, 394, 396, 397, 398], "excluded_lines": []}, "app/core/rbac_engine.py": {"executed_lines": [], "summary": {"covered_lines": 0, "num_statements": 170, "percent_covered": 0.0, "percent_covered_display": "0", "missing_lines": 170, "excluded_lines": 0}, "missing_lines": [6, 7, 8, 9, 10, 11, 12, 14, 21, 23, 26, 28, 29, 30, 31, 32, 33, 34, 35, 36, 39, 41, 42, 43, 44, 45, 46, 47, 50, 53, 54, 55, 57, 80, 82, 83, 84, 85, 88, 89, 90, 92, 95, 96, 98, 101, 104, 107, 108, 111, 112, 115, 116, 119, 120, 124, 126, 127, 128, 130, 138, 139, 140, 142, 143, 144, 146, 148, 157, 161, 163, 172, 176, 180, 188, 193, 203, 205, 212, 215, 216, 219, 222, 223, 225, 227, 235, 236, 238, 241, 244, 246, 247, 250, 251, 254, 255, 258, 261, 263, 265, 271, 273, 280, 283, 284, 287, 288, 291, 292, 294, 296, 308, 309, 310, 313, 314, 318, 320, 332, 333, 337, 340, 343, 344, 346, 354, 355, 356, 358, 359, 361, 362, 368, 376, 377, 383, 388, 390, 391, 393, 396, 397, 398, 399, 400, 402, 403, 408, 414, 415, 420, 422, 423, 426, 429, 437, 453, 468, 483, 484, 488, 489, 493, 496, 503, 504, 514, 516, 517], "excluded_lines": []}, "app/core/redis.py": {"executed_lines": [1, 2, 3, 4, 6, 8, 11, 14, 32, 39, 40, 42, 45, 86, 87, 89, 94, 108, 114, 119], "summary": {"covered_lines": 18, "num_statements": 56, "percent_covered": 32.142857142857146, "percent_covered_display": "32", "missing_lines": 38, "excluded_lines": 0}, "missing_lines": [17, 18, 25, 26, 27, 28, 29, 34, 35, 36, 43, 61, 62, 63, 66, 69, 72, 75, 77, 78, 80, 81, 83, 90, 91, 92, 101, 102, 105, 106, 110, 111, 112, 116, 117, 121, 122, 123], "excluded_lines": []}, "app/core/redis_config.py": {"executed_lines": [1, 3, 4, 5, 6, 8, 10, 11, 13, 27, 28, 39, 41, 72, 81, 82, 84, 88, 99, 115, 132, 169, 210, 221, 228, 233, 239, 249, 260, 272, 281, 291, 310, 343], "summary": {"covered_lines": 31, "num_statements": 155, "percent_covered": 20.0, "percent_covered_display": "20", "missing_lines": 124, "excluded_lines": 0}, "missing_lines": [14, 15, 16, 17, 18, 19, 20, 21, 22, 23, 24, 25, 30, 31, 33, 35, 36, 45, 46, 47, 63, 64, 65, 66, 67, 68, 70, 76, 77, 78, 79, 85, 96, 97, 105, 106, 108, 110, 112, 123, 124, 125, 130, 140, 141, 143, 144, 146, 147, 149, 152, 153, 154, 157, 158, 159, 161, 163, 164, 166, 176, 178, 179, 180, 183, 186, 188, 190, 191, 193, 200, 201, 203, 217, 218, 219, 223, 224, 225, 226, 230, 231, 235, 236, 246, 247, 251, 252, 254, 255, 257, 268, 269, 270, 278, 279, 287, 288, 298, 299, 300, 305, 306, 308, 316, 317, 319, 320, 322, 323, 325, 326, 327, 329, 330, 331, 332, 333, 335, 337, 338, 340, 345, 346], "excluded_lines": []}, "app/core/scalability.py": {"executed_lines": [1, 13, 14, 15, 16, 17, 18, 19, 20, 21, 22, 23, 24, 26, 27, 29, 31, 32, 33, 34, 35, 36, 37, 38, 39, 40, 41, 43, 46, 47, 49, 50, 51, 52, 53, 54, 56, 65, 76, 96, 129, 147, 160, 170, 188, 192, 197, 198, 200, 201, 202, 210, 212, 213, 215, 234, 244, 287, 288, 290, 291, 301, 302, 315, 316, 318, 319, 320, 326, 329, 334, 336, 339, 344, 346, 355, 366, 367, 368, 372, 373, 391, 412, 432, 455, 456, 458, 459, 460, 461, 463, 491], "summary": {"covered_lines": 85, "num_statements": 207, "percent_covered": 41.06280193236715, "percent_covered_display": "41", "missing_lines": 122, "excluded_lines": 0}, "missing_lines": [44, 58, 59, 61, 62, 63, 67, 68, 69, 70, 71, 72, 73, 74, 78, 79, 80, 81, 84, 85, 88, 90, 92, 93, 94, 99, 100, 101, 104, 105, 106, 107, 110, 111, 114, 115, 116, 118, 132, 136, 139, 140, 141, 142, 144, 145, 149, 158, 162, 168, 172, 186, 190, 194, 195, 217, 225, 232, 236, 246, 254, 256, 257, 260, 261, 264, 270, 278, 279, 280, 285, 293, 294, 304, 312, 313, 348, 357, 375, 377, 379, 380, 381, 383, 387, 388, 389, 393, 394, 395, 397, 414, 416, 418, 421, 424, 426, 428, 429, 430, 434, 436, 438, 441, 444, 447, 449, 451, 452, 465, 466, 468, 469, 472, 475, 476, 478, 479, 482, 483, 486, 488], "excluded_lines": []}, "app/core/tenant_context.py": {"executed_lines": [1, 6, 7, 8, 10, 11, 12, 13, 14, 15, 17, 19, 22, 27, 28, 30, 31, 41, 42, 46, 47, 52, 53, 58, 59, 64, 65, 67, 68, 70, 71, 81, 82, 93, 94, 96, 100, 107, 108, 110, 112, 114, 115, 116, 119, 120, 128, 129, 142, 143, 144, 147, 152, 160, 163, 166, 170, 173, 174, 176, 177, 196, 212, 213, 215, 216, 233, 234, 247, 248, 261, 262, 264, 265, 280, 281, 295], "summary": {"covered_lines": 71, "num_statements": 148, "percent_covered": 47.972972972972975, "percent_covered_display": "48", "missing_lines": 77, "excluded_lines": 0}, "missing_lines": [33, 38, 39, 44, 49, 50, 55, 56, 61, 62, 73, 74, 75, 79, 84, 85, 86, 90, 121, 122, 125, 130, 131, 132, 133, 134, 135, 136, 137, 139, 148, 149, 153, 164, 179, 180, 181, 184, 185, 188, 189, 190, 191, 193, 199, 200, 202, 204, 205, 209, 223, 224, 225, 231, 236, 237, 238, 239, 243, 244, 245, 250, 251, 252, 254, 255, 256, 258, 267, 268, 269, 272, 273, 274, 276, 278, 287], "excluded_lines": []}, "app/core/test_config.py": {"executed_lines": [], "summary": {"covered_lines": 0, "num_statements": 164, "percent_covered": 0.0, "percent_covered_display": "0", "missing_lines": 164, "excluded_lines": 0}, "missing_lines": [6, 7, 8, 9, 11, 12, 13, 14, 15, 16, 18, 19, 20, 21, 22, 25, 33, 36, 39, 40, 41, 42, 44, 46, 47, 50, 58, 59, 62, 70, 72, 74, 75, 77, 79, 81, 82, 83, 87, 91, 92, 94, 95, 96, 97, 100, 101, 103, 104, 105, 108, 109, 111, 112, 113, 115, 116, 119, 120, 124, 125, 127, 129, 130, 133, 137, 140, 141, 147, 153, 154, 159, 165, 166, 168, 169, 171, 173, 182, 183, 184, 186, 193, 194, 196, 199, 203, 211, 214, 215, 218, 224, 225, 228, 233, 234, 236, 238, 239, 241, 243, 244, 246, 248, 249, 250, 251, 252, 253, 257, 260, 261, 263, 274, 278, 281, 282, 284, 286, 288, 289, 290, 291, 292, 293, 294, 295, 297, 299, 300, 302, 308, 309, 311, 313, 314, 317, 318, 320, 321, 323, 332, 335, 336, 338, 347, 348, 350, 356, 357, 358, 359, 360, 366, 368, 369, 371, 373, 374, 375, 376, 377, 383, 387], "excluded_lines": []}, "app/core/webhook_dispatcher.py": {"executed_lines": [1, 6, 7, 8, 9, 10, 11, 12, 13, 14, 16, 17, 18, 20, 21, 23, 26, 27, 29, 30, 31, 32, 34, 40, 50, 126, 281, 319, 348, 381, 397, 406, 418, 419, 422, 423, 424, 425, 426, 427, 430, 431, 432, 433, 434, 435, 436, 439, 440, 441, 442, 443, 444, 447, 448, 449, 450, 451, 454, 455, 456, 459, 460, 461, 464, 465, 466, 471, 517, 521], "summary": {"covered_lines": 67, "num_statements": 198, "percent_covered": 33.83838383838384, "percent_covered_display": "34", "missing_lines": 131, "excluded_lines": 0}, "missing_lines": [36, 37, 38, 42, 43, 44, 45, 46, 47, 48, 72, 74, 75, 78, 84, 85, 88, 93, 94, 100, 101, 104, 110, 112, 119, 121, 122, 123, 124, 142, 144, 150, 152, 153, 154, 156, 159, 160, 161, 162, 163, 166, 169, 175, 184, 185, 188, 189, 190, 193, 194, 201, 202, 203, 205, 207, 208, 211, 212, 214, 216, 223, 226, 232, 234, 237, 238, 239, 245, 252, 260, 263, 264, 266, 273, 274, 276, 277, 278, 279, 288, 290, 297, 298, 302, 303, 305, 306, 312, 314, 315, 322, 323, 325, 328, 329, 330, 331, 332, 335, 336, 337, 342, 343, 344, 345, 346, 357, 362, 363, 365, 367, 375, 379, 388, 400, 410, 415, 493, 494, 495, 496, 498, 499, 500, 501, 502, 503, 506, 513, 530], "excluded_lines": []}, "app/database.py": {"executed_lines": [2, 3, 4, 5, 6, 7, 9, 12, 14, 17, 20, 23, 29, 36, 39, 40, 42, 43, 45, 48, 76, 82, 89, 100, 111, 112, 130, 140, 147], "summary": {"covered_lines": 29, "num_statements": 55, "percent_covered": 52.72727272727273, "percent_covered_display": "53", "missing_lines": 26, "excluded_lines": 0}, "missing_lines": [18, 30, 55, 61, 63, 69, 93, 94, 95, 97, 104, 105, 106, 108, 119, 120, 121, 122, 123, 124, 125, 127, 134, 136, 137, 144], "excluded_lines": []}, "app/dependencies.py": {"executed_lines": [1, 7, 8, 9, 10, 11, 13, 14, 15, 16, 18, 21, 53, 67, 76], "summary": {"covered_lines": 14, "num_statements": 40, "percent_covered": 35.0, "percent_covered_display": "35", "missing_lines": 26, "excluded_lines": 0}, "missing_lines": [26, 29, 30, 31, 34, 35, 36, 39, 45, 47, 48, 50, 58, 59, 61, 62, 63, 64, 71, 72, 73, 82, 88, 90, 91, 93], "excluded_lines": []}, "app/exceptions.py": {"executed_lines": [1, 5, 8, 9, 11, 18, 19, 20, 21, 22, 25, 26, 28, 33, 41, 42, 44, 57, 58, 60, 65, 73, 74, 76, 81, 89, 90, 92, 97, 105, 106, 108, 113, 121, 122, 124, 129, 137, 138, 140, 145], "summary": {"covered_lines": 31, "num_statements": 32, "percent_covered": 96.875, "percent_covered_display": "97", "missing_lines": 1, "excluded_lines": 0}, "missing_lines": [49], "excluded_lines": []}, "app/main.py": {"executed_lines": [1, 2, 3, 4, 5, 6, 7, 8, 9, 10, 11, 12, 13, 16, 21, 22, 23, 24, 25, 26, 29, 31, 32, 33, 40, 55, 56, 57, 59, 60, 62, 63, 65, 66, 68, 69, 71, 72, 74, 75, 76, 80, 81, 83, 84, 85, 86, 87, 88, 89, 92, 93, 96, 99, 100, 101, 102, 104, 111, 112, 115, 116, 117, 120, 123, 124, 125, 128, 129, 130, 131, 132, 133, 134, 135, 137, 145, 147, 148, 149, 152, 155, 158, 161, 170, 173, 174, 175, 176, 178, 179, 180, 183, 188, 192, 197, 198, 202, 203, 204, 211, 212, 218, 219, 223, 224, 225, 226, 240, 241, 245, 246, 252, 253, 350, 351, 356, 357, 384, 385, 386, 444, 445, 446, 493, 494, 546, 547, 567, 569, 570, 571, 572, 573, 574, 575, 576, 577, 578, 579, 580, 582, 583, 584, 585, 590, 591, 628, 638, 639], "summary": {"covered_lines": 150, "num_statements": 336, "percent_covered": 44.642857142857146, "percent_covered_display": "45", "missing_lines": 186, "excluded_lines": 0}, "missing_lines": [58, 64, 70, 77, 78, 82, 184, 185, 190, 194, 199, 213, 220, 242, 248, 249, 255, 256, 257, 258, 260, 262, 264, 268, 272, 278, 279, 280, 281, 283, 284, 285, 288, 292, 293, 296, 302, 303, 304, 305, 308, 314, 317, 320, 324, 325, 328, 332, 333, 335, 337, 341, 342, 344, 353, 358, 361, 362, 363, 364, 365, 368, 369, 370, 371, 372, 373, 374, 377, 381, 387, 389, 390, 393, 394, 402, 403, 404, 407, 408, 409, 412, 413, 414, 416, 424, 426, 427, 429, 431, 439, 440, 441, 442, 447, 448, 449, 452, 453, 454, 455, 456, 458, 459, 461, 463, 464, 465, 467, 468, 471, 472, 475, 477, 488, 489, 490, 491, 495, 496, 497, 498, 501, 502, 503, 505, 506, 507, 508, 516, 518, 519, 522, 523, 530, 532, 534, 542, 543, 548, 586, 587, 592, 593, 594, 595, 598, 599, 602, 603, 604, 605, 606, 609, 610, 611, 614, 617, 618, 621, 622, 623, 624, 625, 626, 630, 631, 632, 633, 634, 635, 636, 640, 641, 643, 644, 647, 648, 652, 655, 656, 658, 659, 660, 661, 662], "excluded_lines": []}, "app/middleware/__init__.py": {"executed_lines": [0], "summary": {"covered_lines": 0, "num_statements": 0, "percent_covered": 100.0, "percent_covered_display": "100", "missing_lines": 0, "excluded_lines": 0}, "missing_lines": [], "excluded_lines": []}, "app/middleware/apm_middleware.py": {"executed_lines": [], "summary": {"covered_lines": 0, "num_statements": 200, "percent_covered": 0.0, "percent_covered_display": "0", "missing_lines": 200, "excluded_lines": 0}, "missing_lines": [6, 7, 8, 9, 10, 11, 12, 13, 14, 16, 17, 19, 22, 25, 33, 34, 35, 36, 37, 39, 43, 44, 47, 48, 51, 52, 53, 54, 56, 59, 60, 63, 64, 66, 67, 70, 71, 72, 73, 74, 77, 83, 84, 85, 87, 89, 90, 93, 94, 95, 96, 98, 99, 100, 102, 104, 105, 107, 113, 114, 116, 117, 118, 119, 122, 125, 132, 133, 136, 139, 140, 143, 144, 145, 147, 148, 151, 152, 153, 154, 155, 158, 159, 171, 173, 176, 177, 178, 181, 182, 183, 186, 187, 189, 192, 195, 196, 198, 201, 203, 205, 206, 210, 214, 215, 218, 221, 222, 224, 227, 229, 231, 232, 235, 239, 240, 244, 246, 247, 248, 249, 250, 252, 253, 254, 256, 257, 259, 260, 261, 263, 264, 265, 267, 268, 269, 271, 272, 274, 275, 276, 277, 281, 283, 284, 285, 286, 287, 289, 290, 291, 293, 294, 296, 297, 298, 300, 301, 302, 304, 305, 306, 308, 309, 311, 312, 313, 314, 318, 320, 321, 322, 323, 324, 326, 327, 328, 330, 331, 332, 334, 335, 337, 339, 342, 344, 345, 346, 348, 349, 350, 352, 353, 354, 356, 357, 359, 360, 363, 364], "excluded_lines": []}, "app/middleware/logging_middleware.py": {"executed_lines": [], "summary": {"covered_lines": 0, "num_statements": 150, "percent_covered": 0.0, "percent_covered_display": "0", "missing_lines": 150, "excluded_lines": 0}, "missing_lines": [6, 7, 8, 9, 10, 11, 12, 13, 14, 16, 23, 26, 29, 38, 39, 40, 41, 42, 43, 47, 51, 52, 55, 56, 59, 60, 63, 64, 67, 68, 71, 77, 87, 88, 89, 91, 93, 94, 96, 98, 104, 114, 122, 126, 127, 128, 131, 132, 133, 136, 151, 153, 166, 169, 172, 173, 174, 175, 176, 177, 178, 179, 186, 204, 222, 223, 224, 227, 228, 230, 233, 234, 235, 242, 243, 244, 245, 247, 250, 253, 269, 270, 272, 273, 275, 278, 279, 289, 290, 298, 301, 302, 303, 306, 307, 308, 311, 312, 313, 316, 317, 319, 321, 323, 324, 325, 326, 327, 329, 330, 332, 334, 335, 336, 337, 338, 339, 341, 344, 347, 348, 351, 359, 360, 361, 363, 366, 367, 376, 379, 380, 384, 394, 395, 404, 405, 408, 416, 417, 426, 427, 431, 442, 445, 454, 457, 466, 469, 479, 482], "excluded_lines": []}, "app/middleware/rate_limit.py": {"executed_lines": [1, 5, 6, 7, 8, 9, 11, 12, 13, 14, 15, 17, 18, 20, 23, 24, 25, 26, 33, 34, 42, 50, 51, 55, 56, 57, 58, 61, 73, 80, 84, 88, 89, 90, 93, 95, 96, 104, 113, 114, 115, 122, 124, 135, 136, 138, 145, 147, 149, 153, 154, 155, 159, 161, 170, 173, 174, 175, 178, 183, 185, 187, 190, 191, 197, 200, 205, 207, 208, 211, 218, 221, 222, 223, 224, 225, 227, 235, 236, 237, 245, 251, 254, 255, 256, 259, 265, 278, 282, 283, 286, 287, 291, 292, 296, 300, 301, 305, 306, 315, 319, 322, 325, 332, 334, 336, 340, 341, 344, 345, 349, 352, 355, 357, 358, 360, 365, 371, 372, 376, 385, 412, 435], "summary": {"covered_lines": 119, "num_statements": 175, "percent_covered": 68.0, "percent_covered_display": "68", "missing_lines": 56, "excluded_lines": 0}, "missing_lines": [54, 85, 105, 171, 195, 219, 260, 262, 263, 272, 273, 274, 284, 288, 294, 302, 309, 310, 311, 313, 347, 353, 361, 362, 367, 368, 377, 378, 392, 394, 397, 400, 403, 404, 406, 408, 409, 410, 417, 418, 420, 421, 423, 424, 426, 427, 428, 429, 430, 431, 433, 438, 439, 441, 442, 444], "excluded_lines": []}, "app/middleware/security_headers.py": {"executed_lines": [], "summary": {"covered_lines": 0, "num_statements": 28, "percent_covered": 0.0, "percent_covered_display": "0", "missing_lines": 28, "excluded_lines": 0}, "missing_lines": [2, 3, 4, 5, 6, 8, 11, 14, 15, 16, 18, 20, 23, 24, 25, 26, 29, 30, 35, 49, 50, 51, 53, 56, 62, 63, 66, 68], "excluded_lines": []}, "app/models.py": {"executed_lines": [], "summary": {"covered_lines": 0, "num_statements": 350, "percent_covered": 0.0, "percent_covered_display": "0", "missing_lines": 350, "excluded_lines": 0}, "missing_lines": [5, 6, 7, 8, 9, 10, 11, 14, 17, 18, 19, 20, 21, 24, 25, 26, 27, 30, 31, 32, 33, 34, 37, 38, 39, 40, 41, 42, 43, 44, 47, 48, 49, 50, 51, 58, 59, 61, 62, 63, 64, 65, 68, 69, 70, 71, 72, 73, 74, 75, 76, 79, 80, 83, 84, 85, 86, 89, 90, 91, 92, 95, 96, 97, 98, 99, 100, 101, 103, 104, 105, 106, 108, 109, 111, 113, 114, 116, 119, 120, 122, 123, 126, 127, 130, 131, 132, 135, 136, 139, 140, 141, 142, 143, 146, 149, 150, 152, 153, 155, 156, 157, 160, 161, 162, 165, 168, 169, 172, 175, 180, 181, 183, 184, 187, 188, 189, 192, 193, 196, 197, 200, 203, 204, 206, 207, 209, 210, 213, 214, 217, 218, 221, 224, 225, 227, 228, 230, 233, 234, 237, 238, 241, 244, 245, 247, 248, 250, 251, 254, 255, 258, 259, 262, 265, 266, 268, 269, 270, 271, 272, 275, 278, 279, 282, 283, 286, 287, 290, 291, 292, 293, 294, 297, 299, 301, 302, 303, 304, 305, 306, 309, 310, 311, 314, 315, 317, 318, 320, 321, 322, 324, 327, 330, 331, 334, 335, 338, 339, 342, 343, 345, 346, 348, 349, 350, 353, 356, 357, 360, 363, 364, 366, 367, 369, 370, 372, 373, 376, 379, 382, 384, 386, 387, 388, 389, 390, 391, 392, 393, 394, 395, 396, 399, 400, 401, 404, 406, 408, 409, 410, 411, 412, 413, 416, 419, 421, 423, 424, 425, 426, 427, 428, 429, 430, 431, 434, 435, 439, 446, 447, 448, 449, 450, 453, 454, 455, 456, 457, 460, 462, 464, 465, 468, 469, 470, 473, 474, 475, 476, 477, 478, 479, 482, 483, 484, 485, 486, 487, 488, 489, 490, 493, 494, 495, 496, 499, 500, 501, 504, 505, 508, 509, 512, 514, 516, 517, 518, 521, 522, 523, 526, 527, 528, 531, 532, 535, 537, 539, 540, 543, 544, 547, 548, 549, 550, 553, 554, 555, 558, 562, 564, 566, 567, 568, 569, 570, 571, 572, 573, 576, 579, 581, 583, 584, 585, 586, 587, 588, 591], "excluded_lines": []}, "app/models/__init__.py": {"executed_lines": [2, 3, 4, 5, 6, 7, 8, 10, 12, 13, 14, 15, 16, 17, 19, 20, 22, 23, 24, 25, 26, 27, 28, 29, 30, 31, 32, 33, 34, 35, 36, 37, 38, 39, 41, 42, 44, 45, 46, 47, 48, 49, 50, 51, 52, 53, 54, 55, 56, 57, 59, 60, 62, 63, 64, 65, 66, 67, 68, 70, 71, 73, 74, 75, 76, 77, 78, 79, 81, 82, 84, 85, 86, 87, 88, 89, 90, 92, 93, 95, 96, 97, 98, 99, 100, 101, 102, 104, 105, 107, 108, 109, 110, 111, 112, 113, 114, 115, 117, 118, 120, 121, 122, 123, 124, 125, 126, 127, 128, 129, 130, 131, 132, 133, 134, 135, 137, 138, 139, 140, 141, 143, 144, 146, 147, 148, 149, 150, 151, 152, 153, 154, 156, 157, 159, 160, 161, 162, 163, 164, 165, 166, 167, 168, 170, 171, 173, 174, 175, 176, 177, 178, 179, 180, 181, 183, 184, 185, 186, 187, 189, 190, 192, 193, 194, 195, 196, 197, 200, 202, 210, 211, 213, 214, 215, 216, 217, 218, 219, 221, 222, 224, 225, 226, 227, 228, 229, 230, 231, 234, 236, 237, 239, 240, 241, 242, 243, 244, 245, 246, 247, 248, 250, 251, 253, 254, 255, 256, 257, 258, 259, 260, 261, 262, 263, 264, 265, 266, 269, 270, 271, 272, 273, 274, 275, 276, 277, 278, 279, 280, 281, 282, 283, 284, 285, 287, 288, 289, 290, 291, 293, 294, 296, 297, 298, 299, 300, 301, 302, 303, 304, 306, 307, 309, 310, 311, 312, 313, 314, 316, 317, 319, 320, 321, 322, 323, 324, 325, 326, 327, 328, 329, 330, 333, 334, 336, 337, 338, 339, 340, 342, 343, 345, 346, 347, 348, 349, 350, 352, 353, 355, 356, 357, 358, 359, 360, 361, 362, 363, 364, 365, 368, 386, 387, 388], "summary": {"covered_lines": 305, "num_statements": 305, "percent_covered": 100.0, "percent_covered_display": "100", "missing_lines": 0, "excluded_lines": 0}, "missing_lines": [], "excluded_lines": []}, "app/models/compliance.py": {"executed_lines": [1, 5, 6, 7, 8, 9, 10, 12, 15, 16, 17, 18, 19, 20, 21, 22, 25, 26, 27, 28, 29, 30, 31, 32, 33, 34, 37, 38, 39, 40, 41, 42, 45, 46, 47, 48, 49, 50, 51, 52, 55, 56, 57, 58, 59, 60, 61, 62, 63, 64, 65, 66, 67, 68, 71, 72, 73, 74, 75, 76, 77, 78, 81, 82, 83, 84, 85, 86, 87, 88, 91, 92, 93, 95, 96, 97, 98, 101, 102, 103, 104, 107, 108, 109, 110, 113, 114, 115, 116, 119, 120, 121, 122, 125, 126, 127, 129, 130, 133, 134, 135, 137, 138, 139, 142, 143, 144, 147, 148, 149, 152, 153, 154, 155, 158, 159, 160, 163, 164, 165, 166, 168, 169, 170, 173, 174, 175, 177, 178, 179, 180, 181, 184, 185, 186, 189, 190, 191, 192, 195, 196, 197, 198, 201, 202, 203, 206, 207, 208, 209, 212, 213, 214, 217, 218, 219, 222, 223, 224, 226, 227, 230, 231, 232, 234, 235, 236, 239, 240, 241, 242, 243, 246, 247, 248, 249, 250, 253, 254, 255, 256, 259, 260, 261, 264, 265, 268, 269, 272, 273, 274, 276, 277, 280, 281, 282, 284, 285, 286, 287, 290, 291, 292, 293, 296, 297, 298, 299, 302, 303, 304, 305, 308, 309, 310, 312, 313, 314, 317, 318, 319, 322, 323, 324, 325, 328, 329, 330, 333, 334, 335, 338, 339, 340, 341, 344, 345, 346, 349, 350, 352, 353, 356, 357, 358, 360, 361, 362, 363, 366, 367, 368, 369, 370, 373, 374, 375, 376, 377, 380, 381, 382, 385, 386, 387, 388, 389, 392, 393, 394, 395, 398, 399, 400, 403, 404, 405, 407, 408, 411, 412, 413, 415, 416, 417, 420, 421, 422, 423, 426, 427, 428, 429, 430, 433, 434, 435, 436, 439, 440, 441, 442, 445, 446, 447, 448, 451, 452, 453, 456, 457, 458, 459, 462, 463, 464, 465, 468, 469, 470, 471, 473, 474, 475, 479, 480, 481, 482, 483, 484, 485, 486, 487, 488, 489], "summary": {"covered_lines": 320, "num_statements": 320, "percent_covered": 100.0, "percent_covered_display": "100", "missing_lines": 0, "excluded_lines": 0}, "missing_lines": [], "excluded_lines": []}, "app/models/enterprise.py": {"executed_lines": [1, 5, 6, 7, 8, 9, 10, 12, 14, 17, 18, 19, 20, 21, 22, 23, 24, 25, 26, 27, 28, 29, 30, 31, 32, 33, 36, 37, 38, 39, 42, 43, 44, 47, 48, 49, 50, 51, 52, 55, 56, 58, 59, 60, 61, 62, 63, 64, 65, 66, 67, 68, 71, 72, 74, 75, 76, 77, 78, 79, 80, 81, 82, 83, 84, 85, 86, 87, 90, 91, 93, 94, 95, 96, 97, 98, 99, 100, 101, 104, 105, 107, 108, 109, 110, 111, 112, 113, 116, 117, 119, 120, 121, 122, 123, 124, 125, 126, 127, 130, 131, 133, 134, 135, 136, 137, 138, 139, 140, 143, 144, 146, 147, 148, 149, 150, 151, 152, 153, 154, 161, 162, 164, 165, 166, 167, 168, 169, 170, 171, 174, 175, 177, 178, 179, 180, 181, 182, 183, 184, 185, 188, 189, 190, 191, 192, 195, 196, 197], "summary": {"covered_lines": 148, "num_statements": 148, "percent_covered": 100.0, "percent_covered_display": "100", "missing_lines": 0, "excluded_lines": 0}, "missing_lines": [], "excluded_lines": []}, "app/models/migration.py": {"executed_lines": [], "summary": {"covered_lines": 0, "num_statements": 56, "percent_covered": 0.0, "percent_covered_display": "0", "missing_lines": 56, "excluded_lines": 0}, "missing_lines": [2, 3, 4, 5, 6, 8, 10, 11, 12, 13, 14, 15, 17, 18, 19, 20, 21, 22, 24, 25, 27, 28, 29, 30, 31, 32, 33, 34, 35, 36, 38, 39, 41, 42, 43, 44, 45, 46, 47, 49, 50, 52, 53, 54, 55, 56, 57, 59, 60, 62, 63, 64, 65, 66, 67, 68], "excluded_lines": []}, "app/models/subscription.py": {"executed_lines": [], "summary": {"covered_lines": 0, "num_statements": 1, "percent_covered": 0.0, "percent_covered_display": "0", "missing_lines": 1, "excluded_lines": 0}, "missing_lines": [6], "excluded_lines": []}, "app/models/token.py": {"executed_lines": [], "summary": {"covered_lines": 0, "num_statements": 2, "percent_covered": 0.0, "percent_covered_display": "0", "missing_lines": 2, "excluded_lines": 0}, "missing_lines": [6, 9], "excluded_lines": []}, "app/models/user.py": {"executed_lines": [1, 6, 17], "summary": {"covered_lines": 2, "num_statements": 2, "percent_covered": 100.0, "percent_covered_display": "100", "missing_lines": 0, "excluded_lines": 0}, "missing_lines": [], "excluded_lines": []}, "app/routers/v1/admin.py": {"executed_lines": [1, 5, 6, 7, 8, 9, 10, 11, 13, 14, 20, 21, 23, 26, 27, 28, 29, 30, 31, 32, 33, 34, 35, 36, 37, 38, 39, 42, 43, 44, 45, 46, 47, 48, 49, 50, 51, 54, 55, 56, 57, 58, 59, 60, 61, 62, 63, 64, 65, 66, 67, 68, 69, 70, 71, 74, 75, 76, 77, 78, 79, 80, 81, 82, 83, 84, 85, 88, 89, 90, 91, 92, 93, 94, 95, 96, 97, 100, 101, 102, 103, 104, 107, 113, 114, 175, 176, 214, 215, 297, 298, 343, 344, 384, 385, 439, 440, 464, 465, 523, 524, 553, 554, 573, 574], "summary": {"covered_lines": 98, "num_statements": 246, "percent_covered": 39.83739837398374, "percent_covered_display": "40", "missing_lines": 148, "excluded_lines": 0}, "missing_lines": [109, 110, 119, 122, 123, 126, 129, 134, 137, 138, 144, 147, 148, 151, 152, 155, 159, 181, 184, 185, 186, 187, 188, 191, 194, 197, 200, 202, 226, 228, 231, 232, 241, 242, 244, 245, 247, 248, 251, 252, 255, 256, 258, 262, 267, 271, 275, 294, 305, 307, 308, 309, 310, 312, 313, 314, 317, 318, 321, 322, 325, 326, 330, 331, 333, 334, 335, 336, 338, 340, 351, 353, 354, 355, 356, 358, 359, 360, 363, 364, 366, 368, 371, 372, 375, 379, 381, 394, 396, 399, 400, 408, 409, 412, 413, 416, 417, 418, 419, 423, 436, 446, 448, 449, 450, 451, 453, 454, 455, 458, 459, 461, 476, 478, 481, 482, 483, 484, 485, 486, 488, 489, 491, 492, 494, 495, 498, 501, 502, 505, 506, 507, 509, 520, 530, 532, 533, 534, 535, 539, 540, 544, 548, 550, 561, 566, 578, 581], "excluded_lines": []}, "app/routers/v1/auth.py": {"executed_lines": [1, 5, 6, 7, 8, 9, 10, 12, 13, 15, 16, 18, 19, 20, 21, 22, 23, 26, 29, 30, 33, 34, 38, 39, 40, 41, 42, 43, 45, 46, 47, 53, 54, 55, 56, 58, 59, 65, 66, 69, 70, 73, 74, 75, 78, 79, 82, 83, 84, 87, 88, 89, 92, 93, 96, 97, 98, 99, 100, 101, 102, 103, 104, 105, 106, 109, 110, 111, 112, 113, 116, 117, 118, 124, 138, 139, 140, 228, 229, 230, 286, 287, 306, 307, 331, 332, 348, 349, 350, 384, 385, 421, 422, 447, 448, 480, 481, 482, 516, 517, 518, 570, 571], "summary": {"covered_lines": 102, "num_statements": 238, "percent_covered": 42.857142857142854, "percent_covered_display": "43", "missing_lines": 136, "excluded_lines": 0}, "missing_lines": [48, 49, 50, 60, 61, 62, 126, 133, 134, 147, 148, 151, 152, 153, 156, 157, 158, 159, 162, 163, 164, 167, 175, 176, 177, 180, 187, 190, 191, 192, 198, 199, 201, 207, 237, 238, 243, 248, 249, 252, 253, 256, 263, 265, 292, 294, 295, 297, 299, 313, 314, 316, 318, 322, 323, 326, 328, 334, 357, 363, 365, 366, 371, 372, 375, 381, 391, 397, 398, 401, 402, 403, 406, 407, 410, 411, 413, 416, 418, 429, 430, 433, 434, 435, 438, 439, 442, 444, 454, 460, 461, 464, 465, 466, 469, 470, 472, 475, 477, 489, 490, 492, 493, 496, 497, 503, 504, 507, 513, 525, 526, 528, 529, 532, 537, 539, 544, 545, 546, 549, 550, 556, 557, 560, 567, 578, 584, 585, 588, 593, 594, 597, 598, 601, 608, 610], "excluded_lines": []}, "app/routers/v1/compliance.py": {"executed_lines": [1, 5, 6, 7, 9, 10, 11, 13, 14, 15, 16, 20, 21, 22, 24, 28, 29, 30, 31, 32, 33, 34, 35, 36, 37, 40, 41, 42, 43, 46, 47, 48, 49, 50, 51, 52, 55, 56, 57, 58, 59, 60, 61, 62, 65, 66, 67, 68, 69, 70, 71, 72, 73, 74, 77, 78, 79, 80, 83, 89, 90, 131, 132, 164, 165, 205, 206, 245, 246, 272, 273, 324, 325, 376, 377, 400, 401, 441, 442, 468, 469], "summary": {"covered_lines": 80, "num_statements": 183, "percent_covered": 43.71584699453552, "percent_covered_display": "44", "missing_lines": 103, "excluded_lines": 0}, "missing_lines": [85, 86, 98, 99, 115, 126, 127, 128, 140, 141, 151, 152, 157, 159, 160, 161, 172, 173, 178, 194, 200, 201, 202, 214, 215, 228, 240, 241, 242, 253, 254, 259, 265, 266, 267, 268, 269, 279, 280, 281, 283, 286, 288, 290, 294, 295, 296, 298, 313, 319, 320, 321, 332, 333, 334, 336, 339, 341, 342, 343, 346, 347, 348, 349, 351, 352, 354, 357, 358, 366, 371, 372, 373, 383, 384, 388, 394, 395, 396, 409, 410, 412, 413, 425, 436, 437, 438, 448, 449, 451, 452, 454, 463, 464, 465, 478, 479, 481, 482, 490, 504, 505, 506], "excluded_lines": []}, "app/routers/v1/health.py": {"executed_lines": [1, 5, 6, 7, 8, 10, 12, 18, 20, 29, 30, 39, 40, 46, 47, 64, 65], "summary": {"covered_lines": 16, "num_statements": 26, "percent_covered": 61.53846153846154, "percent_covered_display": "62", "missing_lines": 10, "excluded_lines": 0}, "missing_lines": [22, 23, 27, 32, 44, 51, 53, 54, 59, 67], "excluded_lines": []}, "app/routers/v1/mfa.py": {"executed_lines": [1, 5, 6, 7, 8, 9, 10, 11, 12, 13, 14, 15, 17, 18, 19, 20, 21, 23, 26, 27, 28, 31, 32, 33, 34, 35, 36, 39, 40, 41, 44, 45, 46, 47, 50, 51, 52, 53, 54, 55, 58, 59, 60, 61, 64, 65, 66, 67, 70, 82, 104, 105, 132, 133, 192, 193, 224, 225, 281, 282, 323, 324, 386, 387, 424, 425, 455, 456], "summary": {"covered_lines": 60, "num_statements": 187, "percent_covered": 32.0855614973262, "percent_covered_display": "32", "missing_lines": 127, "excluded_lines": 0}, "missing_lines": [72, 73, 75, 77, 78, 79, 84, 90, 91, 93, 96, 97, 98, 100, 101, 110, 111, 113, 119, 124, 140, 141, 144, 145, 148, 151, 154, 160, 161, 162, 168, 171, 172, 175, 180, 182, 184, 200, 201, 204, 205, 206, 209, 212, 217, 219, 221, 232, 233, 236, 237, 240, 242, 243, 245, 247, 248, 249, 250, 251, 253, 256, 257, 258, 260, 261, 264, 265, 266, 269, 274, 276, 278, 289, 290, 293, 294, 297, 300, 305, 308, 313, 315, 317, 331, 332, 335, 336, 338, 343, 344, 346, 349, 350, 351, 352, 353, 355, 356, 359, 361, 362, 363, 366, 373, 378, 379, 381, 383, 393, 398, 400, 402, 403, 406, 407, 409, 413, 415, 431, 436, 438, 444, 449, 450, 452, 458], "excluded_lines": []}, "app/routers/v1/migration.py": {"executed_lines": [1, 5, 6, 7, 8, 9, 10, 11, 12, 13, 15], "summary": {"covered_lines": 10, "num_statements": 158, "percent_covered": 6.329113924050633, "percent_covered_display": "6", "missing_lines": 148, "excluded_lines": 0}, "missing_lines": [16, 17, 18, 22, 24, 26, 33, 35, 36, 37, 38, 39, 42, 44, 45, 46, 47, 48, 49, 50, 51, 52, 53, 54, 55, 56, 57, 60, 62, 63, 64, 65, 66, 67, 68, 71, 73, 74, 75, 76, 80, 83, 84, 95, 96, 105, 107, 108, 109, 112, 113, 124, 125, 127, 128, 130, 131, 133, 135, 155, 156, 157, 160, 161, 171, 172, 173, 174, 176, 193, 194, 195, 198, 199, 210, 211, 212, 217, 219, 220, 221, 223, 234, 235, 245, 246, 247, 248, 250, 251, 256, 257, 259, 261, 262, 263, 266, 267, 279, 280, 284, 285, 287, 289, 301, 302, 303, 306, 307, 320, 321, 325, 326, 328, 330, 347, 348, 349, 352, 353, 363, 364, 366, 367, 369, 371, 386, 387, 388, 391, 392, 404, 406, 408, 413, 419, 420, 421, 424, 432, 435, 438, 443, 445, 446, 449, 450, 454], "excluded_lines": []}, "app/routers/v1/oauth.py": {"executed_lines": [1, 5, 6, 7, 8, 9, 11, 12, 13, 14, 15, 17, 19, 22, 23, 24, 25, 26, 27, 30, 31, 32, 33, 34, 37, 38, 39, 42, 43, 59, 60, 125, 126, 228, 229, 301, 302, 362, 363], "summary": {"covered_lines": 35, "num_statements": 146, "percent_covered": 23.972602739726028, "percent_covered_display": "24", "missing_lines": 111, "excluded_lines": 0}, "missing_lines": [45, 47, 48, 49, 50, 56, 68, 70, 71, 72, 73, 76, 77, 78, 84, 90, 92, 93, 96, 99, 106, 107, 112, 118, 119, 120, 121, 122, 135, 137, 138, 139, 140, 146, 147, 150, 158, 159, 164, 167, 169, 178, 188, 189, 190, 192, 206, 221, 222, 223, 224, 225, 237, 239, 240, 241, 242, 245, 250, 251, 254, 255, 256, 262, 266, 269, 270, 271, 274, 281, 282, 287, 294, 295, 296, 297, 298, 308, 310, 311, 312, 313, 316, 321, 322, 325, 326, 331, 332, 338, 341, 346, 348, 350, 355, 356, 357, 358, 359, 369, 374, 375, 376, 377, 378, 383, 390, 391, 397, 400, 408], "excluded_lines": []}, "app/routers/v1/organization_members.py": {"executed_lines": [1, 5, 6, 7, 8, 9, 11, 12, 13, 14, 18, 19, 20, 21, 24, 25, 28, 29, 30, 31, 34, 35, 38, 39, 40, 41, 42, 43, 44, 45, 47, 48, 51, 52, 53, 54, 55, 56, 57, 58, 59, 61, 62, 66, 72, 73, 95, 96, 124, 125, 158, 159, 195, 196, 232, 233, 249, 250], "summary": {"covered_lines": 57, "num_statements": 96, "percent_covered": 59.375, "percent_covered_display": "59", "missing_lines": 39, "excluded_lines": 0}, "missing_lines": [82, 83, 89, 90, 92, 105, 106, 112, 113, 121, 134, 135, 142, 143, 148, 149, 155, 169, 170, 177, 178, 179, 184, 185, 192, 205, 206, 213, 214, 215, 220, 221, 229, 240, 241, 246, 258, 259, 265], "excluded_lines": []}, "app/routers/v1/organizations/__init__.py": {"executed_lines": [1, 6, 7, 13, 16, 22, 23, 25], "summary": {"covered_lines": 7, "num_statements": 7, "percent_covered": 100.0, "percent_covered_display": "100", "missing_lines": 0, "excluded_lines": 0}, "missing_lines": [], "excluded_lines": []}, "app/routers/v1/organizations/core.py": {"executed_lines": [1, 6, 7, 8, 9, 10, 11, 13, 14, 15, 16, 24, 30, 33, 34, 91, 92, 146, 147, 184, 185, 232, 233, 254, 255], "summary": {"covered_lines": 24, "num_statements": 75, "percent_covered": 32.0, "percent_covered_display": "32", "missing_lines": 51, "excluded_lines": 0}, "missing_lines": [41, 44, 55, 56, 59, 69, 70, 73, 77, 100, 103, 114, 117, 119, 120, 121, 125, 138, 154, 157, 161, 193, 194, 196, 197, 199, 200, 202, 203, 205, 206, 208, 210, 211, 214, 218, 241, 242, 248, 249, 251, 261, 263, 264, 267, 268, 273, 274, 277, 282, 284], "excluded_lines": []}, "app/routers/v1/organizations/dependencies.py": {"executed_lines": [1, 5, 6, 7, 8, 9, 11, 12, 13, 14, 17, 29, 63, 74, 85, 101, 115, 147], "summary": {"covered_lines": 17, "num_statements": 61, "percent_covered": 27.868852459016395, "percent_covered_display": "28", "missing_lines": 44, "excluded_lines": 0}, "missing_lines": [19, 26, 36, 37, 38, 41, 42, 45, 46, 47, 50, 57, 58, 60, 69, 80, 91, 92, 93, 95, 96, 98, 103, 105, 106, 108, 109, 110, 112, 117, 120, 121, 122, 129, 130, 133, 141, 142, 144, 149, 156, 158, 159, 161], "excluded_lines": []}, "app/routers/v1/organizations/schemas.py": {"executed_lines": [1, 5, 6, 7, 8, 11, 12, 13, 14, 15, 16, 19, 20, 21, 22, 23, 24, 28, 29, 30, 31, 32, 33, 35, 36, 37, 42, 43, 44, 45, 46, 47, 48, 51, 52, 53, 56, 57, 58, 59, 60, 63, 64, 65, 66, 67, 70, 71, 72, 73, 74, 78, 79, 80, 81, 82, 83, 84, 86, 87, 90, 91, 92, 93, 94, 95, 96, 97, 98, 99, 100, 101, 103, 104, 107, 108, 109, 110, 111, 114, 115, 116, 117, 118, 119, 120, 121, 122, 124, 125, 128, 129, 130, 131, 132, 133, 134, 135, 136, 137, 138, 139, 141, 142, 145, 146, 147, 148, 149, 150, 151, 152, 153, 155, 156, 159, 160, 161, 162, 163, 164, 167, 168, 169, 170, 171, 172, 175, 176, 177, 178, 179, 180, 183, 184, 185, 186, 189, 190, 191, 192, 195, 196, 197, 198], "summary": {"covered_lines": 124, "num_statements": 125, "percent_covered": 99.2, "percent_covered_display": "99", "missing_lines": 1, "excluded_lines": 0}, "missing_lines": [39], "excluded_lines": []}, "app/routers/v1/passkeys.py": {"executed_lines": [1, 5, 6, 7, 8, 9, 10, 11, 12, 13, 14, 15, 22, 27, 28, 29, 30, 31, 33, 36, 37, 38, 41, 42, 43, 44, 47, 48, 49, 52, 53, 54, 55, 58, 59, 60, 61, 62, 63, 64, 65, 68, 69, 70, 73, 79, 84, 91, 92, 165, 166, 239, 240, 287, 288, 381, 382, 404, 405, 439, 440, 480, 481], "summary": {"covered_lines": 56, "num_statements": 159, "percent_covered": 35.22012578616352, "percent_covered_display": "35", "missing_lines": 103, "excluded_lines": 0}, "missing_lines": [76, 81, 86, 87, 88, 99, 103, 104, 105, 111, 128, 131, 132, 133, 134, 137, 173, 174, 176, 179, 180, 186, 187, 189, 190, 193, 194, 197, 201, 202, 205, 214, 217, 220, 228, 230, 232, 245, 247, 249, 250, 251, 252, 253, 259, 267, 272, 295, 296, 297, 300, 304, 305, 308, 309, 310, 313, 314, 322, 323, 325, 326, 329, 330, 333, 334, 335, 337, 340, 348, 351, 354, 362, 364, 366, 387, 391, 412, 413, 414, 415, 417, 422, 423, 425, 426, 427, 429, 448, 449, 451, 452, 453, 454, 456, 461, 462, 465, 472, 474, 475, 477, 483], "excluded_lines": []}, "app/routers/v1/rbac.py": {"executed_lines": [1, 5, 6, 7, 8, 9, 11, 12, 13, 17, 18, 19, 20, 21, 24, 25, 26, 29, 30, 31, 32, 33, 36, 37, 38, 39, 40, 43, 44, 45, 46, 47, 48, 49, 50, 51, 53, 54, 58, 61, 62, 85, 86, 106, 107, 127, 128, 155, 156, 182, 183, 221, 222, 253, 254, 297, 298], "summary": {"covered_lines": 56, "num_statements": 107, "percent_covered": 52.33644859813084, "percent_covered_display": "52", "missing_lines": 51, "excluded_lines": 0}, "missing_lines": [69, 70, 78, 93, 94, 100, 114, 115, 120, 135, 136, 141, 142, 147, 164, 165, 171, 179, 191, 194, 195, 197, 198, 204, 211, 212, 218, 229, 232, 233, 235, 236, 242, 248, 250, 262, 265, 271, 272, 276, 277, 279, 281, 305, 307, 308, 315, 316, 317, 318, 319], "excluded_lines": []}, "app/routers/v1/scim.py": {"executed_lines": [1, 6, 7, 8, 9, 10, 11, 12, 13, 15, 16, 22], "summary": {"covered_lines": 11, "num_statements": 180, "percent_covered": 6.111111111111111, "percent_covered_display": "6", "missing_lines": 169, "excluded_lines": 0}, "missing_lines": [23, 24, 25, 27, 29, 33, 36, 37, 38, 46, 49, 50, 51, 61, 64, 65, 70, 76, 77, 78, 83, 91, 93, 94, 99, 103, 104, 107, 151, 152, 155, 242, 243, 252, 254, 271, 273, 274, 275, 276, 277, 278, 281, 282, 283, 286, 289, 290, 293, 294, 295, 296, 298, 305, 306, 307, 313, 314, 322, 341, 342, 343, 348, 349, 352, 353, 360, 362, 363, 364, 365, 366, 368, 369, 375, 383, 384, 390, 391, 401, 404, 412, 415, 423, 425, 426, 433, 435, 436, 437, 439, 443, 445, 446, 447, 448, 449, 450, 456, 457, 465, 467, 479, 480, 481, 486, 489, 490, 492, 493, 494, 495, 496, 498, 499, 501, 502, 503, 504, 506, 507, 510, 511, 513, 514, 516, 521, 529, 531, 533, 534, 535, 536, 537, 538, 544, 545, 552, 554, 566, 567, 568, 573, 576, 579, 589, 591, 593, 597, 599, 600, 601, 602, 603, 604, 611, 614, 642, 643, 644, 648, 654, 655, 661, 666, 668, 669, 670, 682], "excluded_lines": []}, "app/routers/v1/sessions.py": {"executed_lines": [1, 5, 6, 7, 8, 9, 10, 12, 13, 14, 15, 17, 20, 21, 22, 23, 24, 25, 26, 27, 28, 29, 30, 31, 32, 33, 34, 37, 38, 39, 40, 43, 91, 92, 141, 142, 192, 193, 223, 224, 257, 258, 287, 288, 319, 320], "summary": {"covered_lines": 43, "num_statements": 162, "percent_covered": 26.54320987654321, "percent_covered_display": "27", "missing_lines": 119, "excluded_lines": 0}, "missing_lines": [45, 52, 53, 56, 59, 60, 61, 62, 64, 67, 68, 69, 70, 71, 72, 73, 74, 77, 78, 79, 80, 81, 82, 83, 84, 85, 86, 88, 99, 100, 101, 102, 103, 104, 105, 108, 115, 116, 117, 119, 135, 150, 151, 152, 153, 156, 161, 162, 165, 166, 167, 168, 169, 170, 171, 173, 175, 200, 201, 202, 203, 206, 211, 212, 214, 215, 218, 220, 231, 232, 233, 234, 235, 236, 237, 240, 246, 247, 248, 249, 251, 265, 266, 267, 268, 271, 277, 278, 281, 282, 284, 295, 299, 300, 301, 303, 313, 325, 328, 334, 335, 336, 337, 340, 341, 349, 350, 351, 352, 353, 355, 356, 364, 365, 366, 367, 369, 370, 377], "excluded_lines": []}, "app/routers/v1/sso.py": {"executed_lines": [1, 5, 6, 7, 8, 9, 10, 12, 13, 14], "summary": {"covered_lines": 9, "num_statements": 206, "percent_covered": 4.368932038834951, "percent_covered_display": "4", "missing_lines": 197, "excluded_lines": 0}, "missing_lines": [15, 17, 19, 27, 29, 31, 32, 33, 34, 35, 36, 39, 40, 41, 42, 45, 46, 47, 48, 51, 53, 55, 56, 57, 58, 59, 62, 63, 64, 65, 68, 69, 70, 71, 74, 76, 77, 78, 79, 80, 83, 84, 85, 88, 89, 90, 93, 94, 95, 97, 98, 101, 103, 104, 107, 109, 113, 119, 122, 123, 134, 136, 137, 138, 141, 144, 145, 151, 152, 165, 166, 178, 183, 185, 186, 187, 190, 191, 201, 202, 203, 204, 209, 211, 212, 213, 216, 217, 228, 229, 233, 234, 236, 238, 239, 240, 243, 244, 254, 255, 256, 257, 259, 261, 262, 263, 266, 267, 276, 278, 281, 282, 285, 286, 287, 293, 294, 298, 299, 304, 309, 311, 312, 313, 316, 317, 326, 327, 328, 329, 331, 332, 335, 339, 340, 341, 344, 345, 352, 360, 362, 363, 364, 367, 368, 377, 378, 379, 380, 381, 383, 385, 389, 391, 396, 402, 403, 404, 406, 408, 409, 410, 413, 414, 426, 427, 428, 429, 435, 438, 439, 440, 443, 444, 451, 459, 461, 462, 463, 466, 467, 477, 478, 479, 481, 482, 483, 486, 487, 496, 497, 498, 499, 501, 509, 510, 511], "excluded_lines": []}, "app/routers/v1/users.py": {"executed_lines": [1, 5, 6, 7, 8, 9, 10, 11, 12, 13, 15, 16, 17, 18, 19, 21, 24, 25, 26, 27, 28, 29, 30, 31, 32, 33, 36, 37, 38, 39, 40, 41, 42, 43, 44, 45, 46, 47, 48, 49, 50, 51, 52, 53, 54, 55, 58, 59, 60, 61, 62, 63, 66, 67, 93, 94, 143, 144, 182, 183, 205, 206, 264, 265, 347, 348, 392, 393, 434, 435], "summary": {"covered_lines": 66, "num_statements": 196, "percent_covered": 33.673469387755105, "percent_covered_display": "34", "missing_lines": 130, "excluded_lines": 0}, "missing_lines": [71, 101, 102, 103, 104, 105, 106, 107, 108, 109, 110, 111, 112, 113, 114, 115, 116, 118, 119, 121, 151, 152, 153, 156, 157, 158, 159, 162, 163, 166, 167, 170, 171, 172, 175, 176, 177, 179, 188, 190, 191, 195, 196, 199, 200, 202, 213, 214, 215, 216, 219, 224, 225, 228, 230, 234, 239, 240, 242, 274, 277, 279, 284, 288, 291, 292, 301, 302, 303, 304, 305, 306, 309, 312, 313, 316, 317, 318, 339, 355, 356, 359, 363, 365, 371, 372, 378, 379, 380, 383, 387, 389, 400, 401, 404, 405, 406, 407, 410, 411, 412, 415, 418, 423, 424, 425, 426, 427, 429, 431, 441, 442, 445, 446, 447, 448, 451, 452, 453, 455, 456, 459, 462, 463, 464, 465, 466, 467, 469, 471], "excluded_lines": []}, "app/routers/v1/webhooks.py": {"executed_lines": [1, 7, 8, 9, 10, 11, 12, 14, 15, 16, 17, 22, 26, 27, 28, 29, 30, 31, 34, 35, 36, 37, 38, 39, 40, 43, 44, 45, 46, 47, 48, 49, 50, 51, 52, 53, 55, 56, 59, 60, 61, 62, 63, 64, 66, 67, 70, 71, 72, 73, 74, 75, 76, 77, 78, 79, 80, 82, 83, 86, 87, 88, 89, 90, 91, 92, 93, 96, 97, 98, 99, 102, 103, 104, 105, 109, 142, 143, 168, 169, 191, 192, 203, 204, 228, 229, 250, 251, 272, 273, 293, 294, 324, 325, 346, 347, 373, 374, 382, 383], "summary": {"covered_lines": 91, "num_statements": 147, "percent_covered": 61.904761904761905, "percent_covered_display": "62", "missing_lines": 56, "excluded_lines": 0}, "missing_lines": [116, 120, 121, 127, 129, 131, 133, 138, 151, 161, 162, 163, 165, 176, 180, 181, 183, 185, 199, 200, 212, 215, 225, 236, 239, 241, 242, 247, 258, 261, 263, 264, 269, 281, 284, 290, 303, 306, 315, 316, 318, 334, 337, 343, 354, 357, 358, 360, 364, 365, 367, 368, 370, 379, 391, 397], "excluded_lines": []}, "app/routers/v1/white_label.py": {"executed_lines": [1, 5, 6, 7, 8, 9, 10, 11, 13, 14, 15, 16], "summary": {"covered_lines": 11, "num_statements": 236, "percent_covered": 4.661016949152542, "percent_covered_display": "5", "missing_lines": 225, "excluded_lines": 0}, "missing_lines": [21, 23, 30, 32, 33, 34, 35, 36, 37, 38, 39, 40, 41, 42, 43, 44, 45, 46, 47, 50, 52, 53, 54, 55, 56, 57, 58, 59, 60, 61, 62, 63, 64, 65, 66, 67, 70, 72, 73, 74, 75, 76, 77, 78, 79, 80, 81, 82, 83, 84, 85, 86, 87, 88, 89, 90, 91, 94, 96, 97, 100, 102, 103, 104, 105, 106, 107, 108, 109, 110, 111, 112, 113, 114, 117, 119, 120, 121, 122, 123, 124, 125, 126, 127, 128, 131, 133, 134, 135, 136, 137, 138, 139, 140, 141, 142, 143, 146, 148, 149, 150, 151, 152, 153, 154, 155, 156, 157, 160, 161, 172, 174, 175, 176, 179, 184, 185, 191, 211, 212, 214, 237, 238, 239, 242, 243, 251, 252, 257, 259, 260, 262, 285, 286, 287, 290, 291, 302, 303, 308, 310, 311, 314, 315, 316, 318, 320, 343, 344, 345, 348, 349, 360, 362, 363, 364, 367, 370, 371, 374, 377, 387, 388, 390, 406, 407, 408, 411, 412, 422, 423, 424, 425, 429, 430, 431, 433, 435, 437, 438, 439, 442, 443, 454, 456, 457, 458, 461, 475, 476, 478, 492, 493, 494, 497, 498, 507, 508, 510, 511, 513, 514, 516, 535, 536, 537, 540, 541, 549, 550, 556, 558, 560, 563, 565, 571, 572, 573, 576, 578, 603, 605, 635, 636, 638], "excluded_lines": []}, "app/services/__init__.py": {"executed_lines": [0], "summary": {"covered_lines": 0, "num_statements": 0, "percent_covered": 100.0, "percent_covered_display": "100", "missing_lines": 0, "excluded_lines": 0}, "missing_lines": [], "excluded_lines": []}, "app/services/admin_notifications.py": {"executed_lines": [], "summary": {"covered_lines": 0, "num_statements": 136, "percent_covered": 0.0, "percent_covered_display": "0", "missing_lines": 136, "excluded_lines": 0}, "missing_lines": [5, 6, 7, 8, 9, 11, 12, 13, 15, 18, 19, 20, 21, 22, 25, 26, 27, 28, 31, 32, 33, 34, 35, 36, 37, 38, 40, 41, 42, 45, 48, 49, 50, 52, 54, 57, 58, 61, 67, 69, 71, 73, 101, 108, 109, 110, 113, 114, 115, 116, 119, 120, 121, 122, 123, 124, 127, 128, 129, 131, 133, 134, 136, 138, 144, 146, 150, 152, 154, 157, 158, 159, 160, 161, 162, 164, 168, 169, 170, 171, 172, 173, 174, 177, 179, 180, 183, 184, 185, 197, 200, 201, 203, 207, 214, 216, 274, 276, 279, 286, 295, 296, 298, 306, 308, 311, 313, 316, 319, 328, 329, 330, 331, 332, 334, 342, 344, 352, 353, 354, 355, 356, 358, 366, 368, 376, 377, 378, 379, 380, 382, 390, 392, 400, 408, 412], "excluded_lines": []}, "app/services/audit_logger.py": {"executed_lines": [1, 5, 6, 7, 8, 9, 10, 11, 13, 14, 15, 16, 18, 19, 20, 23, 24, 26, 27, 28, 29, 30, 31, 32, 33, 34, 37, 38, 39, 40, 43, 44, 45, 46, 47, 50, 51, 52, 53, 54, 55, 58, 59, 60, 61, 64, 65, 66, 67, 70, 71, 72, 73, 74, 77, 78, 79, 80, 81, 82, 83, 84, 85, 86, 89, 90, 91, 92, 93, 94, 95, 96, 97, 98, 101, 102, 103, 104, 105, 106, 107, 110, 111, 112, 113, 114, 117, 118, 119, 120, 123, 124, 125, 126, 130, 133, 134, 139, 144, 145, 146, 147, 148, 149, 151, 153, 161, 183, 186, 189, 210, 211, 214, 217, 218, 221, 225, 226, 228, 233, 235, 238, 253, 254, 256, 279, 282, 283, 286, 338, 341, 348, 349, 351, 355, 364, 366, 436, 527, 536, 546, 555, 565, 574, 584, 593, 602, 603, 607, 617, 648, 687, 727, 763, 803], "summary": {"covered_lines": 151, "num_statements": 248, "percent_covered": 60.88709677419355, "percent_covered_display": "61", "missing_lines": 97, "excluded_lines": 0}, "missing_lines": [222, 259, 260, 262, 263, 265, 267, 268, 271, 272, 274, 275, 277, 284, 289, 290, 293, 294, 295, 296, 297, 299, 300, 301, 304, 305, 308, 311, 319, 321, 333, 335, 336, 377, 381, 382, 383, 384, 386, 387, 389, 390, 397, 398, 399, 401, 403, 404, 405, 406, 409, 418, 420, 421, 422, 423, 425, 427, 448, 458, 461, 485, 486, 488, 489, 492, 495, 496, 497, 510, 519, 521, 522, 523, 525, 608, 609, 621, 622, 625, 626, 627, 628, 631, 645, 660, 666, 698, 707, 740, 775, 781, 815, 822, 823, 825, 827], "excluded_lines": []}, "app/services/audit_service.py": {"executed_lines": [], "summary": {"covered_lines": 0, "num_statements": 136, "percent_covered": 0.0, "percent_covered_display": "0", "missing_lines": 136, "excluded_lines": 0}, "missing_lines": [5, 6, 7, 8, 9, 11, 12, 13, 15, 18, 21, 22, 27, 32, 70, 72, 75, 76, 77, 78, 81, 86, 106, 107, 110, 111, 117, 119, 120, 122, 124, 139, 146, 148, 162, 178, 184, 196, 212, 213, 216, 218, 219, 221, 222, 224, 225, 227, 228, 230, 231, 233, 234, 236, 237, 239, 240, 242, 243, 245, 247, 248, 250, 274, 275, 276, 278, 288, 290, 300, 301, 302, 303, 304, 305, 308, 309, 310, 311, 314, 316, 338, 339, 340, 342, 350, 351, 352, 353, 355, 356, 358, 359, 361, 363, 373, 376, 377, 380, 381, 384, 385, 387, 389, 392, 393, 395, 397, 398, 400, 403, 404, 406, 407, 408, 410, 411, 412, 414, 415, 416, 418, 424, 427, 430, 434, 435, 438, 439, 440, 443, 444, 445, 446, 448, 450], "excluded_lines": []}, "app/services/auth.py": {"executed_lines": [2, 3, 4, 5, 6, 7, 8, 10, 11, 14, 16, 17, 19, 20, 24, 25, 29, 30, 49, 50, 65, 66, 70, 71, 83, 84, 90, 91, 97, 98, 109, 110, 129, 130, 135, 136, 141, 142, 147, 148, 156, 157], "summary": {"covered_lines": 41, "num_statements": 77, "percent_covered": 53.246753246753244, "percent_covered_display": "53", "missing_lines": 36, "excluded_lines": 0}, "missing_lines": [22, 27, 32, 33, 35, 36, 38, 39, 41, 42, 44, 45, 47, 52, 53, 54, 56, 57, 58, 63, 68, 73, 74, 79, 80, 81, 88, 95, 107, 119, 127, 133, 139, 145, 151, 160], "excluded_lines": []}, "app/services/auth_service.py": {"executed_lines": [1, 2, 3, 4, 5, 6, 8, 9, 10, 11, 12, 14, 15, 16, 18, 21, 24, 25, 27, 28, 30, 32, 33, 35, 37, 38, 40, 41, 43, 44, 46, 47, 49, 50, 52, 53, 55, 57, 58, 67, 68, 69, 72, 75, 76, 79, 82, 83, 84, 87, 93, 96, 104, 105, 107, 108, 110, 111, 118, 121, 123, 124, 125, 127, 128, 129, 131, 132, 133, 136, 137, 140, 147, 150, 153, 161, 163, 164, 166, 167, 173, 174, 176, 187, 188, 190, 196, 198, 199, 205, 206, 207, 209, 221, 227, 229, 230, 239, 244, 250, 260, 263, 264, 265, 277, 278, 280, 281, 283, 284, 286, 287, 295, 296, 297, 300, 301, 302, 303, 304, 306, 308, 309, 310, 312, 313, 319, 320, 321, 324, 332, 334, 335, 338, 339, 342, 343, 347, 352, 359, 360, 361, 362, 365, 366, 372, 374, 375, 377, 378, 380, 383, 385, 386, 387, 388, 389, 392, 393, 395, 396, 398, 399, 402, 403, 404, 407, 408, 409, 412, 413, 414, 417, 418, 421, 429, 431, 432, 434, 435, 445, 448, 454, 455, 458, 469, 470, 472, 475, 476, 481, 482, 487, 488, 496, 497, 502, 503, 512, 513, 521, 522, 531, 532, 537, 538, 543, 544, 556, 557, 562, 563], "summary": {"covered_lines": 211, "num_statements": 224, "percent_covered": 94.19642857142857, "percent_covered_display": "94", "missing_lines": 13, "excluded_lines": 0}, "missing_lines": [344, 479, 485, 491, 500, 506, 516, 525, 535, 541, 547, 560, 566], "excluded_lines": []}, "app/services/billing_service.py": {"executed_lines": [1, 4, 5, 6, 7, 8, 9, 10, 11, 13, 14, 16, 19, 47, 48, 50, 52, 53, 54, 55, 57, 60, 64, 72, 73, 74, 88, 89, 90, 91, 93, 94, 95, 97, 105, 106, 108, 109, 121, 122, 123, 126, 137, 138, 139, 142, 148, 150, 151, 152, 159, 160, 161, 163, 164, 165, 167, 175, 176, 178, 180, 181, 182, 204, 205, 206, 207, 215, 223, 224, 225, 239, 240, 241, 242, 244, 248, 255, 256, 258, 260, 261, 262, 284, 285, 286, 289, 295, 304, 307, 309, 310, 311, 346, 347, 348, 349, 355, 390, 413, 436, 438, 439, 441, 442, 443, 444, 445, 446, 448, 449, 456, 462, 464, 466, 468, 470, 472, 474, 476, 478, 480, 483, 484, 488, 489, 493, 504, 506, 507, 513, 515, 522, 525, 526, 527, 539, 540, 543, 545, 553, 554, 555, 556, 558, 559, 561, 568, 570, 572, 574, 575, 578, 579, 580, 581, 611, 613, 620, 622, 624, 625, 627, 628, 629, 630, 631, 632, 633, 634, 635, 664, 666, 673, 676, 678, 679, 682, 683, 685, 686, 688], "summary": {"covered_lines": 180, "num_statements": 261, "percent_covered": 68.96551724137932, "percent_covered_display": "69", "missing_lines": 81, "excluded_lines": 0}, "missing_lines": [144, 145, 146, 209, 210, 211, 245, 246, 291, 292, 293, 305, 351, 352, 353, 361, 362, 364, 365, 366, 379, 380, 381, 384, 386, 387, 388, 395, 396, 397, 403, 404, 405, 407, 408, 409, 421, 423, 424, 430, 469, 475, 481, 485, 537, 538, 583, 585, 586, 588, 589, 592, 593, 594, 595, 596, 598, 600, 602, 603, 606, 607, 608, 609, 637, 639, 641, 642, 645, 646, 647, 648, 649, 651, 653, 655, 656, 659, 660, 661, 662], "excluded_lines": []}, "app/services/billing_webhooks.py": {"executed_lines": [], "summary": {"covered_lines": 0, "num_statements": 231, "percent_covered": 0.0, "percent_covered_display": "0", "missing_lines": 231, "excluded_lines": 0}, "missing_lines": [5, 6, 7, 8, 9, 11, 12, 13, 14, 16, 17, 19, 22, 25, 26, 28, 33, 35, 36, 38, 43, 45, 46, 53, 63, 64, 65, 66, 68, 70, 71, 78, 88, 89, 90, 91, 93, 97, 98, 100, 101, 102, 103, 106, 110, 112, 113, 116, 118, 120, 122, 123, 124, 125, 127, 128, 130, 131, 133, 134, 136, 137, 139, 140, 141, 142, 145, 149, 151, 155, 156, 164, 166, 167, 168, 169, 171, 172, 173, 175, 177, 179, 180, 181, 182, 184, 185, 187, 188, 191, 195, 196, 197, 200, 203, 204, 205, 207, 209, 211, 212, 214, 216, 220, 221, 222, 223, 226, 229, 230, 231, 233, 235, 237, 238, 240, 242, 246, 247, 248, 251, 254, 255, 256, 258, 260, 262, 263, 265, 266, 268, 271, 275, 276, 278, 279, 280, 281, 284, 288, 289, 290, 292, 293, 295, 297, 298, 299, 300, 302, 303, 305, 306, 308, 311, 315, 317, 319, 321, 322, 324, 325, 326, 327, 329, 333, 335, 339, 340, 348, 350, 351, 352, 353, 355, 356, 357, 359, 361, 363, 364, 365, 366, 368, 369, 371, 372, 374, 378, 379, 380, 383, 386, 387, 388, 390, 392, 394, 395, 397, 399, 403, 404, 405, 406, 409, 412, 413, 414, 416, 418, 420, 421, 423, 425, 429, 430, 431, 432, 435, 438, 439, 440, 442, 444, 446, 447, 449, 450, 452, 455], "excluded_lines": []}, "app/services/cache.py": {"executed_lines": [], "summary": {"covered_lines": 0, "num_statements": 148, "percent_covered": 0.0, "percent_covered_display": "0", "missing_lines": 148, "excluded_lines": 0}, "missing_lines": [5, 6, 7, 8, 9, 10, 12, 14, 17, 22, 23, 25, 26, 27, 28, 30, 32, 33, 39, 41, 43, 44, 45, 47, 63, 64, 67, 68, 71, 72, 73, 74, 77, 80, 81, 83, 85, 87, 88, 89, 91, 105, 106, 109, 110, 112, 114, 115, 118, 120, 121, 122, 124, 125, 127, 128, 129, 130, 132, 133, 134, 136, 138, 139, 141, 142, 144, 145, 147, 148, 149, 151, 153, 154, 156, 157, 159, 161, 162, 163, 165, 172, 173, 175, 176, 178, 180, 181, 182, 184, 186, 187, 189, 190, 192, 193, 195, 196, 197, 201, 209, 211, 217, 224, 226, 228, 230, 232, 234, 235, 239, 252, 253, 254, 257, 258, 259, 260, 262, 264, 265, 267, 269, 270, 272, 276, 278, 285, 287, 291, 298, 305, 307, 309, 311, 315, 322, 329, 331, 333, 335, 339, 346, 353, 355, 357, 359, 363], "excluded_lines": []}, "app/services/compliance_service.py": {"executed_lines": [1, 5, 6, 7, 8, 9, 11, 12, 13, 15, 16, 22, 23, 24, 27, 28, 30, 34, 126, 184, 199, 225, 226, 228, 232, 311, 401, 483, 484, 486, 490, 547, 587, 678, 679, 681, 688, 752, 778, 849, 867, 899], "summary": {"covered_lines": 37, "num_statements": 222, "percent_covered": 16.666666666666668, "percent_covered_display": "17", "missing_lines": 185, "excluded_lines": 0}, "missing_lines": [31, 32, 53, 63, 65, 67, 68, 69, 70, 71, 72, 73, 74, 77, 95, 97, 98, 101, 124, 139, 149, 151, 152, 155, 156, 157, 159, 162, 182, 191, 193, 194, 196, 197, 207, 222, 229, 230, 248, 251, 254, 273, 274, 275, 278, 309, 319, 322, 324, 325, 328, 331, 333, 334, 337, 356, 359, 361, 376, 379, 381, 382, 392, 393, 394, 395, 397, 399, 410, 413, 415, 416, 419, 422, 424, 425, 427, 429, 430, 431, 432, 433, 434, 437, 445, 448, 451, 452, 453, 454, 456, 459, 480, 487, 488, 505, 520, 521, 522, 525, 545, 551, 554, 556, 558, 559, 562, 564, 572, 574, 575, 585, 595, 598, 600, 601, 603, 606, 607, 609, 610, 618, 619, 621, 622, 623, 625, 628, 630, 631, 632, 633, 634, 639, 642, 661, 662, 667, 669, 682, 683, 684, 685, 686, 696, 705, 708, 717, 720, 726, 729, 739, 741, 761, 764, 767, 770, 771, 772, 773, 774, 776, 789, 792, 793, 794, 796, 798, 799, 801, 808, 809, 815, 822, 843, 844, 845, 847, 852, 865, 871, 882, 894, 902, 912], "excluded_lines": []}, "app/services/email.py": {"executed_lines": [2, 3, 4, 6, 8, 10, 11, 13, 14, 25, 26, 37, 38, 49, 50, 60, 61], "summary": {"covered_lines": 16, "num_statements": 26, "percent_covered": 61.53846153846154, "percent_covered_display": "62", "missing_lines": 10, "excluded_lines": 0}, "missing_lines": [21, 23, 33, 35, 45, 47, 56, 58, 69, 71], "excluded_lines": []}, "app/services/email_service.py": {"executed_lines": [], "summary": {"covered_lines": 0, "num_statements": 125, "percent_covered": 0.0, "percent_covered_display": "0", "missing_lines": 125, "excluded_lines": 0}, "missing_lines": [5, 6, 7, 8, 9, 10, 11, 12, 13, 14, 16, 17, 19, 21, 24, 27, 28, 29, 30, 35, 44, 47, 48, 49, 55, 62, 65, 74, 75, 76, 79, 86, 87, 88, 90, 91, 93, 96, 97, 99, 101, 102, 103, 104, 107, 108, 111, 113, 114, 116, 117, 118, 120, 128, 131, 132, 133, 138, 145, 148, 157, 158, 159, 162, 169, 170, 171, 173, 174, 176, 183, 192, 193, 194, 197, 204, 205, 207, 209, 211, 214, 216, 217, 219, 221, 222, 223, 224, 225, 227, 228, 229, 230, 231, 232, 233, 235, 247, 249, 251, 254, 255, 258, 259, 260, 261, 264, 265, 266, 268, 269, 270, 273, 274, 275, 276, 277, 279, 280, 282, 284, 285, 286, 290, 292], "excluded_lines": []}, "app/services/enhanced_email_service.py": {"executed_lines": [], "summary": {"covered_lines": 0, "num_statements": 192, "percent_covered": 0.0, "percent_covered_display": "0", "missing_lines": 192, "excluded_lines": 0}, "missing_lines": [5, 6, 7, 8, 9, 10, 11, 12, 13, 14, 15, 16, 17, 18, 19, 21, 22, 23, 24, 26, 28, 31, 32, 33, 34, 35, 38, 39, 40, 41, 42, 45, 46, 47, 48, 49, 50, 51, 52, 55, 56, 57, 58, 59, 60, 61, 62, 63, 66, 69, 70, 71, 72, 78, 79, 81, 83, 86, 87, 90, 91, 94, 95, 98, 100, 102, 114, 115, 116, 125, 128, 129, 130, 131, 141, 142, 151, 152, 154, 156, 158, 159, 160, 161, 164, 173, 174, 176, 178, 180, 192, 193, 196, 197, 200, 201, 204, 205, 209, 211, 221, 222, 224, 226, 229, 236, 237, 240, 241, 242, 244, 245, 247, 248, 249, 251, 263, 264, 266, 276, 277, 279, 280, 281, 285, 286, 289, 290, 291, 294, 295, 298, 307, 309, 310, 311, 313, 323, 327, 329, 331, 332, 334, 336, 337, 345, 346, 349, 350, 351, 352, 354, 355, 357, 359, 360, 362, 363, 364, 366, 367, 369, 378, 379, 380, 382, 384, 385, 387, 388, 389, 391, 392, 394, 396, 397, 398, 401, 411, 421, 422, 424, 425, 427, 436, 447, 463, 464, 466, 467, 469, 480], "excluded_lines": []}, "app/services/invitation_service.py": {"executed_lines": [], "summary": {"covered_lines": 0, "num_statements": 125, "percent_covered": 0.0, "percent_covered_display": "0", "missing_lines": 125, "excluded_lines": 0}, "missing_lines": [5, 6, 7, 8, 9, 10, 12, 13, 15, 19, 20, 21, 22, 23, 24, 25, 28, 33, 34, 35, 36, 37, 39, 49, 56, 57, 60, 67, 68, 71, 79, 80, 83, 84, 85, 93, 98, 109, 110, 111, 114, 117, 129, 143, 145, 158, 159, 161, 162, 163, 171, 177, 179, 180, 185, 192, 202, 206, 207, 209, 210, 211, 213, 216, 217, 224, 225, 226, 227, 230, 231, 234, 240, 243, 244, 250, 253, 254, 255, 257, 260, 263, 273, 282, 290, 294, 295, 297, 298, 301, 302, 304, 307, 317, 319, 327, 331, 332, 334, 335, 338, 343, 346, 357, 371, 373, 382, 384, 387, 389, 426, 442, 450, 451, 453, 455, 457, 459, 468, 475, 479, 486, 487, 489, 491], "excluded_lines": []}, "app/services/jwt_service.py": {"executed_lines": [1, 5, 6, 7, 8, 10, 11, 12, 13, 14, 16, 17, 18, 21, 24, 25, 29, 30, 31, 32, 33, 34, 36, 37, 40, 42, 43, 48, 49, 51, 53, 60, 84, 125, 132, 133, 135, 136, 138, 148, 149, 152, 155, 165, 167, 174, 175, 177, 178, 180, 190, 193, 196, 206, 208, 288, 297, 299, 326, 327, 328, 330, 358, 366, 373, 375, 377, 381, 407, 412, 413, 415, 452, 457, 465, 466, 488, 490, 491, 503], "summary": {"covered_lines": 78, "num_statements": 161, "percent_covered": 48.4472049689441, "percent_covered_display": "48", "missing_lines": 83, "excluded_lines": 0}, "missing_lines": [46, 58, 65, 76, 77, 78, 79, 82, 89, 96, 102, 108, 111, 119, 120, 121, 123, 191, 219, 220, 223, 224, 238, 239, 242, 254, 261, 269, 275, 281, 309, 310, 313, 314, 315, 316, 317, 320, 321, 322, 324, 335, 338, 339, 341, 342, 345, 352, 360, 368, 369, 370, 371, 379, 383, 384, 393, 394, 397, 398, 400, 402, 403, 404, 405, 420, 430, 431, 432, 433, 434, 441, 450, 468, 474, 477, 486, 495, 498, 501, 508, 511, 523], "excluded_lines": []}, "app/services/migration_service.py": {"executed_lines": [], "summary": {"covered_lines": 0, "num_statements": 30, "percent_covered": 0.0, "percent_covered_display": "0", "missing_lines": 30, "excluded_lines": 0}, "missing_lines": [2, 3, 4, 5, 7, 9, 12, 13, 20, 27, 30, 36, 38, 44, 46, 47, 49, 51, 53, 55, 57, 59, 61, 63, 65, 72, 74, 81, 87, 93], "excluded_lines": []}, "app/services/monitoring.py": {"executed_lines": [1, 5, 6, 7, 8, 9, 10, 11, 12, 14, 15, 16, 18, 21, 22, 23, 24, 25, 26, 29, 30, 31, 32, 33, 34, 37, 38, 42, 43, 44, 45, 46, 47, 48, 50, 52, 53, 55, 62, 69, 76, 83, 90, 97, 104, 111, 139, 148, 160, 169, 171, 172, 180, 183, 186, 189, 192, 193, 195, 197, 198, 201, 202, 203, 224, 227, 230, 231, 233, 235, 263, 270, 271, 275, 276, 277, 278, 279, 280, 282, 284, 286, 296, 303, 309, 311, 314, 320, 321, 322, 323, 324, 326, 333, 340, 341, 344, 345, 347, 348, 349, 355, 356, 358, 360, 367, 368, 372, 373, 374, 375, 376, 377, 378, 379, 381, 383, 384, 385, 387, 392, 398, 400, 443, 446, 463, 470, 473, 478, 490, 491, 493, 501, 503, 504, 505, 506, 509, 513, 520, 523, 529, 539, 540, 543, 549, 552, 554, 556, 564, 589, 596, 597, 601, 602, 603, 604, 606, 608, 610, 613, 615, 616, 619, 620, 621, 622, 625, 626, 627, 630, 631, 632, 635, 636, 637, 638, 640, 641, 643, 650, 651, 656, 657, 658, 659, 660, 661, 663, 665, 668, 669, 670, 671, 672, 674, 676, 678, 681, 682, 683, 684, 685, 687, 689, 691, 692, 693, 694, 698, 700, 702, 704, 706, 708, 714, 716, 722, 723, 727, 729, 730, 731, 733, 735, 738, 739, 740, 745, 746, 747, 752, 753, 754, 759, 761, 770], "summary": {"covered_lines": 229, "num_statements": 339, "percent_covered": 67.55162241887906, "percent_covered_display": "68", "missing_lines": 110, "excluded_lines": 0}, "missing_lines": [119, 121, 122, 123, 124, 125, 126, 127, 128, 129, 130, 131, 132, 135, 136, 137, 142, 143, 144, 145, 146, 150, 151, 153, 154, 155, 156, 158, 184, 190, 205, 206, 207, 209, 211, 212, 213, 218, 219, 228, 241, 248, 249, 250, 256, 257, 260, 261, 265, 266, 267, 288, 294, 362, 363, 364, 389, 390, 395, 396, 447, 449, 455, 456, 458, 460, 461, 475, 476, 480, 481, 482, 483, 484, 485, 486, 510, 511, 524, 525, 526, 560, 561, 562, 568, 569, 570, 571, 576, 581, 582, 585, 587, 591, 592, 593, 645, 646, 647, 666, 679, 695, 696, 725, 741, 742, 748, 749, 755, 756], "excluded_lines": []}, "app/services/oauth.py": {"executed_lines": [1, 5, 6, 7, 8, 9, 10, 12, 13, 15, 16, 17, 19, 22, 23, 26, 54, 55, 75, 76, 80, 81, 118, 119, 158, 159, 206, 207, 257, 258, 343, 344], "summary": {"covered_lines": 30, "num_statements": 164, "percent_covered": 18.29268292682927, "percent_covered_display": "18", "missing_lines": 134, "excluded_lines": 0}, "missing_lines": [57, 58, 60, 63, 64, 66, 67, 68, 70, 71, 73, 78, 89, 90, 91, 94, 95, 96, 99, 108, 109, 110, 111, 112, 115, 116, 126, 127, 128, 131, 139, 141, 142, 143, 149, 150, 151, 153, 154, 155, 156, 165, 166, 167, 169, 171, 172, 174, 179, 180, 181, 183, 186, 187, 192, 193, 195, 196, 197, 198, 200, 202, 203, 204, 213, 225, 226, 227, 228, 229, 230, 231, 232, 234, 235, 236, 237, 238, 239, 241, 242, 243, 244, 245, 247, 248, 249, 250, 251, 252, 253, 255, 267, 274, 276, 277, 278, 279, 282, 283, 285, 288, 289, 290, 296, 297, 298, 306, 307, 308, 311, 324, 327, 328, 329, 330, 331, 332, 335, 336, 337, 339, 341, 354, 355, 356, 357, 360, 361, 362, 363, 366, 369, 373], "excluded_lines": []}, "app/services/optimized_auth.py": {"executed_lines": [], "summary": {"covered_lines": 0, "num_statements": 137, "percent_covered": 0.0, "percent_covered_display": "0", "missing_lines": 137, "excluded_lines": 0}, "missing_lines": [6, 7, 8, 9, 10, 12, 13, 14, 16, 17, 18, 20, 22, 25, 26, 27, 29, 31, 41, 42, 44, 46, 55, 57, 58, 59, 61, 63, 74, 75, 77, 78, 89, 91, 92, 98, 100, 102, 104, 105, 106, 109, 110, 111, 113, 114, 115, 118, 119, 120, 122, 123, 125, 127, 128, 129, 130, 132, 133, 141, 143, 148, 153, 154, 160, 170, 171, 174, 181, 188, 195, 196, 201, 202, 204, 205, 206, 208, 209, 210, 213, 214, 215, 218, 222, 224, 225, 226, 228, 229, 231, 233, 238, 241, 243, 244, 246, 247, 253, 254, 256, 257, 258, 260, 261, 262, 263, 265, 268, 273, 275, 277, 278, 279, 280, 282, 283, 285, 288, 290, 302, 305, 307, 308, 310, 312, 313, 314, 315, 318, 321, 322, 324, 329, 330, 332, 333], "excluded_lines": []}, "app/services/organization_member_service.py": {"executed_lines": [1, 5, 6, 7, 8, 9, 10, 11, 12, 14, 15, 16, 19, 20, 25, 30, 77, 133, 202, 264, 344, 376], "summary": {"covered_lines": 20, "num_statements": 127, "percent_covered": 15.748031496062993, "percent_covered_display": "16", "missing_lines": 107, "excluded_lines": 0}, "missing_lines": [26, 27, 28, 40, 47, 48, 54, 65, 66, 67, 70, 73, 75, 84, 91, 92, 98, 99, 107, 108, 114, 115, 116, 118, 119, 120, 125, 128, 131, 141, 149, 150, 155, 158, 159, 167, 168, 174, 175, 177, 178, 179, 186, 187, 190, 191, 194, 200, 212, 220, 221, 227, 230, 242, 243, 244, 247, 260, 262, 271, 273, 274, 275, 279, 283, 284, 290, 291, 297, 298, 304, 306, 317, 320, 321, 322, 324, 325, 328, 329, 332, 333, 335, 337, 338, 339, 351, 352, 354, 355, 358, 362, 363, 365, 368, 374, 384, 393, 394, 396, 397, 399, 407, 408, 410, 413, 416], "excluded_lines": []}, "app/services/policy_engine.py": {"executed_lines": [], "summary": {"covered_lines": 0, "num_statements": 163, "percent_covered": 0.0, "percent_covered_display": "0", "missing_lines": 163, "excluded_lines": 0}, "missing_lines": [5, 6, 7, 8, 9, 10, 11, 13, 14, 16, 20, 21, 24, 29, 30, 31, 32, 34, 42, 45, 46, 47, 48, 49, 52, 60, 61, 62, 64, 65, 66, 68, 69, 71, 76, 77, 79, 81, 82, 83, 84, 85, 88, 91, 99, 106, 107, 113, 115, 126, 129, 132, 142, 143, 144, 147, 149, 150, 158, 167, 176, 177, 178, 181, 184, 192, 194, 196, 205, 206, 207, 210, 211, 212, 215, 216, 220, 221, 224, 225, 229, 230, 232, 234, 242, 243, 245, 246, 247, 249, 251, 252, 253, 254, 255, 257, 259, 260, 261, 263, 265, 266, 267, 269, 271, 281, 282, 285, 286, 287, 288, 289, 290, 291, 292, 293, 294, 295, 297, 299, 300, 303, 304, 305, 306, 307, 308, 309, 310, 311, 312, 313, 315, 317, 322, 323, 325, 327, 333, 334, 336, 338, 340, 348, 349, 350, 352, 354, 363, 375, 376, 379, 392, 399, 401, 402, 406, 410, 411, 412, 415, 416, 418], "excluded_lines": []}, "app/services/rbac_service.py": {"executed_lines": [1, 5, 6, 7, 8, 9, 10, 11, 12, 14, 17, 18, 19, 20, 21, 22, 23, 24, 25, 27, 28, 29, 30, 31, 32, 33, 34, 37, 38, 43, 52, 81, 86, 90, 94, 142, 167, 177, 192, 215, 248, 264, 294, 325, 361, 384, 391, 423], "summary": {"covered_lines": 44, "num_statements": 162, "percent_covered": 27.160493827160494, "percent_covered_display": "27", "missing_lines": 118, "excluded_lines": 0}, "missing_lines": [82, 83, 84, 88, 92, 107, 108, 110, 111, 114, 116, 117, 118, 121, 124, 125, 134, 140, 149, 150, 151, 153, 154, 157, 165, 169, 171, 172, 173, 175, 180, 181, 184, 186, 187, 188, 190, 201, 209, 210, 211, 213, 223, 226, 227, 228, 231, 232, 233, 236, 237, 238, 241, 242, 243, 244, 246, 250, 252, 253, 254, 255, 257, 258, 259, 260, 262, 270, 272, 273, 276, 279, 280, 287, 288, 289, 290, 292, 303, 313, 314, 315, 318, 321, 323, 332, 336, 337, 343, 344, 345, 347, 348, 350, 351, 354, 357, 359, 363, 367, 368, 373, 374, 376, 379, 382, 386, 387, 388, 389, 400, 408, 410, 418, 430, 432, 433, 439], "excluded_lines": []}, "app/services/risk_assessment_service.py": {"executed_lines": [], "summary": {"covered_lines": 0, "num_statements": 333, "percent_covered": 0.0, "percent_covered_display": "0", "missing_lines": 333, "excluded_lines": 0}, "missing_lines": [5, 6, 7, 8, 9, 10, 11, 12, 13, 14, 15, 16, 17, 18, 20, 21, 22, 23, 24, 26, 28, 29, 30, 35, 36, 37, 38, 39, 40, 41, 42, 43, 44, 45, 46, 47, 48, 49, 51, 54, 57, 58, 59, 60, 61, 63, 65, 68, 69, 70, 72, 74, 75, 79, 80, 82, 97, 99, 100, 101, 102, 103, 106, 114, 123, 126, 131, 135, 140, 158, 159, 161, 172, 173, 175, 183, 190, 192, 193, 195, 197, 198, 201, 202, 203, 204, 207, 210, 211, 214, 215, 216, 217, 218, 219, 220, 221, 223, 224, 225, 227, 229, 236, 237, 239, 241, 243, 248, 250, 252, 255, 261, 264, 265, 268, 269, 272, 273, 275, 276, 277, 279, 281, 289, 290, 292, 294, 296, 301, 303, 305, 308, 309, 311, 312, 313, 314, 316, 317, 318, 319, 322, 323, 324, 325, 328, 329, 330, 331, 332, 334, 335, 336, 338, 340, 346, 348, 350, 351, 354, 355, 356, 357, 358, 361, 362, 364, 365, 366, 368, 370, 377, 379, 381, 382, 391, 393, 394, 400, 403, 404, 407, 409, 410, 419, 421, 422, 424, 425, 427, 429, 431, 432, 433, 434, 435, 436, 438, 440, 448, 450, 455, 457, 459, 460, 463, 468, 471, 472, 473, 474, 475, 476, 478, 480, 481, 482, 484, 492, 494, 495, 496, 497, 498, 499, 501, 502, 503, 507, 508, 511, 513, 514, 516, 518, 527, 529, 530, 532, 533, 535, 536, 538, 539, 542, 543, 546, 547, 548, 549, 551, 552, 554, 557, 559, 565, 568, 570, 573, 575, 578, 580, 583, 585, 588, 590, 593, 595, 603, 605, 613, 615, 622, 623, 625, 633, 635, 642, 643, 651, 653, 661, 663, 665, 668, 669, 670, 671, 673, 680, 682, 690, 692, 699, 701, 710, 712, 715, 717, 725, 726, 727, 729, 731, 732, 733, 734, 736, 738, 746, 747, 748, 752, 753, 758, 759, 760, 762, 768, 769, 771, 772, 773, 774, 775, 776, 777, 778, 779, 780, 782, 783, 785], "excluded_lines": []}, "app/services/sso_service.py": {"executed_lines": [], "summary": {"covered_lines": 0, "num_statements": 365, "percent_covered": 0.0, "percent_covered_display": "0", "missing_lines": 365, "excluded_lines": 0}, "missing_lines": [5, 6, 7, 8, 9, 10, 12, 13, 14, 15, 16, 17, 18, 19, 20, 21, 22, 23, 24, 25, 26, 27, 28, 29, 30, 31, 33, 34, 35, 36, 37, 38, 39, 40, 41, 42, 43, 44, 45, 46, 49, 52, 53, 54, 55, 56, 59, 60, 61, 62, 69, 78, 81, 82, 84, 85, 89, 92, 93, 94, 95, 97, 100, 101, 102, 103, 104, 105, 107, 108, 110, 112, 116, 117, 118, 120, 121, 122, 123, 124, 125, 128, 129, 130, 131, 134, 137, 138, 140, 143, 144, 145, 148, 149, 150, 151, 152, 153, 154, 157, 158, 159, 160, 162, 164, 173, 175, 176, 178, 179, 180, 183, 184, 186, 187, 188, 191, 192, 193, 195, 198, 201, 202, 203, 214, 215, 217, 219, 232, 240, 241, 242, 244, 247, 250, 251, 253, 255, 256, 257, 260, 261, 262, 265, 268, 276, 284, 285, 288, 291, 293, 299, 307, 308, 309, 312, 313, 316, 328, 337, 339, 344, 352, 353, 354, 356, 357, 360, 363, 364, 375, 376, 378, 381, 388, 389, 390, 391, 395, 396, 399, 402, 405, 413, 420, 421, 424, 427, 429, 435, 445, 446, 447, 449, 451, 463, 467, 469, 470, 471, 472, 473, 474, 476, 479, 481, 482, 484, 486, 489, 494, 495, 497, 500, 501, 502, 503, 505, 508, 509, 510, 511, 513, 517, 520, 522, 523, 524, 525, 528, 535, 538, 556, 563, 566, 573, 575, 576, 577, 579, 580, 581, 582, 583, 585, 587, 594, 597, 605, 607, 608, 609, 611, 613, 624, 627, 630, 631, 633, 634, 636, 637, 640, 641, 643, 645, 648, 650, 653, 656, 659, 661, 663, 669, 675, 677, 679, 682, 684, 685, 686, 688, 690, 692, 699, 702, 709, 712, 713, 714, 715, 716, 717, 718, 719, 721, 723, 724, 725, 726, 728, 730, 731, 732, 733, 735, 737, 739, 741, 742, 744, 746, 748, 754, 756, 762, 764, 770, 772, 778, 780, 781, 787, 789, 794, 796, 801, 803, 808, 810, 815, 817, 823, 825, 836, 838, 839, 840, 841, 843, 845, 850, 853, 860, 862, 863, 864, 865, 867, 875, 877, 884, 886, 892, 894, 895, 902, 904, 905, 913, 915, 922, 924, 926, 928], "excluded_lines": []}, "app/services/storage.py": {"executed_lines": [], "summary": {"covered_lines": 0, "num_statements": 198, "percent_covered": 0.0, "percent_covered_display": "0", "missing_lines": 198, "excluded_lines": 0}, "missing_lines": [5, 6, 7, 8, 9, 10, 11, 13, 16, 17, 18, 19, 21, 22, 23, 24, 26, 27, 28, 30, 32, 33, 34, 36, 37, 38, 39, 40, 42, 45, 50, 51, 52, 54, 55, 61, 64, 65, 67, 69, 74, 75, 77, 92, 94, 95, 97, 98, 100, 103, 104, 107, 110, 111, 113, 114, 121, 127, 139, 140, 141, 143, 151, 153, 154, 157, 167, 168, 171, 173, 175, 176, 177, 179, 186, 188, 191, 194, 195, 198, 200, 201, 202, 204, 206, 207, 208, 210, 211, 212, 213, 215, 217, 218, 222, 223, 224, 225, 227, 229, 230, 231, 232, 233, 234, 235, 236, 238, 240, 241, 242, 244, 245, 246, 247, 249, 251, 252, 256, 257, 258, 259, 261, 263, 264, 265, 266, 268, 269, 270, 271, 272, 274, 280, 281, 283, 284, 292, 293, 294, 295, 297, 304, 314, 315, 316, 319, 320, 321, 324, 325, 326, 328, 330, 331, 333, 335, 337, 338, 340, 348, 349, 350, 353, 356, 357, 358, 359, 362, 365, 366, 367, 369, 371, 372, 374, 378, 381, 384, 385, 392, 394, 395, 398, 399, 402, 410, 422, 424, 425, 426, 428, 429, 431, 432, 433, 434, 435], "excluded_lines": []}, "app/services/webhook_enhanced.py": {"executed_lines": [], "summary": {"covered_lines": 0, "num_statements": 193, "percent_covered": 0.0, "percent_covered_display": "0", "missing_lines": 193, "excluded_lines": 0}, "missing_lines": [5, 6, 7, 8, 9, 10, 11, 12, 13, 14, 15, 16, 18, 19, 20, 21, 24, 27, 29, 30, 31, 32, 33, 34, 37, 43, 44, 45, 48, 49, 51, 52, 53, 54, 55, 56, 57, 58, 59, 61, 66, 69, 70, 71, 74, 75, 78, 79, 81, 86, 87, 90, 93, 94, 96, 108, 116, 117, 120, 128, 129, 130, 133, 134, 142, 143, 144, 147, 154, 165, 169, 170, 172, 173, 174, 175, 178, 184, 186, 187, 189, 191, 192, 193, 194, 195, 197, 201, 202, 204, 207, 214, 216, 220, 224, 226, 232, 233, 234, 235, 236, 238, 242, 243, 245, 248, 250, 257, 258, 259, 264, 265, 266, 267, 268, 270, 279, 281, 282, 283, 284, 287, 295, 301, 310, 311, 314, 322, 324, 325, 326, 327, 328, 329, 331, 332, 335, 336, 337, 340, 342, 345, 347, 349, 350, 352, 354, 355, 356, 358, 359, 361, 363, 364, 365, 367, 368, 370, 380, 381, 384, 385, 386, 389, 390, 391, 393, 395, 404, 405, 406, 409, 424, 426, 430, 436, 440, 444, 445, 448, 452, 456, 457, 460, 461, 462, 464, 470, 472, 477, 479, 490, 498], "excluded_lines": []}, "app/services/webhooks.py": {"executed_lines": [1, 5, 6, 7, 8, 9, 10, 11, 12, 13, 14, 15, 16, 18, 19, 21, 24, 25, 27, 28, 29, 30, 31, 32, 35, 36, 37, 40, 41, 42, 43, 44, 45, 48, 49, 50, 51, 52, 53, 54, 57, 58, 61, 62, 65, 66, 67, 68, 69, 70, 71, 72, 75, 76, 78, 79, 80, 81, 83, 143, 162, 179, 244, 252, 262, 296, 335, 356, 396, 426, 453, 454, 459, 460, 465, 466, 473, 477, 492, 507], "summary": {"covered_lines": 76, "num_statements": 195, "percent_covered": 38.97435897435897, "percent_covered_display": "39", "missing_lines": 119, "excluded_lines": 0}, "missing_lines": [101, 103, 109, 110, 113, 119, 120, 121, 124, 134, 138, 140, 141, 150, 155, 156, 160, 164, 165, 166, 167, 168, 169, 170, 171, 172, 173, 174, 175, 177, 188, 193, 195, 196, 198, 210, 211, 214, 221, 222, 223, 225, 226, 227, 228, 230, 233, 234, 236, 237, 238, 239, 240, 242, 246, 259, 260, 274, 278, 288, 289, 290, 292, 294, 308, 312, 313, 315, 316, 317, 318, 319, 320, 321, 322, 323, 324, 326, 328, 329, 331, 333, 342, 346, 347, 349, 350, 352, 354, 364, 366, 371, 372, 373, 376, 377, 378, 379, 380, 382, 387, 403, 407, 408, 411, 417, 424, 433, 436, 441, 445, 447, 451, 457, 463, 469, 484, 499, 514], "excluded_lines": []}, "app/services/websocket_manager.py": {"executed_lines": [], "summary": {"covered_lines": 0, "num_statements": 213, "percent_covered": 0.0, "percent_covered_display": "0", "missing_lines": 213, "excluded_lines": 0}, "missing_lines": [5, 6, 7, 8, 9, 10, 12, 13, 16, 18, 19, 20, 21, 22, 23, 24, 25, 26, 27, 28, 29, 30, 31, 32, 35, 40, 42, 45, 48, 51, 54, 57, 60, 62, 71, 74, 75, 78, 88, 89, 90, 91, 92, 95, 105, 106, 107, 109, 111, 115, 116, 118, 121, 122, 123, 124, 125, 126, 129, 130, 131, 132, 134, 135, 136, 137, 140, 141, 142, 143, 146, 148, 157, 158, 161, 162, 164, 165, 172, 175, 176, 179, 180, 181, 184, 185, 186, 187, 190, 191, 192, 195, 204, 206, 215, 216, 218, 221, 222, 228, 231, 232, 233, 234, 235, 237, 238, 239, 240, 241, 244, 250, 253, 262, 264, 273, 274, 276, 279, 280, 281, 282, 284, 285, 286, 287, 290, 299, 301, 305, 306, 308, 309, 310, 311, 312, 313, 315, 319, 320, 322, 323, 325, 334, 335, 337, 338, 339, 341, 350, 351, 353, 354, 355, 357, 365, 366, 367, 369, 378, 379, 381, 383, 384, 385, 387, 389, 390, 391, 392, 394, 396, 397, 398, 399, 401, 403, 405, 407, 411, 412, 416, 421, 433, 434, 435, 439, 442, 443, 456, 460, 461, 462, 464, 466, 467, 470, 471, 472, 473, 476, 481, 482, 483, 485, 489, 490, 492, 493, 502, 506, 511, 525], "excluded_lines": []}, "app/users/__init__.py": {"executed_lines": [], "summary": {"covered_lines": 0, "num_statements": 0, "percent_covered": 100.0, "percent_covered_display": "100", "missing_lines": 0, "excluded_lines": 0}, "missing_lines": [], "excluded_lines": []}, "app/users/router.py": {"executed_lines": [], "summary": {"covered_lines": 0, "num_statements": 148, "percent_covered": 0.0, "percent_covered_display": "0", "missing_lines": 148, "excluded_lines": 0}, "missing_lines": [5, 6, 7, 9, 10, 11, 12, 13, 14, 16, 17, 18, 19, 20, 22, 23, 24, 28, 29, 30, 33, 34, 35, 38, 39, 40, 41, 42, 43, 44, 45, 46, 47, 50, 51, 52, 53, 54, 55, 56, 57, 61, 67, 68, 69, 75, 76, 77, 82, 85, 86, 90, 103, 104, 110, 112, 113, 115, 116, 118, 121, 122, 125, 136, 138, 150, 151, 152, 158, 159, 165, 167, 168, 174, 175, 176, 182, 183, 185, 188, 199, 201, 203, 204, 205, 206, 207, 213, 214, 219, 221, 227, 231, 233, 234, 235, 245, 247, 248, 249, 255, 256, 262, 263, 266, 267, 268, 274, 276, 277, 282, 284, 286, 287, 291, 292, 293, 294, 295, 301, 302, 307, 309, 314, 317, 318, 319, 320, 321, 324, 332, 334, 339, 340, 341, 347, 348, 353, 355, 356, 359, 371, 379, 381, 383, 385, 386, 387], "excluded_lines": []}}, "totals": {"covered_lines": 3875, "num_statements": 13759, "percent_covered": 28.163383966858056, "percent_covered_display": "28", "missing_lines": 9884, "excluded_lines": 0}}