{"meta": {"version": "7.3.4", "timestamp": "2025-09-20T16:18:23.751457", "branch_coverage": false, "show_contexts": false}, "files": {"app/__init__.py": {"executed_lines": [1, 8, 9, 10, 11, 12, 15, 16, 28, 31, 32, 33, 36, 54, 65, 75], "summary": {"covered_lines": 15, "num_statements": 15, "percent_covered": 100.0, "percent_covered_display": "100", "missing_lines": 0, "excluded_lines": 0}, "missing_lines": [], "excluded_lines": []}, "app/alerting/__init__.py": {"executed_lines": [], "summary": {"covered_lines": 0, "num_statements": 7, "percent_covered": 0.0, "percent_covered_display": "0", "missing_lines": 7, "excluded_lines": 0}, "missing_lines": [7, 17, 18, 19, 20, 23, 46], "excluded_lines": []}, "app/alerting/alert_system.py": {"executed_lines": [], "summary": {"covered_lines": 0, "num_statements": 448, "percent_covered": 0.0, "percent_covered_display": "0", "missing_lines": 448, "excluded_lines": 0}, "missing_lines": [6, 7, 8, 9, 10, 11, 12, 13, 14, 15, 16, 17, 18, 19, 20, 22, 23, 24, 26, 29, 31, 32, 33, 34, 37, 39, 40, 41, 42, 45, 47, 48, 49, 50, 51, 54, 55, 57, 58, 59, 60, 61, 62, 63, 64, 65, 66, 67, 68, 69, 70, 73, 74, 76, 77, 78, 79, 80, 81, 82, 83, 84, 85, 86, 87, 88, 89, 92, 93, 95, 96, 97, 98, 99, 100, 103, 106, 107, 109, 111, 112, 115, 116, 117, 118, 119, 120, 121, 122, 123, 124, 125, 126, 128, 129, 132, 133, 135, 138, 139, 142, 144, 145, 147, 150, 153, 154, 156, 158, 159, 160, 161, 162, 163, 164, 166, 167, 168, 171, 174, 209, 216, 230, 231, 232, 233, 236, 237, 240, 241, 242, 243, 245, 249, 251, 252, 256, 258, 260, 261, 262, 263, 264, 267, 275, 314, 315, 316, 322, 323, 325, 328, 330, 331, 335, 337, 339, 340, 341, 342, 344, 345, 346, 349, 362, 363, 364, 365, 367, 368, 370, 372, 376, 378, 379, 383, 385, 387, 388, 389, 390, 391, 394, 402, 435, 436, 437, 443, 445, 446, 448, 451, 453, 454, 458, 460, 462, 465, 468, 469, 470, 471, 472, 473, 474, 475, 478, 481, 483, 485, 486, 491, 492, 495, 497, 498, 500, 502, 577, 578, 580, 582, 583, 585, 587, 588, 589, 590, 592, 608, 611, 612, 613, 614, 615, 623, 625, 626, 628, 630, 631, 633, 634, 636, 638, 639, 640, 641, 642, 643, 645, 647, 649, 650, 651, 652, 654, 655, 656, 657, 658, 660, 662, 663, 664, 666, 667, 668, 669, 671, 674, 676, 677, 678, 681, 683, 685, 686, 689, 690, 691, 694, 707, 709, 711, 712, 714, 715, 717, 718, 719, 721, 723, 725, 727, 729, 731, 733, 735, 736, 739, 740, 742, 743, 744, 746, 748, 755, 757, 758, 760, 762, 763, 765, 767, 769, 771, 772, 775, 776, 779, 781, 787, 788, 790, 792, 794, 799, 800, 801, 804, 806, 807, 808, 810, 811, 812, 813, 814, 815, 816, 817, 818, 820, 821, 822, 824, 825, 830, 832, 833, 835, 836, 838, 839, 842, 843, 848, 850, 852, 853, 854, 856, 858, 860, 861, 863, 864, 865, 867, 869, 870, 871, 873, 875, 878, 880, 881, 883, 884, 898, 899, 902, 904, 905, 907, 909, 910, 911, 912, 913, 914, 916, 918, 921, 923, 925, 926, 927, 929, 931, 932, 933, 934, 935, 937, 938, 940, 941, 943, 945, 946, 947, 949, 951, 952, 954, 955, 956, 958, 959, 960, 961, 962, 965, 966, 967, 968, 970, 979, 980, 981, 983, 985, 986, 990, 994, 996, 997, 1000, 1003, 1017, 1018, 1020, 1021, 1023, 1026, 1028], "excluded_lines": []}, "app/alerting/application/__init__.py": {"executed_lines": [], "summary": {"covered_lines": 0, "num_statements": 0, "percent_covered": 100.0, "percent_covered_display": "100", "missing_lines": 0, "excluded_lines": 0}, "missing_lines": [], "excluded_lines": []}, "app/alerting/application/services/__init__.py": {"executed_lines": [], "summary": {"covered_lines": 0, "num_statements": 3, "percent_covered": 0.0, "percent_covered_display": "0", "missing_lines": 3, "excluded_lines": 0}, "missing_lines": [3, 4, 6], "excluded_lines": []}, "app/alerting/application/services/alert_orchestrator.py": {"executed_lines": [], "summary": {"covered_lines": 0, "num_statements": 237, "percent_covered": 0.0, "percent_covered_display": "0", "missing_lines": 237, "excluded_lines": 8}, "missing_lines": [6, 7, 8, 9, 11, 12, 13, 14, 15, 16, 19, 20, 22, 23, 24, 25, 26, 29, 32, 36, 40, 44, 48, 53, 56, 60, 64, 69, 72, 79, 80, 81, 82, 85, 88, 89, 90, 93, 94, 95, 97, 99, 100, 102, 104, 106, 109, 110, 112, 113, 114, 117, 120, 121, 122, 124, 125, 126, 130, 133, 134, 135, 138, 139, 142, 143, 145, 147, 148, 149, 151, 153, 154, 155, 156, 158, 159, 160, 164, 167, 170, 171, 174, 181, 187, 189, 190, 191, 193, 195, 196, 197, 198, 200, 201, 202, 206, 209, 212, 213, 216, 219, 222, 232, 239, 241, 242, 243, 245, 247, 248, 249, 250, 252, 253, 254, 259, 262, 265, 268, 269, 272, 273, 274, 277, 288, 296, 298, 299, 300, 302, 304, 305, 308, 314, 315, 316, 319, 321, 322, 323, 324, 325, 328, 329, 331, 332, 333, 334, 336, 349, 350, 351, 353, 356, 357, 360, 363, 375, 383, 385, 386, 387, 388, 391, 392, 393, 394, 395, 398, 401, 403, 404, 407, 408, 414, 415, 417, 418, 420, 422, 423, 424, 425, 427, 428, 429, 432, 433, 436, 437, 442, 443, 445, 446, 448, 451, 452, 453, 456, 457, 458, 460, 462, 465, 466, 467, 470, 471, 473, 475, 476, 477, 479, 481, 483, 487, 489, 491, 492, 493, 494, 495, 496, 498, 500, 501, 502, 503, 504, 505, 507, 509, 517, 520, 521, 523], "excluded_lines": [34, 38, 42, 46, 50, 58, 62, 66]}, "app/alerting/application/services/notification_dispatcher.py": {"executed_lines": [], "summary": {"covered_lines": 0, "num_statements": 212, "percent_covered": 0.0, "percent_covered_display": "0", "missing_lines": 212, "excluded_lines": 5}, "missing_lines": [6, 7, 8, 9, 11, 12, 13, 17, 20, 21, 24, 25, 27, 28, 29, 30, 32, 33, 35, 36, 39, 42, 46, 50, 55, 58, 62, 67, 70, 76, 77, 78, 81, 82, 83, 86, 87, 88, 89, 92, 93, 96, 104, 106, 107, 108, 110, 111, 112, 114, 116, 118, 119, 120, 121, 122, 123, 125, 127, 129, 131, 132, 133, 134, 137, 138, 139, 140, 142, 143, 147, 150, 151, 152, 153, 156, 157, 158, 159, 167, 168, 171, 172, 174, 179, 181, 182, 188, 190, 192, 194, 195, 198, 201, 203, 205, 206, 211, 212, 213, 215, 217, 227, 229, 232, 233, 236, 238, 239, 241, 243, 245, 246, 248, 249, 251, 252, 253, 254, 257, 258, 259, 260, 261, 264, 265, 266, 268, 270, 272, 273, 275, 277, 279, 281, 284, 285, 289, 292, 298, 309, 311, 312, 318, 320, 322, 323, 325, 328, 331, 334, 336, 337, 338, 339, 340, 342, 344, 347, 348, 349, 350, 351, 353, 354, 357, 360, 365, 367, 369, 370, 372, 373, 376, 379, 380, 381, 383, 384, 386, 389, 390, 392, 393, 398, 400, 401, 403, 405, 407, 409, 415, 417, 419, 420, 422, 425, 426, 427, 429, 430, 432, 434, 436, 443, 445, 447, 450, 451, 454, 455, 460], "excluded_lines": [44, 48, 52, 60, 64]}, "app/alerting/domain/__init__.py": {"executed_lines": [], "summary": {"covered_lines": 0, "num_statements": 0, "percent_covered": 100.0, "percent_covered_display": "100", "missing_lines": 0, "excluded_lines": 0}, "missing_lines": [], "excluded_lines": []}, "app/alerting/domain/models/__init__.py": {"executed_lines": [], "summary": {"covered_lines": 0, "num_statements": 4, "percent_covered": 0.0, "percent_covered_display": "0", "missing_lines": 4, "excluded_lines": 0}, "missing_lines": [3, 4, 5, 7], "excluded_lines": []}, "app/alerting/domain/models/alert.py": {"executed_lines": [], "summary": {"covered_lines": 0, "num_statements": 160, "percent_covered": 0.0, "percent_covered_display": "0", "missing_lines": 160, "excluded_lines": 0}, "missing_lines": [6, 7, 8, 9, 10, 12, 13, 16, 18, 19, 20, 21, 23, 25, 28, 30, 31, 32, 33, 34, 37, 38, 40, 41, 42, 43, 44, 46, 48, 57, 58, 59, 61, 64, 65, 67, 68, 69, 70, 71, 74, 75, 79, 80, 83, 84, 85, 86, 89, 90, 91, 92, 93, 96, 97, 100, 101, 104, 106, 108, 109, 110, 111, 113, 115, 116, 118, 119, 120, 122, 123, 124, 126, 128, 130, 132, 133, 134, 136, 137, 138, 139, 141, 143, 145, 147, 148, 150, 151, 153, 155, 157, 159, 160, 163, 164, 165, 166, 167, 168, 170, 171, 172, 174, 179, 181, 183, 184, 185, 187, 189, 190, 192, 194, 196, 198, 200, 202, 204, 206, 207, 208, 210, 212, 213, 214, 216, 218, 223, 225, 227, 229, 231, 234, 237, 238, 240, 241, 243, 245, 247, 249, 251, 253, 255, 258, 260, 261, 264, 266, 268, 269, 272, 273, 275, 277, 279, 285, 287, 289], "excluded_lines": []}, "app/alerting/domain/models/notification.py": {"executed_lines": [], "summary": {"covered_lines": 0, "num_statements": 145, "percent_covered": 0.0, "percent_covered_display": "0", "missing_lines": 145, "excluded_lines": 23}, "missing_lines": [6, 7, 8, 9, 10, 11, 13, 16, 18, 19, 20, 21, 22, 25, 27, 28, 29, 30, 33, 34, 36, 37, 38, 39, 40, 42, 44, 45, 46, 47, 49, 51, 52, 53, 54, 57, 58, 60, 61, 62, 63, 64, 65, 66, 68, 70, 71, 72, 74, 75, 77, 78, 81, 82, 83, 84, 86, 88, 95, 97, 99, 100, 102, 109, 111, 113, 114, 115, 118, 119, 123, 126, 127, 128, 131, 132, 133, 134, 137, 138, 139, 140, 141, 142, 145, 146, 148, 150, 151, 152, 153, 154, 155, 157, 159, 161, 162, 163, 166, 167, 169, 171, 172, 173, 174, 176, 178, 179, 180, 182, 184, 186, 188, 191, 193, 194, 196, 197, 199, 201, 204, 206, 208, 210, 222, 223, 231, 232, 234, 236, 238, 240, 242, 250, 251, 257, 259, 261, 296, 314, 316, 317, 325, 327, 328], "excluded_lines": [280, 281, 283, 284, 285, 287, 288, 289, 291, 292, 293, 299, 300, 301, 302, 304, 305, 306, 307, 309, 310, 311, 312]}, "app/alerting/domain/models/rule.py": {"executed_lines": [], "summary": {"covered_lines": 0, "num_statements": 159, "percent_covered": 0.0, "percent_covered_display": "0", "missing_lines": 159, "excluded_lines": 0}, "missing_lines": [6, 7, 8, 9, 10, 12, 15, 17, 18, 19, 20, 21, 22, 24, 25, 27, 30, 31, 33, 34, 35, 36, 38, 40, 41, 42, 43, 44, 45, 47, 49, 58, 59, 61, 63, 66, 67, 69, 70, 72, 74, 75, 76, 79, 80, 84, 87, 88, 89, 90, 93, 94, 95, 98, 101, 102, 105, 106, 107, 109, 111, 112, 113, 114, 115, 116, 117, 118, 120, 122, 123, 125, 127, 129, 131, 133, 135, 136, 138, 140, 142, 144, 146, 148, 150, 152, 154, 157, 158, 160, 161, 168, 170, 172, 174, 175, 176, 177, 179, 180, 182, 184, 186, 188, 190, 192, 193, 194, 196, 198, 200, 202, 227, 228, 230, 246, 247, 248, 256, 257, 258, 263, 266, 269, 270, 272, 274, 275, 277, 279, 280, 282, 284, 285, 287, 290, 291, 297, 299, 301, 302, 304, 306, 307, 309, 311, 312, 314, 316, 317, 319, 321, 322, 324, 327, 328, 329, 330, 332], "excluded_lines": []}, "app/alerting/domain/services/__init__.py": {"executed_lines": [], "summary": {"covered_lines": 0, "num_statements": 3, "percent_covered": 0.0, "percent_covered_display": "0", "missing_lines": 3, "excluded_lines": 0}, "missing_lines": [3, 4, 6], "excluded_lines": []}, "app/alerting/domain/services/alert_evaluator.py": {"executed_lines": [], "summary": {"covered_lines": 0, "num_statements": 167, "percent_covered": 0.0, "percent_covered_display": "0", "missing_lines": 167, "excluded_lines": 8}, "missing_lines": [6, 7, 8, 9, 10, 12, 13, 14, 15, 18, 19, 21, 22, 23, 24, 25, 26, 27, 28, 29, 31, 33, 35, 37, 38, 40, 41, 42, 43, 45, 60, 63, 64, 65, 67, 69, 70, 71, 73, 74, 77, 78, 80, 82, 83, 85, 86, 89, 90, 91, 93, 95, 97, 99, 100, 102, 103, 108, 109, 111, 113, 115, 116, 118, 120, 121, 129, 130, 132, 142, 145, 146, 147, 148, 150, 152, 153, 154, 165, 166, 167, 178, 180, 185, 186, 187, 199, 202, 205, 208, 211, 215, 221, 233, 234, 236, 247, 249, 250, 256, 267, 269, 271, 272, 273, 274, 275, 276, 278, 289, 291, 293, 294, 297, 306, 316, 318, 320, 321, 323, 324, 326, 328, 330, 332, 334, 336, 339, 340, 341, 343, 345, 347, 348, 349, 352, 355, 356, 358, 360, 362, 363, 364, 365, 366, 367, 368, 374, 375, 381, 383, 385, 387, 388, 389, 391, 392, 393, 394, 396, 397, 400, 401, 402, 408, 409, 414], "excluded_lines": [48, 49, 51, 52, 53, 55, 56, 57]}, "app/alerting/domain/services/notification_strategy.py": {"executed_lines": [], "summary": {"covered_lines": 0, "num_statements": 181, "percent_covered": 0.0, "percent_covered_display": "0", "missing_lines": 181, "excluded_lines": 0}, "missing_lines": [6, 7, 8, 9, 11, 15, 16, 19, 20, 22, 23, 24, 25, 26, 27, 28, 29, 32, 35, 36, 37, 38, 40, 42, 43, 44, 50, 51, 57, 59, 61, 63, 65, 67, 68, 70, 71, 72, 73, 74, 77, 78, 83, 84, 87, 88, 91, 93, 95, 98, 101, 110, 113, 114, 115, 116, 123, 124, 130, 132, 133, 134, 137, 147, 149, 150, 157, 159, 161, 162, 163, 165, 166, 167, 168, 173, 175, 177, 178, 183, 184, 195, 196, 199, 200, 203, 204, 205, 206, 207, 208, 209, 210, 213, 214, 215, 218, 219, 220, 221, 222, 223, 224, 225, 228, 229, 230, 232, 243, 245, 246, 248, 253, 254, 255, 258, 261, 262, 264, 266, 267, 269, 270, 271, 274, 275, 278, 284, 286, 288, 289, 290, 292, 294, 296, 297, 299, 300, 302, 303, 306, 311, 313, 315, 316, 319, 322, 323, 330, 332, 333, 339, 342, 344, 345, 347, 349, 351, 353, 354, 356, 358, 360, 362, 364, 369, 371, 372, 374, 375, 376, 380, 382, 383, 385, 387, 389, 390, 391, 393, 394], "excluded_lines": []}, "app/alerting/evaluation/__init__.py": {"executed_lines": [], "summary": {"covered_lines": 0, "num_statements": 0, "percent_covered": 100.0, "percent_covered_display": "100", "missing_lines": 0, "excluded_lines": 0}, "missing_lines": [], "excluded_lines": []}, "app/alerting/evaluation/evaluator.py": {"executed_lines": [], "summary": {"covered_lines": 0, "num_statements": 54, "percent_covered": 0.0, "percent_covered_display": "0", "missing_lines": 54, "excluded_lines": 0}, "missing_lines": [6, 7, 8, 10, 12, 15, 18, 19, 21, 23, 24, 27, 28, 29, 30, 31, 32, 33, 34, 35, 36, 37, 38, 40, 41, 44, 45, 47, 50, 51, 54, 56, 57, 59, 61, 63, 66, 67, 68, 69, 70, 71, 73, 75, 89, 91, 92, 94, 96, 98, 99, 100, 102, 103], "excluded_lines": []}, "app/alerting/infrastructure/__init__.py": {"executed_lines": [], "summary": {"covered_lines": 0, "num_statements": 0, "percent_covered": 100.0, "percent_covered_display": "100", "missing_lines": 0, "excluded_lines": 0}, "missing_lines": [], "excluded_lines": []}, "app/alerting/infrastructure/notifications/__init__.py": {"executed_lines": [], "summary": {"covered_lines": 0, "num_statements": 3, "percent_covered": 0.0, "percent_covered_display": "0", "missing_lines": 3, "excluded_lines": 0}, "missing_lines": [3, 4, 6], "excluded_lines": []}, "app/alerting/infrastructure/notifications/email_notifier.py": {"executed_lines": [], "summary": {"covered_lines": 0, "num_statements": 149, "percent_covered": 0.0, "percent_covered_display": "0", "missing_lines": 149, "excluded_lines": 0}, "missing_lines": [6, 7, 8, 9, 10, 11, 12, 14, 15, 16, 19, 22, 23, 25, 27, 29, 31, 33, 34, 35, 36, 39, 40, 41, 44, 45, 46, 47, 49, 51, 53, 54, 57, 58, 59, 62, 63, 64, 65, 66, 67, 68, 70, 73, 78, 82, 89, 91, 92, 93, 94, 96, 101, 102, 103, 104, 107, 110, 111, 112, 115, 116, 119, 120, 122, 123, 125, 127, 129, 131, 132, 135, 137, 139, 149, 150, 159, 160, 161, 162, 163, 164, 167, 177, 179, 182, 189, 191, 199, 201, 206, 207, 208, 210, 211, 212, 214, 216, 217, 220, 222, 224, 386, 389, 392, 393, 395, 397, 398, 399, 402, 403, 404, 406, 407, 408, 411, 412, 413, 415, 417, 418, 420, 421, 422, 424, 425, 427, 428, 429, 430, 431, 432, 435, 436, 437, 439, 440, 441, 443, 444, 445, 446, 447, 448, 449, 450, 452, 453], "excluded_lines": []}, "app/alerting/infrastructure/notifications/slack_notifier.py": {"executed_lines": [], "summary": {"covered_lines": 0, "num_statements": 180, "percent_covered": 0.0, "percent_covered_display": "0", "missing_lines": 180, "excluded_lines": 0}, "missing_lines": [6, 7, 8, 9, 11, 12, 13, 16, 19, 20, 21, 23, 25, 27, 29, 30, 31, 33, 34, 35, 36, 38, 40, 42, 43, 46, 47, 48, 50, 52, 55, 56, 59, 62, 63, 66, 67, 72, 74, 75, 76, 78, 79, 80, 81, 82, 83, 84, 85, 86, 87, 88, 89, 91, 93, 95, 98, 100, 102, 105, 106, 107, 108, 109, 111, 115, 117, 120, 127, 130, 141, 142, 145, 151, 152, 153, 154, 155, 156, 158, 160, 162, 163, 166, 180, 181, 200, 201, 208, 209, 210, 211, 218, 231, 233, 235, 238, 239, 248, 249, 258, 266, 268, 270, 271, 272, 275, 278, 279, 281, 282, 284, 285, 287, 288, 291, 292, 293, 294, 296, 298, 299, 301, 303, 304, 305, 308, 317, 318, 319, 321, 322, 324, 326, 327, 328, 329, 330, 331, 332, 334, 335, 336, 339, 342, 343, 345, 352, 354, 356, 357, 359, 360, 362, 364, 365, 367, 368, 369, 370, 372, 373, 375, 376, 378, 379, 381, 384, 387, 388, 390, 392, 394, 396, 398, 400, 402, 404, 405, 406], "excluded_lines": []}, "app/alerting/manager.py": {"executed_lines": [], "summary": {"covered_lines": 0, "num_statements": 188, "percent_covered": 0.0, "percent_covered_display": "0", "missing_lines": 188, "excluded_lines": 0}, "missing_lines": [6, 7, 8, 9, 10, 11, 12, 13, 15, 16, 17, 18, 20, 23, 26, 27, 28, 29, 30, 31, 32, 33, 34, 37, 40, 42, 44, 45, 46, 51, 52, 55, 57, 58, 60, 62, 63, 64, 66, 67, 69, 71, 72, 73, 74, 75, 76, 77, 79, 81, 82, 83, 84, 85, 86, 87, 88, 89, 91, 93, 94, 95, 97, 99, 100, 103, 107, 108, 111, 113, 115, 116, 117, 120, 133, 135, 136, 138, 140, 142, 143, 146, 147, 150, 152, 158, 159, 161, 163, 165, 170, 171, 172, 175, 177, 178, 179, 181, 183, 184, 185, 187, 188, 193, 195, 196, 198, 199, 201, 202, 205, 206, 211, 213, 215, 216, 217, 219, 221, 223, 224, 226, 227, 228, 230, 232, 233, 234, 236, 238, 241, 243, 244, 245, 258, 259, 261, 263, 292, 293, 295, 297, 298, 300, 302, 303, 304, 305, 306, 309, 312, 313, 314, 315, 316, 319, 321, 322, 324, 326, 329, 330, 333, 335, 338, 339, 342, 344, 345, 346, 347, 348, 349, 351, 353, 354, 355, 356, 357, 358, 360, 362, 364, 366, 367, 368, 369, 373], "excluded_lines": []}, "app/alerting/metrics.py": {"executed_lines": [], "summary": {"covered_lines": 0, "num_statements": 60, "percent_covered": 0.0, "percent_covered_display": "0", "missing_lines": 60, "excluded_lines": 0}, "missing_lines": [6, 7, 9, 12, 15, 17, 18, 20, 22, 23, 25, 26, 27, 28, 30, 31, 32, 33, 34, 36, 38, 40, 42, 44, 46, 48, 50, 51, 52, 53, 56, 57, 59, 60, 61, 63, 65, 71, 73, 75, 76, 77, 79, 81, 82, 83, 85, 87, 88, 89, 92, 93, 95, 96, 98, 100, 102, 104, 106, 110], "excluded_lines": []}, "app/alerting/models.py": {"executed_lines": [], "summary": {"covered_lines": 0, "num_statements": 69, "percent_covered": 0.0, "percent_covered_display": "0", "missing_lines": 69, "excluded_lines": 0}, "missing_lines": [6, 7, 8, 9, 12, 14, 15, 16, 17, 20, 22, 23, 24, 25, 28, 30, 31, 32, 33, 34, 37, 38, 40, 41, 42, 43, 44, 45, 46, 47, 48, 49, 50, 51, 52, 53, 56, 57, 59, 60, 61, 62, 63, 64, 65, 66, 67, 68, 69, 70, 71, 72, 75, 76, 78, 79, 80, 81, 82, 83, 86, 87, 89, 90, 91, 92, 93, 94, 95], "excluded_lines": []}, "app/alerting/notification/__init__.py": {"executed_lines": [], "summary": {"covered_lines": 0, "num_statements": 0, "percent_covered": 100.0, "percent_covered_display": "100", "missing_lines": 0, "excluded_lines": 0}, "missing_lines": [], "excluded_lines": []}, "app/alerting/notification/sender.py": {"executed_lines": [], "summary": {"covered_lines": 0, "num_statements": 119, "percent_covered": 0.0, "percent_covered_display": "0", "missing_lines": 119, "excluded_lines": 0}, "missing_lines": [6, 7, 8, 9, 10, 11, 13, 15, 18, 21, 22, 24, 26, 27, 28, 29, 30, 31, 32, 34, 35, 36, 39, 42, 77, 84, 98, 99, 100, 101, 104, 105, 108, 109, 110, 111, 113, 117, 119, 120, 124, 126, 128, 129, 130, 131, 132, 135, 143, 182, 183, 184, 190, 191, 193, 196, 198, 199, 203, 205, 207, 208, 209, 210, 212, 213, 214, 217, 230, 231, 232, 233, 235, 236, 238, 240, 244, 246, 247, 251, 253, 255, 256, 257, 258, 259, 262, 270, 303, 304, 305, 311, 313, 314, 316, 319, 321, 322, 326, 328, 330, 331, 332, 334, 335, 336, 337, 338, 339, 340, 341, 342, 344, 347, 349, 350, 354, 356, 358], "excluded_lines": []}, "app/auth/__init__.py": {"executed_lines": [], "summary": {"covered_lines": 0, "num_statements": 0, "percent_covered": 100.0, "percent_covered_display": "100", "missing_lines": 0, "excluded_lines": 0}, "missing_lines": [], "excluded_lines": []}, "app/auth/router.py": {"executed_lines": [], "summary": {"covered_lines": 0, "num_statements": 205, "percent_covered": 0.0, "percent_covered_display": "0", "missing_lines": 205, "excluded_lines": 0}, "missing_lines": [1, 2, 3, 4, 5, 6, 9, 11, 12, 13, 15, 16, 17, 18, 19, 20, 22, 23, 24, 25, 26, 27, 28, 30, 31, 32, 36, 37, 39, 49, 50, 51, 52, 53, 56, 57, 58, 59, 62, 63, 64, 65, 66, 69, 70, 71, 72, 73, 74, 75, 78, 79, 82, 83, 86, 87, 90, 91, 92, 96, 97, 105, 106, 111, 112, 118, 119, 124, 126, 127, 128, 137, 138, 139, 140, 145, 146, 147, 150, 152, 161, 162, 166, 167, 168, 174, 175, 184, 185, 190, 191, 197, 198, 204, 210, 211, 217, 225, 226, 235, 245, 252, 253, 259, 260, 263, 264, 265, 266, 267, 269, 272, 275, 276, 279, 280, 283, 284, 286, 287, 289, 290, 291, 297, 298, 305, 310, 311, 316, 318, 325, 326, 332, 333, 334, 340, 341, 342, 343, 348, 358, 359, 365, 367, 368, 371, 372, 375, 377, 378, 379, 380, 383, 384, 388, 389, 392, 394, 400, 401, 402, 408, 409, 415, 416, 422, 423, 429, 430, 431, 435, 436, 437, 440, 443, 444, 449, 451, 452, 454, 455, 461, 462, 463, 469, 470, 471, 474, 475, 478, 479, 482, 484, 485, 487, 488, 489, 490, 491, 498, 499, 507, 522, 523, 533], "excluded_lines": []}, "app/auth/router_completed.py": {"executed_lines": [], "summary": {"covered_lines": 0, "num_statements": 195, "percent_covered": 0.0, "percent_covered_display": "0", "missing_lines": 195, "excluded_lines": 0}, "missing_lines": [5, 6, 7, 9, 10, 11, 12, 13, 14, 16, 17, 18, 19, 20, 21, 23, 24, 25, 29, 30, 31, 32, 33, 36, 37, 38, 41, 42, 43, 44, 47, 48, 49, 50, 51, 52, 55, 56, 59, 60, 61, 64, 65, 68, 69, 72, 73, 79, 81, 84, 85, 88, 97, 103, 104, 111, 113, 115, 121, 122, 123, 124, 130, 131, 137, 139, 145, 146, 149, 154, 156, 162, 163, 167, 168, 169, 170, 176, 177, 183, 185, 188, 189, 191, 192, 195, 199, 200, 201, 202, 205, 206, 208, 210, 211, 212, 218, 219, 225, 227, 230, 231, 232, 233, 234, 237, 238, 242, 243, 246, 252, 253, 254, 256, 258, 264, 265, 269, 270, 271, 272, 278, 279, 284, 286, 289, 290, 294, 295, 297, 305, 306, 310, 311, 312, 318, 319, 325, 327, 329, 330, 333, 337, 338, 340, 341, 342, 345, 347, 349, 351, 352, 356, 357, 358, 359, 365, 366, 372, 374, 379, 381, 382, 389, 391, 393, 394, 396, 399, 400, 406, 408, 410, 411, 414, 418, 419, 422, 423, 426, 429, 435, 437, 439, 440, 444, 445, 446, 447, 454, 455, 461, 476, 477, 483], "excluded_lines": []}, "app/beta_auth.py": {"executed_lines": [], "summary": {"covered_lines": 0, "num_statements": 89, "percent_covered": 0.0, "percent_covered_display": "0", "missing_lines": 89, "excluded_lines": 0}, "missing_lines": [6, 7, 8, 9, 10, 11, 12, 13, 14, 15, 16, 17, 19, 22, 29, 30, 34, 35, 37, 38, 40, 41, 42, 43, 45, 46, 47, 49, 50, 51, 52, 54, 55, 56, 57, 58, 60, 62, 64, 66, 68, 70, 71, 72, 73, 75, 76, 78, 85, 86, 87, 89, 91, 92, 98, 99, 105, 106, 115, 117, 119, 126, 127, 128, 129, 130, 135, 136, 137, 139, 141, 142, 143, 149, 150, 156, 161, 164, 165, 171, 173, 178, 179, 180, 181, 182, 187, 188, 190], "excluded_lines": []}, "app/compliance/__init__.py": {"executed_lines": [], "summary": {"covered_lines": 0, "num_statements": 9, "percent_covered": 0.0, "percent_covered_display": "0", "missing_lines": 9, "excluded_lines": 0}, "missing_lines": [6, 7, 8, 9, 10, 11, 12, 13, 15], "excluded_lines": []}, "app/compliance/audit.py": {"executed_lines": [], "summary": {"covered_lines": 0, "num_statements": 256, "percent_covered": 0.0, "percent_covered_display": "0", "missing_lines": 256, "excluded_lines": 0}, "missing_lines": [6, 7, 8, 9, 10, 11, 12, 13, 14, 15, 16, 17, 18, 19, 20, 22, 23, 24, 28, 29, 31, 32, 35, 37, 38, 39, 40, 41, 42, 43, 44, 45, 46, 49, 51, 52, 53, 54, 55, 56, 57, 58, 59, 60, 63, 65, 66, 67, 68, 69, 72, 73, 75, 76, 77, 78, 79, 80, 83, 84, 85, 86, 89, 90, 91, 92, 95, 96, 97, 100, 101, 102, 105, 106, 109, 110, 112, 113, 114, 115, 118, 119, 120, 123, 124, 125, 126, 129, 130, 131, 134, 135, 138, 139, 140, 143, 144, 147, 150, 151, 152, 153, 155, 178, 179, 181, 207, 208, 226, 227, 230, 231, 235, 237, 245, 247, 263, 264, 267, 268, 269, 270, 271, 272, 274, 275, 278, 279, 282, 290, 293, 294, 295, 298, 328, 330, 344, 345, 347, 354, 356, 359, 361, 370, 372, 373, 374, 376, 377, 378, 380, 381, 382, 384, 386, 387, 388, 391, 393, 394, 396, 399, 400, 401, 403, 405, 407, 408, 409, 412, 415, 416, 417, 419, 427, 428, 430, 431, 441, 443, 444, 445, 458, 459, 461, 471, 473, 481, 482, 486, 487, 490, 500, 509, 510, 511, 514, 515, 517, 518, 520, 523, 524, 525, 526, 527, 528, 529, 530, 531, 532, 535, 536, 537, 540, 541, 544, 552, 553, 555, 561, 562, 563, 564, 566, 568, 569, 572, 600, 607, 609, 612, 614, 616, 624, 625, 627, 634, 635, 636, 637, 638, 639, 641, 642, 643, 644, 647, 648, 649, 651, 652, 653, 655, 657, 658], "excluded_lines": []}, "app/compliance/dashboard.py": {"executed_lines": [], "summary": {"covered_lines": 0, "num_statements": 280, "percent_covered": 0.0, "percent_covered_display": "0", "missing_lines": 280, "excluded_lines": 0}, "missing_lines": [6, 7, 8, 9, 10, 11, 12, 13, 14, 15, 16, 18, 19, 23, 24, 25, 26, 27, 28, 30, 31, 34, 36, 37, 38, 39, 40, 41, 42, 45, 47, 48, 49, 50, 51, 54, 56, 57, 58, 59, 62, 63, 65, 66, 67, 68, 69, 70, 71, 72, 73, 74, 75, 78, 79, 81, 82, 83, 84, 85, 86, 87, 88, 89, 92, 93, 95, 96, 97, 100, 101, 102, 103, 106, 107, 108, 111, 112, 115, 116, 117, 120, 121, 124, 125, 128, 131, 132, 133, 134, 135, 137, 146, 149, 150, 151, 152, 153, 154, 155, 158, 163, 164, 170, 172, 178, 179, 181, 183, 194, 197, 206, 214, 217, 225, 228, 237, 239, 240, 247, 248, 255, 256, 263, 280, 287, 288, 290, 292, 301, 304, 305, 307, 308, 310, 311, 318, 321, 322, 323, 324, 325, 326, 327, 329, 331, 332, 334, 335, 336, 338, 351, 352, 353, 354, 355, 358, 359, 360, 363, 364, 366, 386, 394, 400, 406, 411, 415, 432, 440, 448, 449, 450, 451, 453, 456, 457, 458, 459, 460, 461, 462, 463, 464, 466, 468, 510, 519, 526, 527, 528, 540, 562, 569, 570, 574, 587, 594, 595, 598, 599, 611, 614, 615, 617, 618, 619, 621, 623, 624, 626, 635, 642, 643, 645, 647, 655, 658, 671, 674, 675, 676, 677, 678, 680, 689, 696, 697, 699, 701, 709, 712, 721, 724, 725, 726, 728, 736, 738, 747, 749, 751, 760, 763, 766, 767, 769, 777, 778, 781, 782, 784, 788, 789, 790, 791, 792, 793, 795, 797, 803, 805, 807, 813, 815, 844, 846, 848, 849, 850, 851, 852, 853, 854, 855, 856, 857, 858, 859, 861], "excluded_lines": []}, "app/compliance/incident.py": {"executed_lines": [], "summary": {"covered_lines": 0, "num_statements": 388, "percent_covered": 0.0, "percent_covered_display": "0", "missing_lines": 388, "excluded_lines": 0}, "missing_lines": [6, 7, 8, 9, 10, 11, 12, 13, 14, 15, 16, 18, 19, 20, 21, 23, 24, 27, 29, 30, 31, 32, 33, 36, 38, 39, 40, 41, 42, 43, 46, 48, 49, 50, 51, 52, 53, 54, 55, 56, 57, 60, 62, 63, 64, 65, 66, 67, 70, 71, 73, 74, 75, 76, 77, 78, 79, 80, 81, 82, 83, 84, 85, 88, 89, 91, 92, 93, 94, 95, 96, 99, 100, 101, 102, 103, 104, 107, 108, 109, 112, 113, 114, 115, 118, 119, 120, 123, 124, 125, 128, 129, 132, 133, 135, 136, 137, 138, 139, 140, 141, 142, 143, 144, 145, 146, 147, 148, 149, 150, 151, 152, 153, 156, 162, 163, 164, 167, 168, 169, 172, 180, 182, 184, 186, 188, 189, 190, 191, 194, 195, 197, 198, 200, 202, 205, 207, 219, 220, 222, 223, 225, 227, 229, 230, 231, 234, 235, 236, 239, 240, 242, 245, 247, 248, 250, 252, 254, 255, 256, 259, 260, 261, 264, 269, 271, 272, 274, 275, 277, 279, 281, 282, 284, 285, 286, 289, 290, 291, 293, 295, 296, 297, 299, 301, 303, 304, 306, 307, 309, 311, 313, 315, 316, 318, 319, 321, 323, 325, 326, 328, 329, 331, 332, 334, 347, 348, 351, 352, 354, 355, 357, 358, 361, 362, 363, 365, 366, 367, 368, 371, 372, 373, 375, 376, 377, 379, 380, 381, 383, 384, 387, 388, 389, 391, 393, 395, 397, 398, 401, 402, 403, 405, 406, 408, 409, 412, 413, 415, 448, 452, 455, 456, 459, 460, 461, 462, 465, 466, 469, 470, 473, 474, 475, 477, 479, 481, 484, 493, 495, 513, 514, 516, 518, 520, 536, 537, 539, 541, 543, 545, 546, 547, 548, 551, 554, 557, 559, 560, 562, 565, 568, 569, 572, 573, 574, 576, 578, 581, 584, 585, 587, 589, 592, 594, 603, 605, 608, 609, 610, 611, 613, 615, 617, 621, 623, 625, 627, 628, 629, 630, 631, 632, 633, 634, 636, 638, 639, 642, 643, 644, 646, 647, 650, 652, 658, 659, 660, 662, 664, 666, 668, 670, 673, 674, 675, 677, 678, 680, 682, 684, 686, 688, 690, 691, 693, 694, 695, 702, 703, 705, 706, 708, 709, 711, 712, 713, 715, 719, 721, 723, 726, 727, 729, 730, 732, 733, 735, 736, 738, 743, 745, 747, 765, 767, 785, 787, 789], "excluded_lines": []}, "app/compliance/monitor.py": {"executed_lines": [], "summary": {"covered_lines": 0, "num_statements": 495, "percent_covered": 0.0, "percent_covered_display": "0", "missing_lines": 495, "excluded_lines": 1}, "missing_lines": [6, 7, 8, 9, 10, 11, 12, 13, 14, 15, 16, 17, 19, 20, 21, 22, 23, 26, 29, 31, 32, 33, 34, 35, 38, 40, 41, 42, 43, 44, 45, 48, 49, 51, 52, 53, 54, 55, 56, 57, 58, 59, 60, 63, 64, 66, 67, 68, 69, 70, 71, 72, 73, 75, 76, 77, 78, 80, 83, 89, 90, 91, 92, 95, 144, 146, 148, 157, 159, 160, 163, 164, 167, 168, 171, 172, 175, 176, 179, 180, 182, 184, 185, 186, 188, 190, 192, 195, 196, 199, 200, 203, 204, 207, 208, 210, 212, 214, 217, 218, 221, 222, 224, 226, 228, 231, 232, 235, 236, 238, 240, 242, 245, 246, 249, 250, 252, 254, 256, 257, 259, 260, 262, 263, 264, 266, 267, 270, 271, 272, 275, 280, 282, 283, 284, 285, 287, 299, 301, 302, 304, 305, 307, 308, 309, 312, 313, 316, 317, 319, 321, 322, 323, 324, 326, 337, 339, 340, 342, 344, 345, 348, 349, 351, 352, 355, 356, 358, 363, 365, 366, 367, 368, 370, 381, 383, 384, 386, 388, 389, 392, 393, 396, 397, 399, 405, 407, 408, 409, 410, 412, 423, 425, 426, 428, 430, 433, 434, 437, 438, 441, 442, 444, 450, 452, 453, 454, 455, 457, 468, 470, 471, 473, 475, 478, 479, 482, 483, 485, 490, 492, 493, 494, 495, 497, 508, 510, 511, 513, 515, 517, 518, 521, 522, 524, 529, 531, 532, 533, 534, 536, 547, 549, 550, 552, 554, 556, 557, 560, 561, 563, 568, 570, 571, 572, 573, 575, 586, 588, 589, 591, 592, 594, 597, 599, 600, 602, 607, 609, 610, 611, 612, 614, 625, 627, 628, 630, 631, 633, 635, 636, 639, 641, 642, 644, 649, 651, 652, 653, 654, 656, 667, 669, 671, 673, 674, 677, 678, 681, 682, 685, 686, 688, 690, 691, 693, 695, 697, 707, 708, 709, 711, 712, 713, 715, 716, 717, 718, 719, 721, 722, 725, 726, 729, 730, 731, 732, 735, 736, 738, 739, 741, 742, 743, 745, 748, 752, 754, 756, 763, 764, 766, 768, 771, 772, 773, 776, 777, 779, 780, 781, 783, 787, 789, 793, 795, 799, 801, 805, 811, 813, 814, 815, 816, 817, 818, 820, 822, 823, 824, 825, 826, 827, 828, 830, 834, 836, 840, 842, 846, 848, 852, 854, 858, 860, 864, 866, 868, 872, 873, 875, 877, 881, 883, 886, 888, 892, 893, 895, 897, 899, 901, 908, 909, 911, 913, 915, 917, 918, 919, 921, 929, 931, 932, 934, 936, 938, 940, 941, 943, 950, 951, 953, 972, 974, 975, 977, 979, 981, 983, 985, 998, 1000, 1001, 1003, 1005, 1007, 1009, 1010, 1023, 1025, 1026, 1028, 1031, 1034, 1035, 1036, 1037, 1039, 1044, 1046, 1049, 1050, 1052, 1054, 1055, 1057, 1058, 1060, 1062, 1070, 1073, 1074, 1075, 1077, 1080, 1089, 1091, 1092, 1094, 1096, 1098, 1100, 1102, 1104, 1105, 1106, 1107, 1109, 1110, 1112, 1113, 1115, 1117, 1119, 1121, 1122, 1123, 1124, 1126, 1128, 1129, 1130, 1132, 1133], "excluded_lines": [1042]}, "app/compliance/policies.py": {"executed_lines": [], "summary": {"covered_lines": 0, "num_statements": 311, "percent_covered": 0.0, "percent_covered_display": "0", "missing_lines": 311, "excluded_lines": 0}, "missing_lines": [6, 7, 8, 9, 10, 11, 12, 13, 14, 15, 16, 17, 18, 19, 21, 22, 23, 24, 25, 26, 28, 29, 32, 34, 35, 36, 37, 38, 39, 40, 41, 42, 43, 44, 45, 48, 50, 51, 52, 53, 54, 55, 58, 60, 61, 62, 63, 66, 68, 69, 70, 71, 72, 73, 74, 77, 79, 80, 81, 82, 85, 86, 88, 89, 90, 91, 92, 95, 96, 97, 98, 99, 100, 101, 104, 105, 106, 107, 110, 111, 112, 113, 114, 115, 118, 119, 120, 121, 124, 125, 126, 127, 130, 131, 132, 133, 135, 136, 137, 140, 141, 143, 144, 145, 146, 147, 150, 151, 152, 153, 154, 157, 158, 159, 160, 163, 164, 165, 168, 169, 170, 171, 173, 174, 177, 178, 180, 181, 182, 183, 184, 187, 188, 189, 190, 191, 192, 195, 196, 197, 198, 199, 202, 203, 204, 205, 206, 209, 210, 211, 212, 213, 216, 217, 218, 219, 221, 222, 223, 224, 227, 230, 231, 232, 233, 235, 260, 261, 262, 263, 265, 306, 309, 328, 344, 351, 353, 362, 363, 364, 366, 367, 370, 371, 372, 373, 374, 377, 378, 379, 381, 384, 401, 402, 404, 406, 414, 415, 416, 418, 419, 422, 423, 424, 426, 429, 446, 449, 451, 453, 466, 467, 468, 471, 472, 475, 476, 478, 481, 521, 524, 541, 543, 554, 555, 556, 558, 559, 561, 562, 565, 566, 567, 569, 595, 598, 617, 623, 625, 632, 633, 635, 637, 639, 650, 653, 654, 655, 656, 659, 660, 661, 664, 679, 681, 688, 691, 694, 697, 698, 700, 701, 702, 703, 704, 706, 742, 746, 749, 765, 768, 770, 773, 789, 792, 793, 796, 799, 801, 804, 806, 811, 813, 816, 818, 821, 823, 827, 829, 831, 833, 835, 837, 845, 847, 855, 857, 860, 862, 865, 867, 869, 876, 878, 887, 890, 891, 893, 900, 902, 935], "excluded_lines": []}, "app/compliance/privacy.py": {"executed_lines": [], "summary": {"covered_lines": 0, "num_statements": 304, "percent_covered": 0.0, "percent_covered_display": "0", "missing_lines": 304, "excluded_lines": 0}, "missing_lines": [6, 7, 8, 9, 10, 11, 12, 13, 14, 15, 16, 17, 18, 20, 21, 26, 27, 28, 29, 31, 32, 35, 37, 38, 39, 40, 41, 42, 43, 46, 48, 49, 50, 51, 54, 56, 57, 58, 59, 62, 63, 65, 66, 67, 68, 69, 70, 73, 74, 76, 77, 78, 79, 80, 83, 84, 85, 86, 89, 90, 91, 94, 95, 96, 97, 100, 101, 103, 104, 107, 110, 111, 112, 114, 130, 133, 135, 137, 154, 155, 156, 159, 180, 182, 188, 190, 197, 199, 202, 204, 205, 208, 218, 225, 226, 227, 228, 230, 233, 245, 256, 265, 273, 275, 278, 280, 281, 283, 284, 286, 289, 290, 291, 292, 295, 302, 303, 304, 306, 309, 321, 330, 337, 339, 342, 344, 345, 348, 354, 362, 363, 364, 365, 367, 370, 381, 390, 408, 409, 411, 435, 436, 437, 439, 441, 443, 452, 454, 455, 457, 458, 459, 461, 462, 465, 468, 489, 496, 498, 505, 506, 516, 518, 522, 523, 527, 528, 530, 531, 532, 535, 538, 539, 542, 543, 546, 547, 551, 555, 556, 557, 558, 560, 569, 570, 571, 574, 586, 587, 589, 606, 609, 610, 612, 613, 614, 615, 616, 617, 619, 621, 645, 661, 667, 671, 682, 689, 691, 692, 695, 697, 698, 707, 708, 711, 713, 725, 728, 730, 731, 738, 740, 747, 755, 757, 760, 762, 763, 770, 773, 775, 776, 787, 789, 797, 808, 810, 812, 815, 817, 818, 819, 820, 821, 822, 825, 826, 829, 830, 831, 834, 837, 838, 839, 841, 843, 849, 851, 860, 861, 862, 864, 865, 866, 868, 870, 872, 873, 876, 878, 880, 888, 889, 896, 901, 904, 906, 907, 908, 909, 911, 913, 916, 919, 920, 922, 928, 944, 946, 954, 956, 957, 959, 960, 961, 962, 967, 975, 977, 978, 979, 984, 985, 987], "excluded_lines": []}, "app/compliance/sla.py": {"executed_lines": [], "summary": {"covered_lines": 0, "num_statements": 454, "percent_covered": 0.0, "percent_covered_display": "0", "missing_lines": 454, "excluded_lines": 0}, "missing_lines": [6, 7, 8, 9, 10, 11, 12, 13, 14, 15, 16, 17, 18, 20, 21, 22, 24, 27, 29, 30, 31, 32, 35, 37, 38, 39, 40, 41, 42, 45, 47, 48, 49, 50, 53, 54, 56, 57, 58, 59, 60, 61, 62, 63, 64, 67, 68, 69, 72, 73, 74, 76, 77, 79, 80, 81, 82, 83, 86, 87, 89, 90, 91, 92, 93, 94, 96, 97, 98, 101, 102, 104, 105, 106, 107, 110, 111, 112, 115, 116, 117, 120, 121, 122, 123, 124, 125, 128, 129, 130, 132, 134, 135, 136, 139, 145, 146, 147, 148, 151, 153, 155, 249, 251, 252, 253, 255, 256, 258, 259, 260, 262, 264, 272, 273, 275, 276, 277, 278, 281, 282, 283, 286, 287, 296, 297, 300, 302, 303, 304, 306, 308, 310, 311, 312, 314, 315, 317, 319, 320, 323, 326, 327, 328, 329, 330, 331, 333, 336, 337, 338, 340, 341, 343, 344, 347, 348, 350, 352, 353, 355, 356, 359, 360, 361, 362, 363, 364, 366, 369, 370, 371, 373, 395, 396, 398, 400, 402, 404, 412, 414, 416, 418, 420, 422, 432, 434, 435, 437, 440, 441, 443, 444, 445, 446, 448, 452, 454, 456, 457, 458, 459, 460, 461, 462, 463, 465, 466, 469, 471, 472, 473, 474, 475, 476, 478, 481, 482, 483, 484, 485, 486, 488, 490, 502, 503, 505, 507, 509, 511, 512, 514, 516, 517, 518, 520, 522, 525, 526, 528, 531, 533, 534, 536, 538, 539, 540, 542, 544, 545, 547, 549, 556, 563, 564, 566, 567, 569, 570, 572, 573, 575, 576, 577, 579, 581, 582, 584, 586, 593, 594, 597, 598, 600, 601, 602, 604, 606, 608, 609, 610, 611, 614, 615, 617, 618, 620, 622, 623, 624, 626, 628, 630, 631, 633, 634, 636, 637, 638, 639, 640, 641, 642, 643, 644, 646, 647, 659, 662, 664, 666, 668, 670, 680, 681, 683, 684, 685, 686, 687, 688, 691, 692, 693, 696, 697, 698, 700, 702, 704, 705, 707, 708, 710, 714, 716, 718, 719, 721, 722, 723, 726, 727, 728, 730, 732, 733, 734, 736, 738, 739, 741, 742, 744, 745, 746, 747, 749, 751, 753, 754, 756, 758, 759, 761, 762, 765, 766, 767, 769, 770, 772, 774, 775, 777, 778, 781, 783, 784, 786, 788, 789, 791, 792, 795, 796, 797, 799, 800, 802, 804, 805, 807, 808, 810, 811, 812, 813, 815, 817, 818, 819, 821, 822, 824, 827, 830, 831, 832, 834, 836, 837, 839, 840, 842, 843, 849, 850, 856, 857, 859, 861, 862, 864, 865, 866, 869, 876, 877, 879, 880, 882, 884, 885, 886, 888, 890, 899, 901, 902, 905, 907, 908, 909, 911, 913, 915, 917, 918, 919, 921, 922, 924, 928], "excluded_lines": []}, "app/compliance/support.py": {"executed_lines": [], "summary": {"covered_lines": 0, "num_statements": 313, "percent_covered": 0.0, "percent_covered_display": "0", "missing_lines": 313, "excluded_lines": 0}, "missing_lines": [6, 7, 8, 9, 10, 11, 12, 13, 14, 15, 16, 17, 19, 20, 21, 22, 23, 24, 26, 27, 30, 32, 33, 34, 35, 38, 40, 41, 42, 43, 44, 45, 46, 49, 51, 52, 53, 54, 55, 56, 57, 58, 59, 60, 63, 65, 66, 67, 68, 71, 73, 74, 75, 76, 77, 78, 81, 82, 84, 85, 86, 87, 90, 91, 92, 93, 94, 95, 98, 99, 100, 101, 102, 103, 106, 107, 108, 109, 112, 113, 114, 115, 118, 119, 120, 121, 124, 125, 126, 127, 128, 131, 132, 133, 134, 137, 138, 140, 141, 142, 145, 146, 147, 148, 151, 152, 153, 154, 157, 158, 159, 160, 163, 164, 165, 168, 171, 172, 173, 174, 176, 197, 200, 201, 204, 205, 207, 248, 251, 254, 257, 276, 283, 285, 295, 296, 297, 300, 301, 302, 305, 311, 314, 317, 334, 336, 338, 350, 351, 352, 354, 357, 358, 361, 362, 363, 366, 367, 370, 371, 374, 384, 385, 387, 390, 391, 392, 393, 396, 397, 400, 403, 421, 422, 424, 426, 436, 437, 438, 440, 441, 442, 443, 446, 453, 456, 458, 459, 462, 465, 482, 484, 490, 492, 502, 503, 504, 506, 507, 509, 510, 511, 514, 521, 524, 527, 543, 545, 556, 565, 566, 567, 568, 570, 571, 572, 573, 576, 577, 579, 580, 583, 584, 586, 587, 590, 591, 593, 594, 596, 597, 600, 601, 604, 605, 606, 608, 609, 610, 611, 613, 614, 615, 616, 618, 619, 620, 621, 624, 625, 626, 628, 629, 630, 632, 653, 660, 661, 664, 666, 668, 670, 671, 672, 684, 685, 686, 698, 700, 704, 713, 714, 717, 718, 720, 721, 724, 725, 728, 729, 731, 733, 741, 749, 756, 757, 759, 764, 767, 783, 787, 789, 799, 801, 804, 806, 808, 809, 818, 819, 821, 825, 838, 852, 853, 855, 864, 881, 884, 886, 889, 891, 899], "excluded_lines": []}, "app/config.py": {"executed_lines": [1, 5, 6, 7, 10, 11, 14, 21, 22, 23, 24, 25, 26, 27, 28, 29, 32, 36, 37, 38, 39, 42, 46, 47, 50, 51, 52, 53, 54, 55, 57, 58, 59, 62, 63, 64, 65, 66, 67, 68, 71, 77, 78, 79, 80, 83, 84, 85, 86, 87, 90, 91, 92, 93, 94, 97, 98, 99, 101, 102, 104, 105, 106, 107, 108, 109, 112, 113, 114, 115, 118, 119, 120, 121, 122, 123, 124, 125, 128, 129, 130, 131, 132, 133, 136, 137, 138, 139, 140, 141, 142, 143, 144, 145, 146, 149, 150, 151, 152, 155, 156, 157, 158, 159, 162, 163, 164, 167, 168, 171, 172, 175, 176, 179, 180, 183, 184, 187, 188, 191, 192, 195, 196, 197, 200, 201, 202, 205, 206, 207, 210, 211, 212, 214, 215, 216, 218, 219, 222, 223, 224, 226, 227, 228, 230, 232, 233, 235, 237, 241, 248, 250, 251, 260, 263], "summary": {"covered_lines": 153, "num_statements": 162, "percent_covered": 94.44444444444444, "percent_covered_display": "94", "missing_lines": 9, "excluded_lines": 0}, "missing_lines": [220, 229, 238, 242, 243, 244, 245, 256, 270], "excluded_lines": []}, "app/core/__init__.py": {"executed_lines": [0], "summary": {"covered_lines": 0, "num_statements": 0, "percent_covered": 100.0, "percent_covered_display": "100", "missing_lines": 0, "excluded_lines": 0}, "missing_lines": [], "excluded_lines": []}, "app/core/audit_logger.py": {"executed_lines": [], "summary": {"covered_lines": 0, "num_statements": 153, "percent_covered": 0.0, "percent_covered_display": "0", "missing_lines": 153, "excluded_lines": 0}, "missing_lines": [6, 7, 8, 9, 10, 11, 13, 14, 15, 17, 18, 20, 23, 26, 27, 29, 65, 67, 68, 69, 70, 73, 76, 94, 97, 98, 101, 103, 112, 114, 115, 117, 119, 139, 141, 145, 146, 147, 148, 151, 152, 154, 155, 162, 163, 165, 167, 168, 177, 178, 179, 188, 190, 199, 200, 201, 207, 233, 234, 237, 238, 241, 242, 243, 245, 246, 248, 249, 251, 252, 254, 255, 257, 258, 260, 261, 263, 264, 266, 267, 269, 270, 273, 276, 279, 280, 282, 307, 316, 317, 318, 319, 320, 321, 323, 327, 331, 332, 335, 342, 344, 345, 347, 349, 353, 367, 369, 373, 375, 377, 378, 379, 380, 381, 382, 383, 384, 386, 388, 391, 392, 393, 410, 412, 415, 416, 418, 419, 422, 429, 430, 443, 445, 448, 450, 452, 462, 464, 469, 476, 477, 479, 480, 481, 484, 487, 490, 491, 492, 504, 506, 507, 511], "excluded_lines": []}, "app/core/database.py": {"executed_lines": [1, 2, 3, 4, 5, 8, 9, 14, 17, 25, 26, 29, 30, 34, 37, 40, 42, 59, 72, 84], "summary": {"covered_lines": 20, "num_statements": 46, "percent_covered": 43.47826086956522, "percent_covered_display": "43", "missing_lines": 26, "excluded_lines": 0}, "missing_lines": [10, 11, 12, 31, 35, 49, 66, 67, 68, 69, 74, 75, 76, 77, 78, 79, 80, 81, 86, 87, 88, 89, 90, 91, 92, 94], "excluded_lines": []}, "app/core/database_manager.py": {"executed_lines": [1, 6, 7, 8, 9, 11, 12, 13, 14, 15, 17, 19, 22, 23, 25, 26, 27, 28, 29, 31, 92, 102, 103, 123, 166, 188, 194, 195, 204, 208, 215, 221, 226, 232], "summary": {"covered_lines": 32, "num_statements": 112, "percent_covered": 28.571428571428573, "percent_covered_display": "29", "missing_lines": 80, "excluded_lines": 0}, "missing_lines": [33, 34, 37, 44, 46, 47, 54, 55, 57, 58, 60, 62, 69, 70, 71, 73, 74, 75, 84, 85, 86, 88, 89, 90, 94, 95, 96, 97, 98, 99, 100, 105, 106, 108, 109, 110, 111, 112, 113, 114, 115, 116, 117, 118, 119, 121, 125, 126, 128, 129, 136, 138, 139, 141, 142, 149, 155, 156, 157, 162, 164, 168, 169, 171, 172, 181, 182, 184, 186, 190, 191, 192, 198, 199, 200, 210, 211, 217, 223, 228], "excluded_lines": []}, "app/core/error_handling.py": {"executed_lines": [1, 6, 7, 8, 10, 11, 12, 13, 14, 15, 16, 17, 19, 22, 23, 25, 39, 40, 42, 51, 52, 54, 63, 64, 66, 75, 76, 78, 87, 88, 90, 99, 100, 102, 111, 112, 114, 115, 118, 121, 128, 129, 132, 133, 140, 161, 249, 252, 253, 256, 257, 261, 265, 282, 284, 285, 286, 292, 301, 307, 309, 317], "summary": {"covered_lines": 53, "num_statements": 90, "percent_covered": 58.888888888888886, "percent_covered_display": "59", "missing_lines": 37, "excluded_lines": 0}, "missing_lines": [32, 33, 34, 35, 36, 43, 55, 67, 79, 91, 103, 142, 143, 146, 149, 159, 164, 166, 175, 180, 182, 190, 195, 197, 198, 199, 205, 214, 219, 221, 229, 236, 244, 254, 258, 267, 276], "excluded_lines": []}, "app/core/errors.py": {"executed_lines": [], "summary": {"covered_lines": 0, "num_statements": 94, "percent_covered": 0.0, "percent_covered_display": "0", "missing_lines": 94, "excluded_lines": 0}, "missing_lines": [4, 5, 6, 7, 8, 9, 10, 11, 12, 14, 17, 19, 20, 21, 24, 26, 27, 28, 29, 30, 31, 32, 33, 36, 39, 48, 49, 50, 51, 52, 56, 58, 59, 67, 69, 70, 79, 81, 82, 91, 93, 94, 103, 105, 106, 115, 117, 118, 128, 130, 131, 132, 142, 144, 145, 154, 156, 157, 158, 169, 171, 174, 186, 197, 204, 206, 209, 210, 211, 212, 219, 228, 239, 245, 247, 250, 261, 262, 263, 265, 275, 282, 284, 285, 286, 287, 288, 289, 290, 291, 292, 293, 294, 295], "excluded_lines": []}, "app/core/events.py": {"executed_lines": [1, 3, 4, 5, 6, 8, 11, 12, 14, 18, 29, 36, 65], "summary": {"covered_lines": 11, "num_statements": 47, "percent_covered": 23.404255319148938, "percent_covered_display": "23", "missing_lines": 36, "excluded_lines": 0}, "missing_lines": [15, 16, 20, 21, 22, 23, 25, 26, 27, 31, 32, 33, 34, 39, 45, 46, 47, 48, 49, 50, 54, 55, 56, 57, 58, 59, 60, 62, 63, 68, 73, 74, 75, 76, 77, 78], "excluded_lines": []}, "app/core/jwt_manager.py": {"executed_lines": [1, 6, 7, 8, 9, 11, 12, 13, 14, 16, 17, 19, 22, 23, 25, 26, 27, 28, 29, 32, 33, 35, 66, 93, 127, 153, 210, 219, 231, 235, 240, 245, 250, 255, 260], "summary": {"covered_lines": 33, "num_statements": 109, "percent_covered": 30.275229357798164, "percent_covered_display": "30", "missing_lines": 76, "excluded_lines": 0}, "missing_lines": [42, 43, 44, 46, 58, 59, 61, 63, 64, 72, 73, 74, 75, 77, 88, 90, 91, 99, 100, 109, 110, 116, 118, 120, 121, 122, 123, 124, 125, 136, 139, 142, 151, 163, 164, 165, 167, 168, 169, 178, 187, 189, 192, 196, 204, 206, 207, 208, 217, 224, 225, 226, 227, 237, 242, 247, 252, 257, 269, 270, 271, 273, 274, 275, 277, 279, 280, 283, 289, 291, 292, 293, 296, 304, 305, 306], "excluded_lines": []}, "app/core/logging.py": {"executed_lines": [1, 5, 6, 7, 8, 10, 13, 17, 24, 35, 40, 42, 51, 54, 57, 58, 60, 61, 63, 86, 87, 89, 90, 92, 115, 116, 118, 119, 121, 141, 142, 143], "summary": {"covered_lines": 27, "num_statements": 31, "percent_covered": 87.09677419354838, "percent_covered_display": "87", "missing_lines": 4, "excluded_lines": 1}, "missing_lines": [37, 74, 103, 130], "excluded_lines": [17]}, "app/core/performance.py": {"executed_lines": [1, 6, 7, 8, 9, 10, 11, 12, 13, 14, 15, 17, 18, 19, 20, 21, 23, 25, 28, 29, 35, 36, 38, 39, 40, 41, 43, 45, 46, 48, 49, 52, 53, 55, 56, 59, 60, 63, 66, 73, 80, 92, 95, 96, 97, 105, 106, 107, 108, 109, 111, 112, 114, 115, 117, 118, 139, 140, 162, 163, 171, 172, 174, 175, 176, 177, 184, 203, 208, 212, 245, 272, 290, 311, 326, 328, 361, 362, 364, 365, 379, 388, 389], "summary": {"covered_lines": 78, "num_statements": 198, "percent_covered": 39.39393939393939, "percent_covered_display": "39", "missing_lines": 120, "excluded_lines": 0}, "missing_lines": [67, 82, 83, 84, 86, 90, 120, 121, 130, 131, 132, 134, 135, 136, 137, 142, 143, 157, 158, 160, 165, 167, 169, 186, 187, 188, 195, 196, 198, 199, 200, 201, 205, 206, 210, 214, 217, 218, 219, 220, 221, 223, 226, 227, 228, 229, 230, 232, 233, 237, 238, 239, 240, 242, 243, 247, 248, 251, 257, 258, 259, 264, 265, 266, 267, 269, 270, 274, 277, 278, 281, 282, 283, 284, 285, 286, 288, 292, 295, 296, 297, 300, 301, 302, 303, 304, 305, 306, 307, 309, 313, 314, 316, 331, 332, 333, 335, 336, 339, 340, 343, 344, 345, 348, 349, 351, 354, 356, 358, 359, 368, 376, 377, 381, 391, 393, 394, 396, 397, 398], "excluded_lines": []}, "app/core/rbac_engine.py": {"executed_lines": [1, 6, 7, 8, 9, 10, 11, 12, 14, 21, 23, 26, 27, 28, 29, 30, 31, 32, 33, 34, 35, 36, 39, 40, 41, 42, 43, 44, 45, 46, 47, 50, 51, 53, 54, 55, 57, 130, 148, 163, 180, 205, 227, 265, 273, 296, 320, 340, 341, 343, 344, 346, 393, 426, 427, 429, 437, 453, 468, 483, 484, 488, 489, 493], "summary": {"covered_lines": 58, "num_statements": 170, "percent_covered": 34.11764705882353, "percent_covered_display": "34", "missing_lines": 112, "excluded_lines": 0}, "missing_lines": [80, 82, 83, 84, 85, 88, 89, 90, 92, 95, 96, 98, 101, 104, 107, 108, 111, 112, 115, 116, 119, 120, 124, 126, 127, 128, 138, 139, 140, 142, 143, 144, 146, 157, 161, 172, 176, 188, 193, 203, 212, 215, 216, 219, 222, 223, 225, 235, 236, 238, 241, 244, 246, 247, 250, 251, 254, 255, 258, 261, 263, 271, 280, 283, 284, 287, 288, 291, 292, 294, 308, 309, 310, 313, 314, 318, 332, 333, 337, 354, 355, 356, 358, 359, 361, 362, 368, 376, 377, 383, 388, 390, 391, 396, 397, 398, 399, 400, 402, 403, 408, 414, 415, 420, 422, 423, 496, 503, 504, 514, 516, 517], "excluded_lines": []}, "app/core/redis.py": {"executed_lines": [1, 2, 3, 4, 6, 8, 11, 14, 32, 39, 40, 42, 45, 86, 87, 89, 94, 108, 114, 119], "summary": {"covered_lines": 18, "num_statements": 56, "percent_covered": 32.142857142857146, "percent_covered_display": "32", "missing_lines": 38, "excluded_lines": 0}, "missing_lines": [17, 18, 25, 26, 27, 28, 29, 34, 35, 36, 43, 61, 62, 63, 66, 69, 72, 75, 77, 78, 80, 81, 83, 90, 91, 92, 101, 102, 105, 106, 110, 111, 112, 116, 117, 121, 122, 123], "excluded_lines": []}, "app/core/redis_config.py": {"executed_lines": [1, 3, 4, 5, 6, 8, 10, 11, 13, 27, 28, 39, 41, 72, 81, 82, 84, 88, 99, 115, 132, 169, 210, 221, 228, 233, 239, 249, 260, 272, 281, 291, 310, 343], "summary": {"covered_lines": 31, "num_statements": 155, "percent_covered": 20.0, "percent_covered_display": "20", "missing_lines": 124, "excluded_lines": 0}, "missing_lines": [14, 15, 16, 17, 18, 19, 20, 21, 22, 23, 24, 25, 30, 31, 33, 35, 36, 45, 46, 47, 63, 64, 65, 66, 67, 68, 70, 76, 77, 78, 79, 85, 96, 97, 105, 106, 108, 110, 112, 123, 124, 125, 130, 140, 141, 143, 144, 146, 147, 149, 152, 153, 154, 157, 158, 159, 161, 163, 164, 166, 176, 178, 179, 180, 183, 186, 188, 190, 191, 193, 200, 201, 203, 217, 218, 219, 223, 224, 225, 226, 230, 231, 235, 236, 246, 247, 251, 252, 254, 255, 257, 268, 269, 270, 278, 279, 287, 288, 298, 299, 300, 305, 306, 308, 316, 317, 319, 320, 322, 323, 325, 326, 327, 329, 330, 331, 332, 333, 335, 337, 338, 340, 345, 346], "excluded_lines": []}, "app/core/scalability.py": {"executed_lines": [1, 13, 14, 15, 16, 17, 18, 19, 20, 21, 22, 23, 24, 26, 27, 29, 31, 32, 33, 34, 35, 36, 37, 38, 39, 40, 41, 43, 46, 47, 49, 50, 51, 52, 53, 54, 56, 65, 76, 96, 129, 147, 160, 170, 188, 192, 197, 198, 200, 201, 202, 210, 212, 213, 215, 234, 244, 287, 288, 290, 291, 301, 302, 315, 316, 318, 319, 320, 326, 329, 334, 336, 339, 344, 346, 355, 366, 367, 368, 372, 373, 391, 412, 432, 455, 456, 458, 459, 460, 461, 463, 491], "summary": {"covered_lines": 85, "num_statements": 207, "percent_covered": 41.06280193236715, "percent_covered_display": "41", "missing_lines": 122, "excluded_lines": 0}, "missing_lines": [44, 58, 59, 61, 62, 63, 67, 68, 69, 70, 71, 72, 73, 74, 78, 79, 80, 81, 84, 85, 88, 90, 92, 93, 94, 99, 100, 101, 104, 105, 106, 107, 110, 111, 114, 115, 116, 118, 132, 136, 139, 140, 141, 142, 144, 145, 149, 158, 162, 168, 172, 186, 190, 194, 195, 217, 225, 232, 236, 246, 254, 256, 257, 260, 261, 264, 270, 278, 279, 280, 285, 293, 294, 304, 312, 313, 348, 357, 375, 377, 379, 380, 381, 383, 387, 388, 389, 393, 394, 395, 397, 414, 416, 418, 421, 424, 426, 428, 429, 430, 434, 436, 438, 441, 444, 447, 449, 451, 452, 465, 466, 468, 469, 472, 475, 476, 478, 479, 482, 483, 486, 488], "excluded_lines": []}, "app/core/tenant_context.py": {"executed_lines": [1, 6, 7, 8, 10, 11, 12, 13, 14, 15, 17, 19, 22, 27, 28, 30, 31, 41, 42, 46, 47, 52, 53, 58, 59, 64, 65, 67, 68, 70, 71, 81, 82, 93, 94, 96, 100, 107, 108, 110, 112, 114, 115, 116, 119, 120, 128, 129, 142, 143, 144, 147, 152, 160, 163, 166, 170, 173, 174, 176, 177, 196, 212, 213, 215, 216, 233, 234, 247, 248, 261, 262, 264, 265, 280, 281, 295], "summary": {"covered_lines": 71, "num_statements": 148, "percent_covered": 47.972972972972975, "percent_covered_display": "48", "missing_lines": 77, "excluded_lines": 0}, "missing_lines": [33, 38, 39, 44, 49, 50, 55, 56, 61, 62, 73, 74, 75, 79, 84, 85, 86, 90, 121, 122, 125, 130, 131, 132, 133, 134, 135, 136, 137, 139, 148, 149, 153, 164, 179, 180, 181, 184, 185, 188, 189, 190, 191, 193, 199, 200, 202, 204, 205, 209, 223, 224, 225, 231, 236, 237, 238, 239, 243, 244, 245, 250, 251, 252, 254, 255, 256, 258, 267, 268, 269, 272, 273, 274, 276, 278, 287], "excluded_lines": []}, "app/core/test_config.py": {"executed_lines": [], "summary": {"covered_lines": 0, "num_statements": 164, "percent_covered": 0.0, "percent_covered_display": "0", "missing_lines": 164, "excluded_lines": 0}, "missing_lines": [6, 7, 8, 9, 11, 12, 13, 14, 15, 16, 18, 19, 20, 21, 22, 25, 33, 36, 39, 40, 41, 42, 44, 46, 47, 50, 58, 59, 62, 70, 72, 74, 75, 77, 79, 81, 82, 83, 87, 91, 92, 94, 95, 96, 97, 100, 101, 103, 104, 105, 108, 109, 111, 112, 113, 115, 116, 119, 120, 124, 125, 127, 129, 130, 133, 137, 140, 141, 147, 153, 154, 159, 165, 166, 168, 169, 171, 173, 182, 183, 184, 186, 193, 194, 196, 199, 203, 211, 214, 215, 218, 224, 225, 228, 233, 234, 236, 238, 239, 241, 243, 244, 246, 248, 249, 250, 251, 252, 253, 257, 260, 261, 263, 274, 278, 281, 282, 284, 286, 288, 289, 290, 291, 292, 293, 294, 295, 297, 299, 300, 302, 308, 309, 311, 313, 314, 317, 318, 320, 321, 323, 332, 335, 336, 338, 347, 348, 350, 356, 357, 358, 359, 360, 366, 368, 369, 371, 373, 374, 375, 376, 377, 383, 387], "excluded_lines": []}, "app/core/webhook_dispatcher.py": {"executed_lines": [1, 6, 7, 8, 9, 10, 11, 12, 13, 14, 16, 17, 18, 20, 21, 23, 26, 27, 29, 30, 31, 32, 34, 40, 50, 126, 281, 319, 348, 381, 397, 406, 418, 419, 422, 423, 424, 425, 426, 427, 430, 431, 432, 433, 434, 435, 436, 439, 440, 441, 442, 443, 444, 447, 448, 449, 450, 451, 454, 455, 456, 459, 460, 461, 464, 465, 466, 471, 517, 521], "summary": {"covered_lines": 67, "num_statements": 198, "percent_covered": 33.83838383838384, "percent_covered_display": "34", "missing_lines": 131, "excluded_lines": 0}, "missing_lines": [36, 37, 38, 42, 43, 44, 45, 46, 47, 48, 72, 74, 75, 78, 84, 85, 88, 93, 94, 100, 101, 104, 110, 112, 119, 121, 122, 123, 124, 142, 144, 150, 152, 153, 154, 156, 159, 160, 161, 162, 163, 166, 169, 175, 184, 185, 188, 189, 190, 193, 194, 201, 202, 203, 205, 207, 208, 211, 212, 214, 216, 223, 226, 232, 234, 237, 238, 239, 245, 252, 260, 263, 264, 266, 273, 274, 276, 277, 278, 279, 288, 290, 297, 298, 302, 303, 305, 306, 312, 314, 315, 322, 323, 325, 328, 329, 330, 331, 332, 335, 336, 337, 342, 343, 344, 345, 346, 357, 362, 363, 365, 367, 375, 379, 388, 400, 410, 415, 493, 494, 495, 496, 498, 499, 500, 501, 502, 503, 506, 513, 530], "excluded_lines": []}, "app/database.py": {"executed_lines": [2, 3, 4, 5, 6, 7, 9, 12, 14, 17, 20, 23, 29, 36, 39, 40, 42, 43, 45, 48, 76, 82, 89, 100, 111, 112, 130, 140, 147], "summary": {"covered_lines": 29, "num_statements": 55, "percent_covered": 52.72727272727273, "percent_covered_display": "53", "missing_lines": 26, "excluded_lines": 0}, "missing_lines": [18, 30, 55, 61, 63, 69, 93, 94, 95, 97, 104, 105, 106, 108, 119, 120, 121, 122, 123, 124, 125, 127, 134, 136, 137, 144], "excluded_lines": []}, "app/dependencies.py": {"executed_lines": [1, 7, 8, 9, 10, 11, 13, 14, 15, 16, 18, 21, 54, 68, 77], "summary": {"covered_lines": 14, "num_statements": 41, "percent_covered": 34.146341463414636, "percent_covered_display": "34", "missing_lines": 27, "excluded_lines": 0}, "missing_lines": [26, 28, 31, 32, 33, 35, 36, 37, 40, 46, 48, 49, 51, 59, 60, 62, 63, 64, 65, 72, 73, 74, 83, 89, 91, 92, 94], "excluded_lines": []}, "app/exceptions.py": {"executed_lines": [1, 5, 8, 9, 11, 18, 19, 20, 21, 22, 25, 26, 28, 33, 41, 42, 44, 57, 58, 60, 65, 73, 74, 76, 81, 89, 90, 92, 97, 105, 106, 108, 113, 121, 122, 124, 129, 137, 138, 140, 145], "summary": {"covered_lines": 31, "num_statements": 32, "percent_covered": 96.875, "percent_covered_display": "97", "missing_lines": 1, "excluded_lines": 0}, "missing_lines": [49], "excluded_lines": []}, "app/main.py": {"executed_lines": [1, 2, 3, 4, 5, 6, 7, 8, 9, 10, 11, 12, 13, 16, 21, 22, 23, 24, 25, 26, 29, 31, 32, 33, 40, 55, 56, 57, 58, 62, 63, 64, 68, 69, 71, 72, 74, 75, 76, 80, 81, 82, 85, 86, 87, 88, 89, 92, 93, 96, 99, 101, 104, 105, 106, 107, 109, 116, 117, 120, 121, 122, 125, 128, 129, 130, 133, 134, 135, 136, 137, 138, 139, 140, 142, 150, 152, 153, 154, 157, 171, 174, 177, 186, 189, 190, 191, 192, 194, 195, 196, 199, 204, 208, 213, 214, 218, 219, 220, 227, 228, 234, 235, 239, 240, 241, 242, 256, 257, 261, 262, 268, 269, 366, 367, 372, 373, 400, 401, 402, 460, 461, 462, 509, 510, 562, 563, 583, 585, 586, 587, 588, 589, 590, 591, 592, 593, 594, 595, 596, 598, 599, 600, 601, 606, 607, 644, 654, 655, 681], "summary": {"covered_lines": 149, "num_statements": 345, "percent_covered": 43.18840579710145, "percent_covered_display": "43", "missing_lines": 196, "excluded_lines": 1}, "missing_lines": [59, 60, 65, 66, 70, 77, 78, 83, 84, 200, 201, 206, 210, 215, 229, 236, 258, 264, 265, 271, 272, 273, 274, 276, 278, 280, 284, 288, 294, 295, 296, 297, 299, 300, 301, 304, 308, 309, 312, 318, 319, 320, 321, 324, 330, 333, 336, 340, 341, 344, 348, 349, 351, 353, 357, 358, 360, 369, 374, 377, 378, 379, 380, 381, 384, 385, 386, 387, 388, 389, 390, 393, 397, 403, 405, 406, 409, 410, 418, 419, 420, 423, 424, 425, 428, 429, 430, 432, 440, 442, 443, 445, 447, 455, 456, 457, 458, 463, 464, 465, 468, 469, 470, 471, 472, 474, 475, 477, 479, 480, 481, 483, 484, 487, 488, 491, 493, 504, 505, 506, 507, 511, 512, 513, 514, 517, 518, 519, 521, 522, 523, 524, 532, 534, 535, 538, 539, 546, 548, 550, 558, 559, 564, 602, 603, 608, 609, 610, 611, 614, 615, 618, 619, 620, 621, 622, 625, 626, 627, 630, 633, 634, 637, 638, 639, 640, 641, 642, 646, 647, 648, 649, 650, 651, 652, 656, 657, 659, 660, 663, 664, 668, 671, 672, 674, 675, 676, 677, 678, 701, 702, 703, 706, 707, 708, 710], "excluded_lines": [92]}, "app/middleware/__init__.py": {"executed_lines": [0], "summary": {"covered_lines": 0, "num_statements": 0, "percent_covered": 100.0, "percent_covered_display": "100", "missing_lines": 0, "excluded_lines": 0}, "missing_lines": [], "excluded_lines": []}, "app/middleware/apm_middleware.py": {"executed_lines": [], "summary": {"covered_lines": 0, "num_statements": 200, "percent_covered": 0.0, "percent_covered_display": "0", "missing_lines": 200, "excluded_lines": 0}, "missing_lines": [6, 7, 8, 9, 10, 11, 12, 13, 14, 16, 17, 19, 22, 25, 33, 34, 35, 36, 37, 39, 43, 44, 47, 48, 51, 52, 53, 54, 56, 59, 60, 63, 64, 66, 67, 70, 71, 72, 73, 74, 77, 83, 84, 85, 87, 89, 90, 93, 94, 95, 96, 98, 99, 100, 102, 104, 105, 107, 113, 114, 116, 117, 118, 119, 122, 125, 132, 133, 136, 139, 140, 143, 144, 145, 147, 148, 151, 152, 153, 154, 155, 158, 159, 171, 173, 176, 177, 178, 181, 182, 183, 186, 187, 189, 192, 195, 196, 198, 201, 203, 205, 206, 210, 214, 215, 218, 221, 222, 224, 227, 229, 231, 232, 235, 239, 240, 244, 246, 247, 248, 249, 250, 252, 253, 254, 256, 257, 259, 260, 261, 263, 264, 265, 267, 268, 269, 271, 272, 274, 275, 276, 277, 281, 283, 284, 285, 286, 287, 289, 290, 291, 293, 294, 296, 297, 298, 300, 301, 302, 304, 305, 306, 308, 309, 311, 312, 313, 314, 318, 320, 321, 322, 323, 324, 326, 327, 328, 330, 331, 332, 334, 335, 337, 339, 342, 344, 345, 346, 348, 349, 350, 352, 353, 354, 356, 357, 359, 360, 363, 364], "excluded_lines": []}, "app/middleware/global_rate_limit.py": {"executed_lines": [1, 6, 7, 8, 9, 10, 11, 12, 13, 14, 15, 16, 17, 19, 21, 24, 25, 28, 39, 49, 57, 64, 71, 79, 87, 94, 96, 97, 135, 136, 141, 148, 204, 232, 263, 300, 343, 363, 364, 366, 367, 387, 388, 403, 404, 420, 421, 429], "summary": {"covered_lines": 44, "num_statements": 150, "percent_covered": 29.333333333333332, "percent_covered_display": "29", "missing_lines": 106, "excluded_lines": 0}, "missing_lines": [101, 112, 113, 116, 128, 129, 132, 142, 143, 144, 145, 146, 152, 153, 156, 157, 160, 163, 166, 170, 172, 174, 193, 194, 195, 196, 199, 200, 202, 213, 214, 217, 218, 220, 221, 224, 225, 226, 228, 230, 245, 246, 249, 250, 251, 254, 255, 259, 273, 276, 279, 281, 283, 284, 285, 287, 289, 292, 293, 295, 296, 298, 310, 311, 316, 317, 320, 326, 328, 329, 331, 333, 336, 338, 339, 341, 345, 346, 348, 350, 352, 354, 355, 357, 359, 360, 376, 383, 385, 396, 397, 398, 399, 401, 413, 414, 418, 426, 432, 433, 434, 435, 436, 437, 438, 440], "excluded_lines": []}, "app/middleware/input_validation.py": {"executed_lines": [1, 6, 7, 8, 9, 10, 11, 12, 13, 14, 15, 16, 17, 18, 19, 20, 22, 25, 26, 29, 39, 50, 60, 70, 71, 72, 73, 81, 82, 83, 84, 85, 88, 91, 92, 94, 95, 107, 108, 124, 125, 139, 140, 164, 165, 182, 183, 185, 186, 212, 213, 255, 256, 264, 265, 273, 274, 303, 304, 312, 313, 345, 346, 351, 356, 424, 462, 506, 532, 549, 568, 576, 594, 603], "summary": {"covered_lines": 69, "num_statements": 307, "percent_covered": 22.47557003257329, "percent_covered_display": "22", "missing_lines": 238, "excluded_lines": 0}, "missing_lines": [97, 98, 100, 111, 114, 117, 118, 119, 120, 122, 127, 128, 131, 132, 135, 136, 137, 143, 144, 145, 147, 148, 153, 154, 155, 156, 157, 158, 160, 162, 167, 168, 171, 174, 177, 179, 188, 190, 193, 194, 197, 203, 204, 205, 206, 208, 209, 210, 216, 219, 220, 221, 222, 225, 226, 227, 228, 230, 231, 234, 238, 239, 242, 243, 246, 247, 249, 259, 260, 262, 267, 268, 269, 270, 271, 277, 278, 280, 281, 284, 285, 288, 289, 292, 293, 294, 296, 297, 299, 300, 301, 306, 307, 308, 309, 310, 316, 319, 320, 321, 322, 325, 326, 327, 328, 331, 332, 333, 334, 337, 338, 339, 340, 342, 352, 353, 354, 360, 361, 363, 365, 366, 367, 373, 374, 375, 376, 382, 383, 384, 385, 386, 392, 393, 394, 395, 401, 402, 403, 404, 410, 411, 413, 414, 415, 416, 422, 427, 430, 436, 437, 438, 439, 440, 443, 444, 446, 452, 453, 456, 457, 458, 460, 465, 467, 469, 472, 473, 474, 477, 478, 480, 481, 482, 485, 488, 489, 490, 493, 495, 496, 497, 498, 500, 501, 502, 504, 509, 511, 513, 514, 515, 518, 519, 520, 522, 523, 524, 525, 526, 527, 528, 530, 535, 536, 539, 540, 543, 544, 545, 547, 552, 554, 555, 556, 557, 558, 559, 560, 561, 562, 563, 565, 566, 571, 572, 573, 574, 579, 582, 583, 589, 590, 592, 597, 598, 600, 605], "excluded_lines": []}, "app/middleware/logging_middleware.py": {"executed_lines": [], "summary": {"covered_lines": 0, "num_statements": 150, "percent_covered": 0.0, "percent_covered_display": "0", "missing_lines": 150, "excluded_lines": 0}, "missing_lines": [6, 7, 8, 9, 10, 11, 12, 13, 14, 16, 23, 26, 29, 38, 39, 40, 41, 42, 43, 47, 51, 52, 55, 56, 59, 60, 63, 64, 67, 68, 71, 77, 87, 88, 89, 91, 93, 94, 96, 98, 104, 114, 122, 126, 127, 128, 131, 132, 133, 136, 151, 153, 166, 169, 172, 173, 174, 175, 176, 177, 178, 179, 186, 204, 222, 223, 224, 227, 228, 230, 233, 234, 235, 242, 243, 244, 245, 247, 250, 253, 269, 270, 272, 273, 275, 278, 279, 289, 290, 298, 301, 302, 303, 306, 307, 308, 311, 312, 313, 316, 317, 319, 321, 323, 324, 325, 326, 327, 329, 330, 332, 334, 335, 336, 337, 338, 339, 341, 344, 347, 348, 351, 359, 360, 361, 363, 366, 367, 376, 379, 380, 384, 394, 395, 404, 405, 408, 416, 417, 426, 427, 431, 442, 445, 454, 457, 466, 469, 479, 482], "excluded_lines": []}, "app/middleware/rate_limit.py": {"executed_lines": [1, 5, 6, 7, 8, 9, 11, 12, 13, 14, 15, 17, 18, 20, 23, 24, 25, 26, 33, 34, 42, 50, 51, 55, 56, 57, 58, 61, 73, 80, 84, 88, 89, 90, 93, 95, 96, 104, 113, 114, 115, 122, 124, 135, 136, 138, 145, 147, 149, 153, 154, 155, 159, 161, 170, 173, 174, 175, 178, 183, 185, 187, 190, 191, 197, 200, 205, 207, 208, 211, 218, 221, 222, 223, 224, 225, 227, 235, 236, 237, 245, 251, 254, 255, 256, 259, 265, 278, 282, 283, 286, 287, 291, 292, 296, 300, 301, 305, 306, 315, 319, 322, 325, 332, 334, 336, 340, 341, 344, 345, 349, 352, 355, 357, 358, 360, 365, 371, 372, 376, 385, 412, 435], "summary": {"covered_lines": 119, "num_statements": 175, "percent_covered": 68.0, "percent_covered_display": "68", "missing_lines": 56, "excluded_lines": 0}, "missing_lines": [54, 85, 105, 171, 195, 219, 260, 262, 263, 272, 273, 274, 284, 288, 294, 302, 309, 310, 311, 313, 347, 353, 361, 362, 367, 368, 377, 378, 392, 394, 397, 400, 403, 404, 406, 408, 409, 410, 417, 418, 420, 421, 423, 424, 426, 427, 428, 429, 430, 431, 433, 438, 439, 441, 442, 444], "excluded_lines": []}, "app/middleware/security_headers.py": {"executed_lines": [], "summary": {"covered_lines": 0, "num_statements": 28, "percent_covered": 0.0, "percent_covered_display": "0", "missing_lines": 28, "excluded_lines": 0}, "missing_lines": [2, 3, 4, 5, 6, 8, 11, 14, 15, 16, 18, 20, 23, 24, 25, 26, 29, 30, 35, 49, 50, 51, 53, 56, 62, 63, 66, 68], "excluded_lines": []}, "app/models.py": {"executed_lines": [], "summary": {"covered_lines": 0, "num_statements": 350, "percent_covered": 0.0, "percent_covered_display": "0", "missing_lines": 350, "excluded_lines": 0}, "missing_lines": [5, 6, 7, 8, 9, 10, 11, 14, 17, 18, 19, 20, 21, 24, 25, 26, 27, 30, 31, 32, 33, 34, 37, 38, 39, 40, 41, 42, 43, 44, 47, 48, 49, 50, 51, 58, 59, 61, 62, 63, 64, 65, 68, 69, 70, 71, 72, 73, 74, 75, 76, 79, 80, 83, 84, 85, 86, 89, 90, 91, 92, 95, 96, 97, 98, 99, 100, 101, 103, 104, 105, 106, 108, 109, 111, 113, 114, 116, 119, 120, 122, 123, 126, 127, 130, 131, 132, 135, 136, 139, 140, 141, 142, 143, 146, 149, 150, 152, 153, 155, 156, 157, 160, 161, 162, 165, 168, 169, 172, 175, 180, 181, 183, 184, 187, 188, 189, 192, 193, 196, 197, 200, 203, 204, 206, 207, 209, 210, 213, 214, 217, 218, 221, 224, 225, 227, 228, 230, 233, 234, 237, 238, 241, 244, 245, 247, 248, 250, 251, 254, 255, 258, 259, 262, 265, 266, 268, 269, 270, 271, 272, 275, 278, 279, 282, 283, 286, 287, 290, 291, 292, 293, 294, 297, 299, 301, 302, 303, 304, 305, 306, 309, 310, 311, 314, 315, 317, 318, 320, 321, 322, 324, 327, 330, 331, 334, 335, 338, 339, 342, 343, 345, 346, 348, 349, 350, 353, 356, 357, 360, 363, 364, 366, 367, 369, 370, 372, 373, 376, 379, 382, 384, 386, 387, 388, 389, 390, 391, 392, 393, 394, 395, 396, 399, 400, 401, 404, 406, 408, 409, 410, 411, 412, 413, 416, 419, 421, 423, 424, 425, 426, 427, 428, 429, 430, 431, 434, 435, 439, 446, 447, 448, 449, 450, 453, 454, 455, 456, 457, 460, 462, 464, 465, 468, 469, 470, 473, 474, 475, 476, 477, 478, 479, 482, 483, 484, 485, 486, 487, 488, 489, 490, 493, 494, 495, 496, 499, 500, 501, 504, 505, 508, 509, 512, 514, 516, 517, 518, 521, 522, 523, 526, 527, 528, 531, 532, 535, 537, 539, 540, 543, 544, 547, 548, 549, 550, 553, 554, 555, 558, 562, 564, 566, 567, 568, 569, 570, 571, 572, 573, 576, 579, 581, 583, 584, 585, 586, 587, 588, 591], "excluded_lines": []}, "app/models/__init__.py": {"executed_lines": [2, 3, 4, 5, 6, 7, 8, 10, 12, 13, 14, 15, 16, 17, 19, 20, 22, 23, 24, 25, 26, 27, 28, 29, 30, 31, 32, 33, 34, 35, 36, 37, 38, 39, 41, 42, 44, 45, 46, 47, 48, 49, 50, 51, 52, 53, 54, 55, 56, 57, 59, 60, 62, 63, 64, 65, 66, 67, 68, 70, 71, 73, 74, 75, 76, 77, 78, 79, 81, 82, 84, 85, 86, 87, 88, 89, 90, 92, 93, 95, 96, 97, 98, 99, 100, 101, 102, 104, 105, 107, 108, 109, 110, 111, 112, 113, 114, 115, 117, 118, 120, 121, 122, 123, 124, 125, 126, 127, 128, 129, 130, 131, 132, 133, 134, 135, 137, 138, 139, 140, 141, 143, 144, 146, 147, 148, 149, 150, 151, 152, 153, 154, 156, 157, 159, 160, 161, 162, 163, 164, 165, 166, 167, 168, 170, 171, 173, 174, 175, 176, 177, 178, 179, 180, 181, 183, 184, 185, 186, 187, 189, 190, 192, 193, 194, 195, 196, 197, 200, 202, 210, 211, 213, 214, 215, 216, 217, 218, 219, 221, 222, 224, 225, 226, 227, 228, 229, 231, 232, 234, 235, 238, 240, 241, 243, 244, 245, 246, 247, 248, 249, 250, 251, 252, 254, 255, 257, 258, 259, 260, 261, 262, 263, 264, 265, 266, 267, 268, 269, 270, 273, 274, 275, 276, 277, 278, 279, 280, 281, 282, 283, 284, 285, 286, 287, 288, 289, 291, 292, 293, 294, 295, 297, 298, 300, 301, 302, 303, 304, 305, 306, 307, 308, 310, 311, 313, 314, 315, 316, 317, 318, 320, 321, 323, 324, 325, 326, 327, 328, 329, 330, 331, 332, 333, 334, 337, 338, 340, 341, 342, 343, 344, 346, 347, 349, 350, 351, 352, 353, 354, 356, 357, 359, 360, 361, 362, 363, 364, 365, 366, 367, 368, 369, 372, 373, 375, 376, 377, 378, 379, 380, 381, 382, 384, 385, 387, 388, 389, 390, 391, 392, 393, 394, 396, 397, 399, 400, 401, 402, 403, 404, 405, 406, 407, 408, 409, 410, 412, 413, 415, 416, 417, 418, 419, 420, 421, 422, 423, 424, 425, 426, 427, 429, 430, 432, 433, 434, 435, 436, 437, 438, 439, 440, 441, 442, 443, 445, 446, 448, 449, 450, 451, 452, 453, 454, 455, 456, 457, 458, 461, 462, 464, 465, 466, 467, 468, 470, 471, 472, 473, 474, 476, 477, 479, 480, 481, 482, 484, 485, 487, 488, 489, 490, 491, 492, 493, 494, 495, 496, 497, 500, 505, 508, 526, 527, 528], "summary": {"covered_lines": 416, "num_statements": 417, "percent_covered": 99.76019184652279, "percent_covered_display": "99", "missing_lines": 1, "excluded_lines": 0}, "missing_lines": [233], "excluded_lines": []}, "app/models/compliance.py": {"executed_lines": [1, 5, 6, 7, 8, 9, 10, 12, 15, 16, 17, 18, 19, 20, 21, 22, 25, 26, 27, 28, 29, 30, 31, 32, 33, 34, 37, 38, 39, 40, 41, 42, 45, 46, 47, 48, 49, 50, 51, 52, 55, 56, 57, 58, 59, 60, 61, 62, 63, 64, 65, 66, 67, 68, 71, 72, 73, 74, 75, 76, 77, 78, 81, 82, 83, 84, 85, 86, 87, 88, 91, 92, 93, 95, 96, 97, 98, 101, 102, 103, 104, 107, 108, 109, 110, 113, 114, 115, 116, 119, 120, 121, 122, 125, 126, 127, 129, 130, 133, 134, 135, 137, 138, 139, 142, 143, 144, 147, 148, 149, 152, 153, 154, 155, 158, 159, 160, 163, 164, 165, 166, 168, 169, 170, 173, 174, 175, 177, 178, 179, 180, 181, 184, 185, 186, 189, 190, 191, 192, 195, 196, 197, 198, 201, 202, 203, 206, 207, 208, 209, 212, 213, 214, 217, 218, 219, 222, 223, 224, 226, 227, 230, 231, 232, 234, 235, 236, 239, 240, 241, 242, 243, 246, 247, 248, 249, 250, 253, 254, 255, 256, 259, 260, 261, 264, 265, 268, 269, 272, 273, 274, 276, 277, 280, 281, 282, 284, 285, 286, 287, 290, 291, 292, 293, 296, 297, 298, 299, 302, 303, 304, 305, 308, 309, 310, 312, 313, 314, 317, 318, 319, 322, 323, 324, 325, 328, 329, 330, 333, 334, 335, 338, 339, 340, 341, 344, 345, 346, 349, 350, 352, 353, 356, 357, 358, 360, 361, 362, 363, 366, 367, 368, 369, 370, 373, 374, 375, 376, 377, 380, 381, 382, 385, 386, 387, 388, 389, 392, 393, 394, 395, 398, 399, 400, 403, 404, 405, 407, 408, 411, 412, 413, 415, 416, 417, 420, 421, 422, 423, 426, 427, 428, 429, 430, 433, 434, 435, 436, 439, 440, 441, 442, 445, 446, 447, 448, 451, 452, 453, 456, 457, 458, 459, 462, 463, 464, 465, 468, 469, 470, 471, 473, 474, 475, 479, 480, 481, 482, 483, 484, 485, 486, 487, 488, 489], "summary": {"covered_lines": 320, "num_statements": 320, "percent_covered": 100.0, "percent_covered_display": "100", "missing_lines": 0, "excluded_lines": 0}, "missing_lines": [], "excluded_lines": []}, "app/models/enterprise.py": {"executed_lines": [1, 5, 6, 7, 8, 9, 10, 12, 14, 17, 18, 19, 20, 21, 22, 23, 26, 27, 28, 29, 30, 31, 34, 35, 36, 37, 38, 39, 40, 41, 42, 43, 44, 45, 46, 47, 48, 49, 50, 53, 54, 55, 56, 59, 60, 61, 64, 65, 66, 67, 68, 69, 72, 73, 75, 76, 77, 78, 79, 80, 81, 82, 83, 84, 85, 88, 89, 91, 92, 93, 94, 95, 96, 97, 98, 99, 100, 101, 102, 103, 104, 107, 108, 110, 111, 112, 113, 114, 115, 116, 117, 118, 121, 122, 124, 125, 126, 127, 128, 129, 130, 133, 134, 136, 137, 138, 139, 140, 141, 142, 143, 144, 147, 148, 150, 151, 152, 153, 154, 155, 156, 157, 160, 161, 163, 164, 165, 166, 167, 168, 169, 170, 171, 178, 179, 181, 182, 183, 184, 185, 186, 187, 188, 191, 192, 194, 195, 196, 197, 198, 199, 200, 201, 202, 205, 206, 207, 208, 209, 212, 213, 214], "summary": {"covered_lines": 159, "num_statements": 159, "percent_covered": 100.0, "percent_covered_display": "100", "missing_lines": 0, "excluded_lines": 0}, "missing_lines": [], "excluded_lines": []}, "app/models/migration.py": {"executed_lines": [2, 3, 4, 5, 6, 8, 10, 11, 12, 13, 14, 15, 17, 18, 19, 20, 21, 22, 24, 25, 27, 28, 29, 30, 31, 32, 33, 34, 35, 36, 38, 39, 41, 42, 43, 44, 45, 46, 47, 49, 50, 52, 53, 54, 55, 56, 57, 59, 60, 62, 63, 64, 65, 66, 67, 68], "summary": {"covered_lines": 56, "num_statements": 56, "percent_covered": 100.0, "percent_covered_display": "100", "missing_lines": 0, "excluded_lines": 0}, "missing_lines": [], "excluded_lines": []}, "app/models/subscription.py": {"executed_lines": [], "summary": {"covered_lines": 0, "num_statements": 1, "percent_covered": 0.0, "percent_covered_display": "0", "missing_lines": 1, "excluded_lines": 0}, "missing_lines": [6], "excluded_lines": []}, "app/models/token.py": {"executed_lines": [], "summary": {"covered_lines": 0, "num_statements": 2, "percent_covered": 0.0, "percent_covered_display": "0", "missing_lines": 2, "excluded_lines": 0}, "missing_lines": [6, 9], "excluded_lines": []}, "app/models/user.py": {"executed_lines": [1, 6, 17], "summary": {"covered_lines": 2, "num_statements": 2, "percent_covered": 100.0, "percent_covered_display": "100", "missing_lines": 0, "excluded_lines": 0}, "missing_lines": [], "excluded_lines": []}, "app/models/white_label.py": {"executed_lines": [1, 6, 7, 8, 9, 11, 12, 15, 16, 17, 18, 19, 22, 23, 24, 25, 26, 29, 30, 31, 33, 34, 35, 36, 37, 38, 39, 42, 43, 44, 46, 47, 48, 49, 50, 51, 52, 53, 54, 55, 58, 59, 61, 63, 64, 67, 68, 69, 70, 71, 74, 75, 78, 79, 80, 83, 84, 85, 88, 91, 92, 93, 97, 98], "summary": {"covered_lines": 58, "num_statements": 58, "percent_covered": 100.0, "percent_covered_display": "100", "missing_lines": 0, "excluded_lines": 0}, "missing_lines": [], "excluded_lines": []}, "app/organizations/__init__.py": {"executed_lines": [], "summary": {"covered_lines": 0, "num_statements": 0, "percent_covered": 100.0, "percent_covered_display": "100", "missing_lines": 0, "excluded_lines": 0}, "missing_lines": [], "excluded_lines": []}, "app/organizations/application/__init__.py": {"executed_lines": [], "summary": {"covered_lines": 0, "num_statements": 0, "percent_covered": 100.0, "percent_covered_display": "100", "missing_lines": 0, "excluded_lines": 0}, "missing_lines": [], "excluded_lines": []}, "app/organizations/application/base.py": {"executed_lines": [], "summary": {"covered_lines": 0, "num_statements": 24, "percent_covered": 0.0, "percent_covered_display": "0", "missing_lines": 24, "excluded_lines": 8}, "missing_lines": [5, 6, 9, 10, 11, 14, 16, 19, 21, 24, 33, 42, 45, 46, 47, 48, 51, 53, 56, 58, 61, 63, 66, 68], "excluded_lines": [27, 28, 29, 30, 36, 37, 38, 39]}, "app/organizations/application/commands/__init__.py": {"executed_lines": [], "summary": {"covered_lines": 0, "num_statements": 3, "percent_covered": 0.0, "percent_covered_display": "0", "missing_lines": 3, "excluded_lines": 0}, "missing_lines": [3, 4, 6], "excluded_lines": []}, "app/organizations/application/commands/create_organization.py": {"executed_lines": [], "summary": {"covered_lines": 0, "num_statements": 52, "percent_covered": 0.0, "percent_covered_display": "0", "missing_lines": 52, "excluded_lines": 0}, "missing_lines": [5, 6, 7, 9, 11, 12, 13, 14, 15, 18, 19, 22, 23, 24, 25, 26, 27, 30, 31, 34, 35, 38, 41, 42, 44, 48, 51, 52, 53, 56, 68, 76, 77, 79, 84, 87, 88, 90, 91, 93, 94, 96, 97, 100, 101, 102, 104, 105, 107, 108, 110, 111], "excluded_lines": []}, "app/organizations/application/commands/invite_member.py": {"executed_lines": [], "summary": {"covered_lines": 0, "num_statements": 61, "percent_covered": 0.0, "percent_covered_display": "0", "missing_lines": 61, "excluded_lines": 0}, "missing_lines": [5, 6, 7, 9, 10, 11, 12, 13, 16, 17, 20, 21, 22, 23, 24, 25, 28, 29, 32, 35, 38, 39, 40, 42, 46, 49, 50, 51, 54, 59, 60, 63, 69, 70, 71, 75, 76, 79, 83, 84, 87, 90, 103, 108, 110, 113, 114, 116, 117, 120, 121, 122, 123, 125, 126, 128, 129, 131, 132, 134, 135], "excluded_lines": []}, "app/organizations/application/queries/__init__.py": {"executed_lines": [], "summary": {"covered_lines": 0, "num_statements": 3, "percent_covered": 0.0, "percent_covered_display": "0", "missing_lines": 3, "excluded_lines": 0}, "missing_lines": [3, 4, 6], "excluded_lines": []}, "app/organizations/application/queries/get_organization.py": {"executed_lines": [], "summary": {"covered_lines": 0, "num_statements": 38, "percent_covered": 0.0, "percent_covered_display": "0", "missing_lines": 38, "excluded_lines": 0}, "missing_lines": [5, 6, 7, 9, 10, 11, 12, 13, 16, 17, 20, 21, 24, 25, 28, 29, 30, 31, 32, 35, 38, 39, 40, 42, 46, 47, 48, 51, 57, 58, 59, 62, 65, 66, 67, 68, 69, 71], "excluded_lines": []}, "app/organizations/application/queries/list_memberships.py": {"executed_lines": [], "summary": {"covered_lines": 0, "num_statements": 33, "percent_covered": 0.0, "percent_covered_display": "0", "missing_lines": 33, "excluded_lines": 0}, "missing_lines": [5, 6, 7, 9, 10, 11, 12, 13, 16, 17, 20, 21, 24, 25, 28, 29, 32, 33, 36, 39, 42, 43, 44, 46, 50, 51, 52, 55, 56, 61, 62, 65, 69], "excluded_lines": []}, "app/organizations/domain/__init__.py": {"executed_lines": [], "summary": {"covered_lines": 0, "num_statements": 0, "percent_covered": 100.0, "percent_covered_display": "100", "missing_lines": 0, "excluded_lines": 0}, "missing_lines": [], "excluded_lines": []}, "app/organizations/domain/models/__init__.py": {"executed_lines": [], "summary": {"covered_lines": 0, "num_statements": 3, "percent_covered": 0.0, "percent_covered_display": "0", "missing_lines": 3, "excluded_lines": 0}, "missing_lines": [3, 4, 6], "excluded_lines": []}, "app/organizations/domain/models/membership.py": {"executed_lines": [], "summary": {"covered_lines": 0, "num_statements": 98, "percent_covered": 0.0, "percent_covered_display": "0", "missing_lines": 98, "excluded_lines": 0}, "missing_lines": [5, 6, 7, 8, 10, 13, 14, 17, 18, 19, 20, 21, 22, 24, 26, 28, 30, 31, 33, 34, 36, 37, 39, 40, 42, 44, 45, 47, 49, 51, 52, 54, 55, 57, 59, 60, 62, 64, 66, 68, 75, 76, 78, 80, 82, 84, 86, 88, 90, 92, 94, 96, 98, 108, 109, 112, 113, 114, 115, 116, 117, 118, 119, 120, 121, 122, 124, 126, 128, 130, 131, 133, 134, 136, 137, 139, 140, 142, 144, 145, 146, 148, 150, 152, 154, 156, 158, 159, 161, 162, 164, 166, 167, 169, 171, 172, 174, 176], "excluded_lines": []}, "app/organizations/domain/models/organization.py": {"executed_lines": [], "summary": {"covered_lines": 0, "num_statements": 80, "percent_covered": 0.0, "percent_covered_display": "0", "missing_lines": 80, "excluded_lines": 0}, "missing_lines": [5, 6, 7, 8, 10, 13, 14, 17, 18, 19, 20, 21, 22, 23, 24, 25, 26, 27, 28, 30, 32, 34, 36, 37, 39, 40, 42, 43, 45, 46, 48, 49, 51, 52, 54, 55, 57, 59, 60, 62, 64, 65, 67, 68, 70, 71, 73, 75, 76, 78, 79, 81, 83, 84, 86, 87, 89, 91, 93, 94, 95, 96, 98, 99, 101, 103, 104, 106, 107, 109, 111, 112, 114, 115, 117, 119, 121, 123, 125, 127], "excluded_lines": []}, "app/organizations/domain/services/__init__.py": {"executed_lines": [], "summary": {"covered_lines": 0, "num_statements": 2, "percent_covered": 0.0, "percent_covered_display": "0", "missing_lines": 2, "excluded_lines": 0}, "missing_lines": [3, 5], "excluded_lines": []}, "app/organizations/domain/services/membership_service.py": {"executed_lines": [], "summary": {"covered_lines": 0, "num_statements": 85, "percent_covered": 0.0, "percent_covered_display": "0", "missing_lines": 85, "excluded_lines": 0}, "missing_lines": [5, 6, 7, 8, 9, 11, 12, 15, 18, 19, 28, 29, 30, 33, 34, 37, 38, 39, 41, 42, 44, 45, 53, 54, 57, 58, 61, 62, 63, 65, 66, 68, 69, 76, 77, 80, 81, 82, 84, 85, 87, 88, 90, 92, 93, 95, 97, 98, 104, 105, 106, 108, 110, 111, 113, 114, 116, 129, 131, 132, 134, 138, 139, 140, 141, 143, 144, 146, 148, 149, 151, 158, 159, 161, 162, 163, 164, 166, 167, 172, 173, 175, 176, 177, 179], "excluded_lines": []}, "app/organizations/infrastructure/__init__.py": {"executed_lines": [], "summary": {"covered_lines": 0, "num_statements": 0, "percent_covered": 100.0, "percent_covered_display": "100", "missing_lines": 0, "excluded_lines": 0}, "missing_lines": [], "excluded_lines": []}, "app/organizations/infrastructure/repositories/__init__.py": {"executed_lines": [], "summary": {"covered_lines": 0, "num_statements": 2, "percent_covered": 0.0, "percent_covered_display": "0", "missing_lines": 2, "excluded_lines": 0}, "missing_lines": [3, 5], "excluded_lines": []}, "app/organizations/infrastructure/repositories/organization_repository.py": {"executed_lines": [], "summary": {"covered_lines": 0, "num_statements": 99, "percent_covered": 0.0, "percent_covered_display": "0", "missing_lines": 99, "excluded_lines": 0}, "missing_lines": [5, 6, 7, 9, 10, 12, 18, 19, 20, 23, 26, 27, 29, 31, 35, 36, 38, 40, 42, 46, 47, 49, 51, 54, 58, 60, 61, 62, 63, 64, 65, 66, 67, 68, 69, 71, 72, 73, 76, 91, 92, 93, 95, 97, 99, 103, 104, 106, 107, 109, 111, 118, 119, 121, 130, 132, 142, 143, 145, 147, 158, 159, 161, 163, 171, 173, 175, 188, 189, 190, 199, 203, 205, 207, 211, 213, 215, 217, 219, 228, 229, 231, 233, 235, 249, 250, 251, 253, 255, 257, 267, 268, 269, 270, 272, 274, 276, 291, 293], "excluded_lines": []}, "app/organizations/interfaces/__init__.py": {"executed_lines": [], "summary": {"covered_lines": 0, "num_statements": 0, "percent_covered": 100.0, "percent_covered_display": "100", "missing_lines": 0, "excluded_lines": 0}, "missing_lines": [], "excluded_lines": []}, "app/organizations/interfaces/rest/__init__.py": {"executed_lines": [], "summary": {"covered_lines": 0, "num_statements": 0, "percent_covered": 100.0, "percent_covered_display": "100", "missing_lines": 0, "excluded_lines": 0}, "missing_lines": [], "excluded_lines": []}, "app/organizations/interfaces/rest/dto/__init__.py": {"executed_lines": [], "summary": {"covered_lines": 0, "num_statements": 2, "percent_covered": 0.0, "percent_covered_display": "0", "missing_lines": 2, "excluded_lines": 0}, "missing_lines": [3, 4], "excluded_lines": []}, "app/organizations/interfaces/rest/dto/requests.py": {"executed_lines": [], "summary": {"covered_lines": 0, "num_statements": 49, "percent_covered": 0.0, "percent_covered_display": "0", "missing_lines": 49, "excluded_lines": 0}, "missing_lines": [5, 6, 8, 11, 14, 15, 16, 17, 19, 20, 22, 24, 25, 35, 38, 39, 40, 41, 42, 44, 45, 56, 59, 60, 61, 62, 64, 65, 67, 68, 69, 70, 71, 73, 74, 84, 87, 89, 90, 97, 100, 102, 103, 110, 113, 114,
[...]
0], "excluded_lines": []}, "app/services/invitation_service.py": {"executed_lines": [], "summary": {"covered_lines": 0, "num_statements": 125, "percent_covered": 0.0, "percent_covered_display": "0", "missing_lines": 125, "excluded_lines": 0}, "missing_lines": [5, 6, 7, 8, 9, 10, 12, 13, 15, 19, 20, 21, 22, 23, 24, 25, 28, 33, 34, 35, 36, 37, 39, 49, 56, 57, 60, 67, 68, 71, 79, 80, 83, 84, 85, 93, 98, 109, 110, 111, 114, 117, 129, 143, 145, 158, 159, 161, 162, 163, 171, 177, 179, 180, 185, 192, 202, 206, 207, 209, 210, 211, 213, 216, 217, 224, 225, 226, 227, 230, 231, 234, 240, 243, 244, 250, 253, 254, 255, 257, 260, 263, 273, 282, 290, 294, 295, 297, 298, 301, 302, 304, 307, 317, 319, 327, 331, 332, 334, 335, 338, 343, 346, 357, 371, 373, 382, 384, 387, 389, 426, 442, 450, 451, 453, 455, 457, 459, 468, 475, 479, 486, 487, 489, 491], "excluded_lines": []}, "app/services/jwt_service.py": {"executed_lines": [1, 5, 6, 7, 8, 10, 11, 12, 13, 14, 16, 17, 18, 21, 24, 25, 29, 30, 31, 32, 33, 34, 36, 37, 40, 42, 43, 48, 49, 51, 53, 60, 84, 125, 132, 133, 135, 136, 138, 148, 149, 152, 155, 165, 167, 174, 175, 177, 178, 180, 190, 193, 196, 206, 208, 288, 297, 299, 326, 327, 328, 330, 358, 366, 373, 375, 377, 381, 407, 412, 413, 415, 452, 457, 465, 466, 488, 490, 491, 503], "summary": {"covered_lines": 78, "num_statements": 161, "percent_covered": 48.4472049689441, "percent_covered_display": "48", "missing_lines": 83, "excluded_lines": 0}, "missing_lines": [46, 58, 65, 76, 77, 78, 79, 82, 89, 96, 102, 108, 111, 119, 120, 121, 123, 191, 219, 220, 223, 224, 238, 239, 242, 254, 261, 269, 275, 281, 309, 310, 313, 314, 315, 316, 317, 320, 321, 322, 324, 335, 338, 339, 341, 342, 345, 352, 360, 368, 369, 370, 371, 379, 383, 384, 393, 394, 397, 398, 400, 402, 403, 404, 405, 420, 430, 431, 432, 433, 434, 441, 450, 468, 474, 477, 486, 495, 498, 501, 508, 511, 523], "excluded_lines": []}, "app/services/migration_service.py": {"executed_lines": [2, 3, 4, 5, 7, 9, 10, 12, 13, 20, 36, 44, 49, 53, 57, 61, 65, 74, 87], "summary": {"covered_lines": 18, "num_statements": 30, "percent_covered": 60.0, "percent_covered_display": "60", "missing_lines": 12, "excluded_lines": 0}, "missing_lines": [27, 30, 38, 46, 47, 51, 55, 59, 63, 72, 81, 93], "excluded_lines": []}, "app/services/monitoring.py": {"executed_lines": [1, 5, 6, 7, 8, 9, 10, 11, 12, 14, 15, 16, 18, 21, 22, 23, 24, 25, 26, 29, 30, 31, 32, 33, 34, 37, 38, 42, 43, 44, 45, 46, 47, 48, 50, 55, 69, 83, 97, 111, 139, 148, 160, 186, 235, 263, 270, 271, 275, 276, 277, 278, 279, 280, 282, 286, 296, 311, 360, 367, 368, 372, 373, 374, 375, 376, 377, 378, 379, 381, 387, 392, 398, 443, 463, 493, 513, 556, 564, 589, 596, 597, 601, 602, 603, 604, 606, 610, 643, 650, 651, 656, 657, 658, 659, 660, 661, 663, 676, 689, 698, 702, 706, 708, 714, 716, 722, 723, 727, 729, 730, 731, 733, 735, 738, 739, 740, 745, 746, 747, 752, 753, 754, 759, 761, 770], "summary": {"covered_lines": 118, "num_statements": 339, "percent_covered": 34.80825958702065, "percent_covered_display": "35", "missing_lines": 221, "excluded_lines": 0}, "missing_lines": [52, 53, 62, 76, 90, 104, 119, 121, 122, 123, 124, 125, 126, 127, 128, 129, 130, 131, 132, 135, 136, 137, 142, 143, 144, 145, 146, 150, 151, 153, 154, 155, 156, 158, 169, 171, 172, 180, 183, 184, 189, 190, 192, 193, 195, 197, 198, 201, 202, 203, 205, 206, 207, 209, 211, 212, 213, 218, 219, 224, 227, 228, 230, 231, 233, 241, 248, 249, 250, 256, 257, 260, 261, 265, 266, 267, 284, 288, 294, 303, 309, 314, 320, 321, 322, 323, 324, 326, 333, 340, 341, 344, 345, 347, 348, 349, 355, 356, 358, 362, 363, 364, 383, 384, 385, 389, 390, 395, 396, 400, 446, 447, 449, 455, 456, 458, 460, 461, 470, 473, 475, 476, 478, 480, 481, 482, 483, 484, 485, 486, 490, 491, 501, 503, 504, 505, 506, 509, 510, 511, 520, 523, 524, 525, 526, 529, 539, 540, 543, 549, 552, 554, 560, 561, 562, 568, 569, 570, 571, 576, 581, 582, 585, 587, 591, 592, 593, 608, 613, 615, 616, 619, 620, 621, 622, 625, 626, 627, 630, 631, 632, 635, 636, 637, 638, 640, 641, 645, 646, 647, 665, 666, 668, 669, 670, 671, 672, 674, 678, 679, 681, 682, 683, 684, 685, 687, 691, 692, 693, 694, 695, 696, 700, 704, 725, 741, 742, 748, 749, 755, 756], "excluded_lines": []}, "app/services/oauth.py": {"executed_lines": [1, 5, 6, 7, 8, 9, 10, 12, 13, 15, 16, 17, 19, 22, 23, 26, 54, 55, 75, 76, 80, 81, 118, 119, 158, 159, 206, 207, 257, 258, 343, 344], "summary": {"covered_lines": 30, "num_statements": 164, "percent_covered": 18.29268292682927, "percent_covered_display": "18", "missing_lines": 134, "excluded_lines": 0}, "missing_lines": [57, 58, 60, 63, 64, 66, 67, 68, 70, 71, 73, 78, 89, 90, 91, 94, 95, 96, 99, 108, 109, 110, 111, 112, 115, 116, 126, 127, 128, 131, 139, 141, 142, 143, 149, 150, 151, 153, 154, 155, 156, 165, 166, 167, 169, 171, 172, 174, 179, 180, 181, 183, 186, 187, 192, 193, 195, 196, 197, 198, 200, 202, 203, 204, 213, 225, 226, 227, 228, 229, 230, 231, 232, 234, 235, 236, 237, 238, 239, 241, 242, 243, 244, 245, 247, 248, 249, 250, 251, 252, 253, 255, 267, 274, 276, 277, 278, 279, 282, 283, 285, 288, 289, 290, 296, 297, 298, 306, 307, 308, 311, 324, 327, 328, 329, 330, 331, 332, 335, 336, 337, 339, 341, 354, 355, 356, 357, 360, 361, 362, 363, 366, 369, 373], "excluded_lines": []}, "app/services/optimized_auth.py": {"executed_lines": [], "summary": {"covered_lines": 0, "num_statements": 137, "percent_covered": 0.0, "percent_covered_display": "0", "missing_lines": 137, "excluded_lines": 0}, "missing_lines": [6, 7, 8, 9, 10, 12, 13, 14, 16, 17, 18, 20, 22, 25, 26, 27, 29, 31, 41, 42, 44, 46, 55, 57, 58, 59, 61, 63, 74, 75, 77, 78, 89, 91, 92, 98, 100, 102, 104, 105, 106, 109, 110, 111, 113, 114, 115, 118, 119, 120, 122, 123, 125, 127, 128, 129, 130, 132, 133, 141, 143, 148, 153, 154, 160, 170, 171, 174, 181, 188, 195, 196, 201, 202, 204, 205, 206, 208, 209, 210, 213, 214, 215, 218, 222, 224, 225, 226, 228, 229, 231, 233, 238, 241, 243, 244, 246, 247, 253, 254, 256, 257, 258, 260, 261, 262, 263, 265, 268, 273, 275, 277, 278, 279, 280, 282, 283, 285, 288, 290, 302, 305, 307, 308, 310, 312, 313, 314, 315, 318, 321, 322, 324, 329, 330, 332, 333], "excluded_lines": []}, "app/services/organization_member_service.py": {"executed_lines": [1, 5, 6, 7, 8, 9, 10, 11, 12, 14, 15, 16, 19, 20, 25, 30, 77, 133, 202, 264, 344, 376], "summary": {"covered_lines": 20, "num_statements": 127, "percent_covered": 15.748031496062993, "percent_covered_display": "16", "missing_lines": 107, "excluded_lines": 0}, "missing_lines": [26, 27, 28, 40, 47, 48, 54, 65, 66, 67, 70, 73, 75, 84, 91, 92, 98, 99, 107, 108, 114, 115, 116, 118, 119, 120, 125, 128, 131, 141, 149, 150, 155, 158, 159, 167, 168, 174, 175, 177, 178, 179, 186, 187, 190, 191, 194, 200, 212, 220, 221, 227, 230, 242, 243, 244, 247, 260, 262, 271, 273, 274, 275, 279, 283, 284, 290, 291, 297, 298, 304, 306, 317, 320, 321, 322, 324, 325, 328, 329, 332, 333, 335, 337, 338, 339, 351, 352, 354, 355, 358, 362, 363, 365, 368, 374, 384, 393, 394, 396, 397, 399, 407, 408, 410, 413, 416], "excluded_lines": []}, "app/services/policy_engine.py": {"executed_lines": [], "summary": {"covered_lines": 0, "num_statements": 163, "percent_covered": 0.0, "percent_covered_display": "0", "missing_lines": 163, "excluded_lines": 0}, "missing_lines": [5, 6, 7, 8, 9, 10, 11, 13, 14, 16, 20, 21, 24, 29, 30, 31, 32, 34, 42, 45, 46, 47, 48, 49, 52, 60, 61, 62, 64, 65, 66, 68, 69, 71, 76, 77, 79, 81, 82, 83, 84, 85, 88, 91, 99, 106, 107, 113, 115, 126, 129, 132, 142, 143, 144, 147, 149, 150, 158, 167, 176, 177, 178, 181, 184, 192, 194, 196, 205, 206, 207, 210, 211, 212, 215, 216, 220, 221, 224, 225, 229, 230, 232, 234, 242, 243, 245, 246, 247, 249, 251, 252, 253, 254, 255, 257, 259, 260, 261, 263, 265, 266, 267, 269, 271, 281, 282, 285, 286, 287, 288, 289, 290, 291, 292, 293, 294, 295, 297, 299, 300, 303, 304, 305, 306, 307, 308, 309, 310, 311, 312, 313, 315, 317, 322, 323, 325, 327, 333, 334, 336, 338, 340, 348, 349, 350, 352, 354, 363, 375, 376, 379, 392, 399, 401, 402, 406, 410, 411, 412, 415, 416, 418], "excluded_lines": []}, "app/services/rbac_service.py": {"executed_lines": [1, 5, 6, 7, 8, 9, 10, 11, 12, 14, 17, 18, 19, 20, 21, 22, 23, 24, 25, 27, 28, 29, 30, 31, 32, 33, 34, 37, 38, 43, 52, 81, 86, 90, 94, 142, 167, 177, 192, 215, 248, 264, 294, 325, 361, 384, 391, 423], "summary": {"covered_lines": 44, "num_statements": 162, "percent_covered": 27.160493827160494, "percent_covered_display": "27", "missing_lines": 118, "excluded_lines": 0}, "missing_lines": [82, 83, 84, 88, 92, 107, 108, 110, 111, 114, 116, 117, 118, 121, 124, 125, 134, 140, 149, 150, 151, 153, 154, 157, 165, 169, 171, 172, 173, 175, 180, 181, 184, 186, 187, 188, 190, 201, 209, 210, 211, 213, 223, 226, 227, 228, 231, 232, 233, 236, 237, 238, 241, 242, 243, 244, 246, 250, 252, 253, 254, 255, 257, 258, 259, 260, 262, 270, 272, 273, 276, 279, 280, 287, 288, 289, 290, 292, 303, 313, 314, 315, 318, 321, 323, 332, 336, 337, 343, 344, 345, 347, 348, 350, 351, 354, 357, 359, 363, 367, 368, 373, 374, 376, 379, 382, 386, 387, 388, 389, 400, 408, 410, 418, 430, 432, 433, 439], "excluded_lines": []}, "app/services/risk_assessment_service.py": {"executed_lines": [], "summary": {"covered_lines": 0, "num_statements": 333, "percent_covered": 0.0, "percent_covered_display": "0", "missing_lines": 333, "excluded_lines": 0}, "missing_lines": [5, 6, 7, 8, 9, 10, 11, 12, 13, 14, 15, 16, 17, 18, 20, 21, 22, 23, 24, 26, 28, 29, 30, 35, 36, 37, 38, 39, 40, 41, 42, 43, 44, 45, 46, 47, 48, 49, 51, 54, 57, 58, 59, 60, 61, 63, 65, 68, 69, 70, 72, 74, 75, 79, 80, 82, 97, 99, 100, 101, 102, 103, 106, 114, 123, 126, 131, 135, 140, 158, 159, 161, 172, 173, 175, 183, 190, 192, 193, 195, 197, 198, 201, 202, 203, 204, 207, 210, 211, 214, 215, 216, 217, 218, 219, 220, 221, 223, 224, 225, 227, 229, 236, 237, 239, 241, 243, 248, 250, 252, 255, 261, 264, 265, 268, 269, 272, 273, 275, 276, 277, 279, 281, 289, 290, 292, 294, 296, 301, 303, 305, 308, 309, 311, 312, 313, 314, 316, 317, 318, 319, 322, 323, 324, 325, 328, 329, 330, 331, 332, 334, 335, 336, 338, 340, 346, 348, 350, 351, 354, 355, 356, 357, 358, 361, 362, 364, 365, 366, 368, 370, 377, 379, 381, 382, 391, 393, 394, 400, 403, 404, 407, 409, 410, 419, 421, 422, 424, 425, 427, 429, 431, 432, 433, 434, 435, 436, 438, 440, 448, 450, 455, 457, 459, 460, 463, 468, 471, 472, 473, 474, 475, 476, 478, 480, 481, 482, 484, 492, 494, 495, 496, 497, 498, 499, 501, 502, 503, 507, 508, 511, 513, 514, 516, 518, 527, 529, 530, 532, 533, 535, 536, 538, 539, 542, 543, 546, 547, 548, 549, 551, 552, 554, 557, 559, 565, 568, 570, 573, 575, 578, 580, 583, 585, 588, 590, 593, 595, 603, 605, 613, 615, 622, 623, 625, 633, 635, 642, 643, 651, 653, 661, 663, 665, 668, 669, 670, 671, 673, 680, 682, 690, 692, 699, 701, 710, 712, 715, 717, 725, 726, 727, 729, 731, 732, 733, 734, 736, 738, 746, 747, 748, 752, 753, 758, 759, 760, 762, 768, 769, 771, 772, 773, 774, 775, 776, 777, 778, 779, 780, 782, 783, 785], "excluded_lines": []}, "app/services/sso_service.py": {"executed_lines": [1, 5, 6, 7, 8, 9, 10, 12, 13, 14, 15, 16, 17, 18, 23, 24, 25, 26, 27, 28, 29, 30, 31, 33, 34, 35, 37, 38, 39, 40, 41, 42, 43, 44, 45, 46, 49, 50, 52, 69, 112, 140, 164, 232, 299, 344, 435, 486, 497, 505, 513, 535, 556, 587, 613, 645, 650, 656, 661, 677, 699, 709, 721, 728, 735, 739, 746, 754, 762, 770, 778, 787, 794, 801, 808, 815, 823, 836, 843, 850, 860, 875, 884, 892, 902, 913, 922, 926], "summary": {"covered_lines": 86, "num_statements": 365, "percent_covered": 23.561643835616437, "percent_covered_display": "24", "missing_lines": 279, "excluded_lines": 0}, "missing_lines": [19, 20, 21, 22, 36, 53, 54, 55, 56, 59, 60, 61, 62, 78, 81, 82, 84, 85, 89, 92, 93, 94, 95, 97, 100, 101, 102, 103, 104, 105, 107, 108, 110, 116, 117, 118, 120, 121, 122, 123, 124, 125, 128, 129, 130, 131, 134, 137, 138, 143, 144, 145, 148, 149, 150, 151, 152, 153, 154, 157, 158, 159, 160, 162, 173, 175, 176, 178, 179, 180, 183, 184, 186, 187, 188, 191, 192, 193, 195, 198, 201, 202, 203, 214, 215, 217, 219, 240, 241, 242, 244, 247, 250, 251, 253, 255, 256, 257, 260, 261, 262, 265, 268, 276, 284, 285, 288, 291, 293, 307, 308, 309, 312, 313, 316, 328, 337, 339, 352, 353, 354, 356, 357, 360, 363, 364, 375, 376, 378, 381, 388, 389, 390, 391, 395, 396, 399, 402, 405, 413, 420, 421, 424, 427, 429, 445, 446, 447, 449, 451, 463, 467, 469, 470, 471, 472, 473, 474, 476, 479, 481, 482, 484, 489, 494, 495, 500, 501, 502, 503, 508, 509, 510, 511, 517, 520, 522, 523, 524, 525, 528, 538, 563, 566, 573, 575, 576, 577, 579, 580, 581, 582, 583, 585, 594, 597, 605, 607, 608, 609, 611, 624, 627, 630, 631, 633, 634, 636, 637, 640, 641, 643, 648, 653, 659, 663, 669, 675, 679, 682, 684, 685, 686, 688, 690, 692, 702, 712, 713, 714, 715, 716, 717, 718, 719, 723, 724, 725, 726, 730, 731, 732, 733, 737, 741, 742, 744, 748, 756, 764, 772, 780, 781, 789, 796, 803, 810, 817, 825, 838, 839, 840, 841, 845, 853, 862, 863, 864, 865, 867, 877, 886, 894, 895, 904, 905, 915, 924, 928], "excluded_lines": []}, "app/services/sso_service_legacy.py": {"executed_lines": [], "summary": {"covered_lines": 0, "num_statements": 70, "percent_covered": 0.0, "percent_covered_display": "0", "missing_lines": 70, "excluded_lines": 0}, "missing_lines": [8, 9, 11, 12, 13, 14, 15, 16, 17, 20, 28, 29, 30, 31, 32, 35, 36, 37, 38, 45, 47, 50, 51, 52, 53, 54, 56, 65, 67, 75, 78, 80, 81, 82, 83, 84, 86, 93, 100, 102, 107, 112, 120, 122, 129, 138, 140, 145, 146, 147, 149, 155, 158, 160, 163, 165, 168, 170, 173, 175, 178, 180, 183, 184, 186, 189, 191, 194, 196, 199], "excluded_lines": []}, "app/services/storage.py": {"executed_lines": [], "summary": {"covered_lines": 0, "num_statements": 198, "percent_covered": 0.0, "percent_covered_display": "0", "missing_lines": 198, "excluded_lines": 0}, "missing_lines": [5, 6, 7, 8, 9, 10, 11, 13, 16, 17, 18, 19, 21, 22, 23, 24, 26, 27, 28, 30, 32, 33, 34, 36, 37, 38, 39, 40, 42, 45, 50, 51, 52, 54, 55, 61, 64, 65, 67, 69, 74, 75, 77, 92, 94, 95, 97, 98, 100, 103, 104, 107, 110, 111, 113, 114, 121, 127, 139, 140, 141, 143, 151, 153, 154, 157, 167, 168, 171, 173, 175, 176, 177, 179, 186, 188, 191, 194, 195, 198, 200, 201, 202, 204, 206, 207, 208, 210, 211, 212, 213, 215, 217, 218, 222, 223, 224, 225, 227, 229, 230, 231, 232, 233, 234, 235, 236, 238, 240, 241, 242, 244, 245, 246, 247, 249, 251, 252, 256, 257, 258, 259, 261, 263, 264, 265, 266, 268, 269, 270, 271, 272, 274, 280, 281, 283, 284, 292, 293, 294, 295, 297, 304, 314, 315, 316, 319, 320, 321, 324, 325, 326, 328, 330, 331, 333, 335, 337, 338, 340, 348, 349, 350, 353, 356, 357, 358, 359, 362, 365, 366, 367, 369, 371, 372, 374, 378, 381, 384, 385, 392, 394, 395, 398, 399, 402, 410, 422, 424, 425, 426, 428, 429, 431, 432, 433, 434, 435], "excluded_lines": []}, "app/services/webhook_enhanced.py": {"executed_lines": [], "summary": {"covered_lines": 0, "num_statements": 193, "percent_covered": 0.0, "percent_covered_display": "0", "missing_lines": 193, "excluded_lines": 0}, "missing_lines": [5, 6, 7, 8, 9, 10, 11, 12, 13, 14, 15, 16, 18, 19, 20, 21, 24, 27, 29, 30, 31, 32, 33, 34, 37, 43, 44, 45, 48, 49, 51, 52, 53, 54, 55, 56, 57, 58, 59, 61, 66, 69, 70, 71, 74, 75, 78, 79, 81, 86, 87, 90, 93, 94, 96, 108, 116, 117, 120, 128, 129, 130, 133, 134, 142, 143, 144, 147, 154, 165, 169, 170, 172, 173, 174, 175, 178, 184, 186, 187, 189, 191, 192, 193, 194, 195, 197, 201, 202, 204, 207, 214, 216, 220, 224, 226, 232, 233, 234, 235, 236, 238, 242, 243, 245, 248, 250, 257, 258, 259, 264, 265, 266, 267, 268, 270, 279, 281, 282, 283, 284, 287, 295, 301, 310, 311, 314, 322, 324, 325, 326, 327, 328, 329, 331, 332, 335, 336, 337, 340, 342, 345, 347, 349, 350, 352, 354, 355, 356, 358, 359, 361, 363, 364, 365, 367, 368, 370, 380, 381, 384, 385, 386, 389, 390, 391, 393, 395, 404, 405, 406, 409, 424, 426, 430, 436, 440, 444, 445, 448, 452, 456, 457, 460, 461, 462, 464, 470, 472, 477, 479, 490, 498], "excluded_lines": []}, "app/services/webhooks.py": {"executed_lines": [1, 5, 6, 7, 8, 9, 10, 11, 12, 13, 14, 15, 16, 18, 19, 21, 24, 25, 27, 28, 29, 30, 31, 32, 35, 36, 37, 40, 41, 42, 43, 44, 45, 48, 49, 50, 51, 52, 53, 54, 57, 58, 61, 62, 65, 66, 67, 68, 69, 70, 71, 72, 75, 76, 78, 79, 80, 81, 83, 143, 162, 179, 244, 252, 262, 296, 335, 356, 396, 426, 453, 454, 459, 460, 465, 466, 473, 477, 492, 507], "summary": {"covered_lines": 76, "num_statements": 195, "percent_covered": 38.97435897435897, "percent_covered_display": "39", "missing_lines": 119, "excluded_lines": 0}, "missing_lines": [101, 103, 109, 110, 113, 119, 120, 121, 124, 134, 138, 140, 141, 150, 155, 156, 160, 164, 165, 166, 167, 168, 169, 170, 171, 172, 173, 174, 175, 177, 188, 193, 195, 196, 198, 210, 211, 214, 221, 222, 223, 225, 226, 227, 228, 230, 233, 234, 236, 237, 238, 239, 240, 242, 246, 259, 260, 274, 278, 288, 289, 290, 292, 294, 308, 312, 313, 315, 316, 317, 318, 319, 320, 321, 322, 323, 324, 326, 328, 329, 331, 333, 342, 346, 347, 349, 350, 352, 354, 364, 366, 371, 372, 373, 376, 377, 378, 379, 380, 382, 387, 403, 407, 408, 411, 417, 424, 433, 436, 441, 445, 447, 451, 457, 463, 469, 484, 499, 514], "excluded_lines": []}, "app/services/websocket_manager.py": {"executed_lines": [], "summary": {"covered_lines": 0, "num_statements": 213, "percent_covered": 0.0, "percent_covered_display": "0", "missing_lines": 213, "excluded_lines": 0}, "missing_lines": [5, 6, 7, 8, 9, 10, 12, 13, 16, 18, 19, 20, 21, 22, 23, 24, 25, 26, 27, 28, 29, 30, 31, 32, 35, 40, 42, 45, 48, 51, 54, 57, 60, 62, 71, 74, 75, 78, 88, 89, 90, 91, 92, 95, 105, 106, 107, 109, 111, 115, 116, 118, 121, 122, 123, 124, 125, 126, 129, 130, 131, 132, 134, 135, 136, 137, 140, 141, 142, 143, 146, 148, 157, 158, 161, 162, 164, 165, 172, 175, 176, 179, 180, 181, 184, 185, 186, 187, 190, 191, 192, 195, 204, 206, 215, 216, 218, 221, 222, 228, 231, 232, 233, 234, 235, 237, 238, 239, 240, 241, 244, 250, 253, 262, 264, 273, 274, 276, 279, 280, 281, 282, 284, 285, 286, 287, 290, 299, 301, 305, 306, 308, 309, 310, 311, 312, 313, 315, 319, 320, 322, 323, 325, 334, 335, 337, 338, 339, 341, 350, 351, 353, 354, 355, 357, 365, 366, 367, 369, 378, 379, 381, 383, 384, 385, 387, 389, 390, 391, 392, 394, 396, 397, 398, 399, 401, 403, 405, 407, 411, 412, 416, 421, 433, 434, 435, 439, 442, 443, 456, 460, 461, 462, 464, 466, 467, 470, 471, 472, 473, 476, 481, 482, 483, 485, 489, 490, 492, 493, 502, 506, 511, 525], "excluded_lines": []}, "app/sso/__init__.py": {"executed_lines": [], "summary": {"covered_lines": 0, "num_statements": 6, "percent_covered": 0.0, "percent_covered_display": "0", "missing_lines": 6, "excluded_lines": 0}, "missing_lines": [5, 6, 7, 8, 9, 11], "excluded_lines": []}, "app/users/__init__.py": {"executed_lines": [], "summary": {"covered_lines": 0, "num_statements": 0, "percent_covered": 100.0, "percent_covered_display": "100", "missing_lines": 0, "excluded_lines": 0}, "missing_lines": [], "excluded_lines": []}, "app/users/router.py": {"executed_lines": [], "summary": {"covered_lines": 0, "num_statements": 148, "percent_covered": 0.0, "percent_covered_display": "0", "missing_lines": 148, "excluded_lines": 0}, "missing_lines": [5, 6, 7, 9, 10, 11, 12, 13, 14, 16, 17, 18, 19, 20, 22, 23, 24, 28, 29, 30, 33, 34, 35, 38, 39, 40, 41, 42, 43, 44, 45, 46, 47, 50, 51, 52, 53, 54, 55, 56, 57, 61, 67, 68, 69, 75, 76, 77, 82, 85, 86, 90, 103, 104, 110, 112, 113, 115, 116, 118, 121, 122, 125, 136, 138, 150, 151, 152, 158, 159, 165, 167, 168, 174, 175, 176, 182, 183, 185, 188, 199, 201, 203, 204, 205, 206, 207, 213, 214, 219, 221, 227, 231, 233, 234, 235, 245, 247, 248, 249, 255, 256, 262, 263, 266, 267, 268, 274, 276, 277, 282, 284, 286, 287, 291, 292, 293, 294, 295, 301, 302, 307, 309, 314, 317, 318, 319, 320, 321, 324, 332, 334, 339, 340, 341, 347, 348, 353, 355, 356, 359, 371, 379, 381, 383, 385, 386, 387], "excluded_lines": []}}, "totals": {"covered_lines": 4612, "num_statements": 21351, "percent_covered": 21.600861786333194, "percent_covered_display": "22", "missing_lines": 16739, "excluded_lines": 83}}